# Day0

2016-10-28 07:06:08 < mkidyt > Hello, 測試中
2016-10-28 07:06:29 < mkidyt > Hello, 測試part 2
2016-10-28 07:44:54 < tpai > （探頭
2016-10-28 07:52:05 < hisa10 > hello
2016-10-28 08:20:19 < WanJen > Hi Hi
2016-10-28 14:20:47 < loveu8 > Hi Hi
2016-10-28 16:02:54 < derekhsu > Hello
2016-10-28 16:11:23 < shihhung > Hi
2016-10-28 16:22:54 < hashman > 大家 MOPCON 明天見！！！
2016-10-28 17:41:26 < NightFeather > 跟剛剛在貝殼窩遇到的朋友打個招呼 XDDDD
2016-10-28 19:08:30 < hisa10 > 到了機場

# Day1

2016-10-29 01:07:05 < mTwTm > 偷偷問有沒有今年FB在大中華區大動作徵行動人才的八卦
2016-10-29 01:08:01 < NightFeather >  ' A')
2016-10-29 01:08:24 < derekhsu > 這裡這麼多人，都沒人發言喔
2016-10-29 01:09:07 < turtlenosleep > 還沒有開始嘛~
2016-10-29 01:11:13 < TripleC > HIHI
2016-10-29 01:11:49 < savemuse > 安安
2016-10-29 01:12:25 < qoo23502004 > Hello
2016-10-29 01:13:13 < mTwTm > 2 mins
2016-10-29 01:14:28 < Kane-Shih > .
2016-10-29 01:17:31 < ghostwolf90 > Hello~高雄好熱
2016-10-29 01:17:57 < codingXiang > 充分感受到高雄的熱情啊
2016-10-29 01:18:10 < hisa10 > 還沒到高雄
2016-10-29 01:18:57 < Kane-Shih > 09:15?
2016-10-29 01:19:34 < liscott327 > Hello
2016-10-29 01:21:02 < laysdra7265 > 嗨嗨嗨~app沒辦法加入房間唉
2016-10-29 01:21:13 < laysdra7265 > 網頁才能上
2016-10-29 01:22:18 < Kane-Shih > 先從網頁進來後，app就可以了 XD
2016-10-29 01:22:31 < laysdra7265 > 剛剛才發現，bug？xd
2016-10-29 01:24:16 < sudoliyang > 請問 R1 講聽內有禁止飲食嗎？
2016-10-29 01:25:17 < NightFeather > app 似乎沒辦法 join 房間
2016-10-29 01:25:33 < s9553992003 > R1沒禁止，剛剛問過工作人員
2016-10-29 01:26:01 < NightFeather > 只能進之前 join 過的
2016-10-29 01:26:19 < laysdra7265 > 先從網頁加入房間app就正常了喔
2016-10-29 01:26:41 < sudoliyang > @s9553992003  Thanks 
2016-10-29 01:28:37 < kamiyorukuroe_twitter > 安安
2016-10-29 01:29:44 < derekhsu > 「萬物皆可連，工程師最可憐」
2016-10-29 01:30:43 < NightFeather > 一個工程師一個肝
2016-10-29 01:30:59 < NightFeather > 蓋起連結世界的橋樑
2016-10-29 01:31:04 < NightFeather > (等等
2016-10-29 01:35:07 < LuisHsu > Hi
2016-10-29 01:35:29 < hsinnan > 這次有提供ＷＩＦＩ嗎
2016-10-29 01:35:41 < chnbohwr > 有哦
2016-10-29 01:35:50 < mkidyt > MOPCON2016
2016-10-29 01:36:03 < mkidyt > 以及5G
2016-10-29 01:36:28 < suhantw_twitter > 不用密碼就可以連囉
2016-10-29 01:36:52 < othree > 「不用密碼就可以連，工程師最可憐」
2016-10-29 01:43:29 < GaryChenmoneta_twitter > R2外的工作人員 聊天是否可小聲一點呢？
2016-10-29 01:45:51 < LuisHsu > R2門口音量真的....
2016-10-29 01:46:26 < hsinnan > Ｒ3也聽到
2016-10-29 01:46:43 < oiz5201618 > > <
2016-10-29 01:47:35 < laysdra7265 > 沒想到HackMD也來演講
2016-10-29 01:48:00 < oiz5201618 > >  打字也是mark down
2016-10-29 01:48:02 < chnbohwr > 這此共筆也是用 hackmd ， 還不錯用
2016-10-29 01:49:01 < elvismetaphor > 「贏的人就地合法，輸的人就地正法」 lol
2016-10-29 01:50:25 < mTwTm > 怎麼沒提到Progressive Web App
2016-10-29 01:50:40 < ttps40609 > 問一下喔~會場內有插頭且可聽到演講的地方嗎?
2016-10-29 01:51:05 < Joseph7451797 > PWA 也是有用到 service worker
2016-10-29 01:51:16 < othree >  講台那邊應該有插座吧 #flee
2016-10-29 01:53:41 < LuisHsu > 牆邊好像也沒有插座....
2016-10-29 01:56:21 < turtlenosleep > 充電區應該都在場外~
2016-10-29 01:56:49 < mkidyt > 充電區在三樓喔
2016-10-29 01:57:04 < WanJen > 三樓設有充電區，所有會議廳裡面都是沒有插座的唷。
2016-10-29 01:58:39 < hsinnan > 大會手冊有寫～二三樓場外都有
2016-10-29 01:59:18 < Daisord > 四樓充電區是在大門進去後左轉的地方
2016-10-29 01:59:55 < LuisHsu > Thanks
2016-10-29 02:00:02 < hsinnan > 打錯～三四樓ＸＤ
2016-10-29 02:00:22 < ttps40609 > 謝拉~但還是希望會場內有插頭
2016-10-29 02:03:38 < oiz5201618 > # Thanks
2016-10-29 02:04:49 < oiz5201618 > ```

```
2016-10-29 02:05:35 < workfunction > ****
2016-10-29 02:05:50 < mTwTm > 停在4.4的是Google TV, Android TV從5.0開始
2016-10-29 02:06:09 < mTwTm > GoogleTV甚至可以說是停在二點多 XD
2016-10-29 02:06:54 < Joseph7451797 > 老實說google 出這麼多tv一直搞不清楚，好像還有nexus tv
2016-10-29 02:07:05 < Joseph7451797 > 搞不懂差在哪
2016-10-29 02:07:19 < mTwTm > AndroidTV是要顛覆GoogleTV的失敗的新作
2016-10-29 02:07:35 < mTwTm > Android從5.0開始有一系列非手機裝置的特化
2016-10-29 02:07:47 < mTwTm > Android TV, Anroid Auto(車用裝置)
2016-10-29 02:08:03 < mTwTm > Nexus是AnrdoidTV代表性的機上盒
2016-10-29 02:09:19 < mTwTm > 萬惡Google XD
2016-10-29 02:10:41 < Joseph7451797 > google pixel 定價策略完全跟 apple iphone 看齊啊
2016-10-29 02:11:04 < mTwTm > 真的 超貴
2016-10-29 02:11:28 < LuisHsu > 波卡:路過
2016-10-29 02:11:57 < mTwTm > 咦我聽到了什麼
2016-10-29 02:12:35 < Joseph7451797 > pornhub 好像在開始做 VR A片了
2016-10-29 02:13:24 < qoo23502004 > 太專業我不懂
2016-10-29 02:14:31 < sudoliyang > @Joseph7451797  現在已經上線了 XD
2016-10-29 02:14:59 < lizolni > 有機會拿到投影片連結嗎?
2016-10-29 02:15:01 < laysdra7265 > but explore~XD
2016-10-29 02:15:07 < 0324091 > 最近steam greenlight正在投票 夏日學程 （就是虛擬女友啊XD）VR版本
2016-10-29 02:15:39 < Joseph7451797 > http://hackfoldr.org/mopcon2016/https%253A%252F%252Fhackmd.io%252FCYZgDGDGBmCsYFoCmYAskGoIzSwghugEzIBGYpkqw1YIkQA%253D%253Fboth
2016-10-29 02:16:02 < Joseph7451797 > 共筆幾乎把投影片都記下來啦
2016-10-29 02:17:04 < LuisHsu > 完了生育率下降，人類要絕種了
2016-10-29 02:18:09 < 0324091 > 不用擔心人類有70億 而且巴西印度還在增產（亂認真
2016-10-29 02:19:06 < NightFeather >  不考慮上 VR 彼女嗎 (？
2016-10-29 02:35:04 < JhaoRen > 共筆掛了？
2016-10-29 02:35:13 < mTwTm > R3 hackmd down
2016-10-29 02:35:24 < NoobTW > 503 Service Temporarily Unavailable
2016-10-29 02:35:42 < Daisord > 我看是正常，應該有點塞車
2016-10-29 02:35:45 < whyang9701 > 503 Service Temporarily Unavailable
2016-10-29 02:36:19 < JhaoRen > 503 +1
2016-10-29 02:36:38 < NoobTW > =504? (#
2016-10-29 02:38:18 < Jy-Liu > 503++
2016-10-29 02:38:53 < TripleC > 503
2016-10-29 02:39:25 < turtlenosleep > 好像中華的進不去
2016-10-29 02:39:56 < NoobTW > nginx 在 high traffic 的時候好像會 503
2016-10-29 02:40:06 < derekhsu > 共筆掛了
2016-10-29 02:40:25 < derekhsu > HackMd快把donate的link貼出來
2016-10-29 02:41:04 < mkidyt > https://hackmd.io/MzDsCMBYE4A4CYC00BmkBsjIGMCMATRAQ32EOmwAZ1pQVtZ8BWSoA===?both
2016-10-29 02:41:16 < mTwTm > 掛的感覺不是md本身
2016-10-29 02:41:34 < mTwTm > 喔喔感謝
2016-10-29 02:43:20 < liscott327 > R2右邊那台投影機好晃
2016-10-29 02:43:44 < oiz5201618 > # 聽演講手機靜音或震動是禮貌喔
2016-10-29 02:45:07 < workfunction > > 要放歌也放好聽一點的阿…
2016-10-29 02:45:22 < laysdra7265 > 早就靜音了=w=
2016-10-29 02:46:59 < laysdra7265 > 我覺得kotlin讓我想到了對應javascript的coffee script
2016-10-29 02:48:27 < mTwTm > 現在有嗎?!
2016-10-29 02:49:05 < mTwTm > 不是有一些Java7的都還沒有..像resource try finally
2016-10-29 02:49:36 < mTwTm > 我以為lambda還是要靠retrolambda
2016-10-29 02:50:47 < derekhsu > 覺得kotlin有好多不同語言的樣子
2016-10-29 02:50:58 < mTwTm > 有看到C#的影子 XD
2016-10-29 02:53:34 < derekhsu > 沒有new... Swift?
2016-10-29 02:54:50 < sudoliyang > hackfoldr 修好了？！
2016-10-29 02:55:01 < derekhsu > 剛剛看還是掛的
2016-10-29 02:55:13 < derekhsu > 想不到Mopcon人數這麼多，真是欣慰
2016-10-29 02:55:14 < sudoliyang > 我的可以了
2016-10-29 02:55:29 < laysdra7265 > 我好像還看到python的影子
2016-10-29 02:55:55 < laysdra7265 > 感覺就是讓java柔和了弱類型語言的靈活性…
2016-10-29 02:56:16 < mTwTm > 巨量syntax sugar
2016-10-29 02:56:51 < Inndy > WAF 好像不是必要的吧 XD
2016-10-29 02:56:56 < derekhsu > 這看起來已經不像是Android上的Java了
2016-10-29 02:57:26 < Inndy > 不過 serverless 要怎麼擋 DDoS 和白目燒流量的？
2016-10-29 02:58:19 < NightFeather > breaking change (x) broken change (o)
2016-10-29 02:58:38 < mTwTm > 可以直接轉欸 XD
2016-10-29 02:58:54 < Kane-Shih > Parse的陰影...
2016-10-29 02:59:33 < derekhsu > 感覺轉後可以複製貼上到Swift
2016-10-29 02:59:40 < NightFeather > 之前有聽過 parse 的災情
2016-10-29 02:59:52 < NightFeather > 導致現在 (ry
2016-10-29 03:01:02 < iOSBeginner > 感覺開三個聊天室會比較好
2016-10-29 03:01:12 < mTwTm > 同意 XD
2016-10-29 03:01:37 < Inndy > IRC 的話，大家就可以在自己的 ID 後面加 suffix，知道在講哪一聽
2016-10-29 03:02:04 < mTwTm > 剛剛正在研究要怎麼做到 好像有人這樣做
2016-10-29 03:03:51 < derekhsu > IRC有人了嗎
2016-10-29 03:03:57 < NightFeather > gitter 不知道怎麼 prefix  (之前都用 irc
2016-10-29 03:04:13 < Daisord > https://www.meteor.com/
2016-10-29 03:06:09 < iOSBeginner > 我是覺得官方開三個廳的聊天室就好了
2016-10-29 03:06:31 < iOSBeginner > 反正開不用錢～
2016-10-29 03:06:50 < NightFeather > 人家是隕石不是流星啊 XD
2016-10-29 03:10:54 < Daisord > 目前後一場的共筆先換成 Hackpad 需要重新整理一下頁面才會更新連結 麻煩各位～
2016-10-29 03:16:03 < mTwTm > 兩點決定去聽R3 XD
2016-10-29 03:19:09 < NightFeather > 耶 有桌子了
2016-10-29 03:19:32 < NightFeather > 不過 gitter 沒辦法很快的自訂暱稱有點麻煩 ' -')
2016-10-29 03:20:20 < mTwTm > R3爆炸了
2016-10-29 03:21:13 < NightFeather > 不過 IRC 的 channel 是哪個 ' A')
2016-10-29 03:21:42 < NightFeather > 有種今年超容的感覺
2016-10-29 03:22:07 < mkidyt > https://hackpad.com/-Android--EPHtylSTWdZ
2016-10-29 03:22:27 < mkidyt > R2
https://hackpad.com/VR-AR--5B5J2jlVY7d
2016-10-29 03:22:40 < mkidyt > R1
2016-10-29 03:22:44 < mkidyt > https://hackpad.com/2XwQNrTExsS
2016-10-29 03:24:38 < derekhsu > 剛剛也是講Android就沒有這麼多人
2016-10-29 03:24:50 < mTwTm > Thread大家都會碰到吧 XD
2016-10-29 03:25:06 < mTwTm > Kotlin就有興趣的才會來聽
2016-10-29 03:26:18 < derekhsu > Thread,目前講的還是很基本的，等等看
2016-10-29 03:26:40 < abalone0204 > @Inndy 不好意思剛剛講太多東西超時
後面講超快 XD
Serverless 要擋 spam 的話可以參考這一篇：
https://aws.amazon.com/tw/blogs/security/how-to-configure-rate-based-blacklisting-with-aws-waf-and-aws-lambda/
不過這只是其中一個解法 我後面沒再詳細研究下去
2016-10-29 03:28:00 < wupojung > 感謝分享
2016-10-29 03:29:08 < derekhsu > 感謝分享
2016-10-29 03:29:37 < NightFeather > 好喔 gitter 的 irc 端點有點難接 XDDDD
2016-10-29 03:34:28 < derekhsu > IRC channel我看mopcon都沒人
2016-10-29 03:34:51 < jackycute > 嗨
2016-10-29 03:34:52 < jackycute > 各位好
2016-10-29 03:34:53 < NightFeather >  ' A')
2016-10-29 03:34:56 < jackycute > 我才剛到會場
2016-10-29 03:35:01 < NightFeather > 逆毫
2016-10-29 03:35:05 < jackycute > 不好意思今天 hackmd 人比較多
2016-10-29 03:35:06 < alxtz > Hi
2016-10-29 03:35:07 < mTwTm > XD
2016-10-29 03:35:11 < jackycute > 我等等會重開修理一下
2016-10-29 03:35:16 < mTwTm > 我剛看好像好了？
2016-10-29 03:35:17 < jackycute > 請各位稍等
2016-10-29 03:35:20 < jackycute > 就是人太多而已
2016-10-29 03:35:24 < Daisord > 麻煩你了 OAO
2016-10-29 03:35:34 < mTwTm > 辛苦了！
2016-10-29 03:35:36 < jackycute > 非常抱歉
2016-10-29 03:35:47 < yungshenglu > 辛苦了！
2016-10-29 03:35:51 < jackycute > 大概會下線幾分鐘
2016-10-29 03:37:51 < NightFeather > 是說看到直接用`の` 替換`的` 都有種想叫他換回來的衝動 ( ˊ _>ˋ)
2016-10-29 03:38:41 < mTwTm > 該不會要講Reactive Programming了吧
2016-10-29 03:39:24 < jackycute > HackMD 已經恢復上線了喔
2016-10-29 03:39:37 < jackycute > 這兩天我會陪各位在會場
2016-10-29 03:39:46 < jackycute > 請安心服用 XD
2016-10-29 03:39:51 < NightFeather > XDDD
2016-10-29 03:40:26 < mTwTm > 猜AsyncTask
2016-10-29 03:40:47 < derekhsu > 繞好大圈XD
2016-10-29 03:41:01 < wupojung > 疑...大家都不 筆記了?
2016-10-29 03:41:28 < mTwTm > 就各有優缺啦 AsyncTask就回到有可能有callbackhell的問題了
2016-10-29 03:42:17 < wupojung > 還是 筆記本掛了?
2016-10-29 03:43:04 < jackycute > 可能是掛了喔
2016-10-29 03:43:07 < jackycute > 讓我處理下
2016-10-29 03:43:11 < derekhsu > 太複雜就用EventBus了
2016-10-29 03:43:49 < laysdra7265 > AsyncTask感覺就像是javascript的Promise
2016-10-29 03:44:01 < mTwTm > 沒用過Eventbus欸 希望等等會講
2016-10-29 03:44:33 < derekhsu > Android規定所有的網路通訊都必須在背景執行緒
2016-10-29 03:45:21 < derekhsu > 之前有教把Exception當成傳回值回傳
2016-10-29 03:45:24 < wupojung > 哭...只能看R1  可是內心想看看R3 XDDD
2016-10-29 03:45:27 < mTwTm > Rick：初音只是個軟體
2016-10-29 03:45:35 < NightFeather > *太棒惹*
2016-10-29 03:45:51 < janelin612 > 沒惹
2016-10-29 03:46:17 < chnbohwr > R3 有彩蛋
2016-10-29 03:46:21 < derekhsu > EventBus是一個thirdparty TryTry看
2016-10-29 03:46:34 < laysdra7265 > 遇過才知道，如果在主執行緒發出http請求會扔出例外…
2016-10-29 03:46:37 < mTwTm > XDDDDD 竟然有安可
2016-10-29 03:47:03 < derekhsu > 這太扯啦自訂安可XD
2016-10-29 03:47:48 < mTwTm > 喔喔這好好用
2016-10-29 03:47:56 < mTwTm > Noooooo
2016-10-29 03:48:12 < mTwTm > 竟然是沒有聽過
2016-10-29 03:48:32 < derekhsu > 我剛剛正要說XD
2016-10-29 03:49:08 < derekhsu > RxJava有分Java跟Android版本
2016-10-29 03:49:54 < mTwTm > 最近在新Project中有用，覺得很好用XD
2016-10-29 03:54:09 < derekhsu > 網路
2016-10-29 03:54:16 < wupojung > 那個那個．．．．．
2016-10-29 03:54:36 < wupojung > 偷偷問一下　　會有其他場的　錄影嗎？
2016-10-29 03:54:40 < derekhsu > R3這台太有梗了吧
2016-10-29 03:54:51 < jackycute > 終於找到問題了
2016-10-29 03:55:07 < wupojung > 人太多　塞爆ｈａｃｋｍｄ？
2016-10-29 03:55:10 < mTwTm > 上鎖好難 T^T
2016-10-29 03:55:14 < jackycute > 各位超出我的預期被 ddos rules 防護了
2016-10-29 03:55:22 < jackycute > XDDDD
2016-10-29 03:55:23 < mTwTm > XDDD
2016-10-29 03:55:33 < yungshenglu > XD
2016-10-29 03:55:35 < NightFeather > XDD
2016-10-29 03:56:07 < jackycute > 嚇死我
2016-10-29 03:56:11 < mTwTm > ip based的protection嗎XD?
2016-10-29 03:56:18 < jackycute > nginx 的 rules
2016-10-29 03:56:27 < jackycute > 對
2016-10-29 03:56:41 < mTwTm > R3這本書看過真的不錯 XD
2016-10-29 03:57:10 < NightFeather >  ' A') (沒在摸 JAVA
2016-10-29 03:57:30 < wupojung > 跪求分享...
2016-10-29 03:57:36 < wupojung > 沒有直播看不到
2016-10-29 03:57:58 < wupojung > 病號...只能在家裡 陪大家
2016-10-29 03:58:02 < mTwTm > http://www.books.com.tw/products/0010654720 [廣告注意(?] (R3講者推薦的Java書)
2016-10-29 03:59:45 < wupojung > 感覺這本是好書
2016-10-29 04:00:06 < wupojung > 尷尬了.... 沒有hackpad 的日子不好過
2016-10-29 04:00:43 < jackycute > 可以請有空的朋友，測試一下 hackmd 是否正常嗎？
2016-10-29 04:02:54 < wupojung > 看起來可以
2016-10-29 04:03:09 < oiz5201618 > 用手機瀏覽器看起來沒問題
2016-10-29 04:03:50 < jackycute > 感謝幫忙 :smile: 
2016-10-29 04:03:56 < wupojung > bukeqi 
2016-10-29 04:04:05 < wupojung > 不客氣...大概剩下這個功能而已 T^T
2016-10-29 04:57:52 < NightFeather > 沒事把他丟到 znc 上惹
2016-10-29 05:23:56 < wupojung > 直播掛
2016-10-29 05:23:57 < wupojung > 了
2016-10-29 05:24:01 < wupojung > 又好了QQ
2016-10-29 05:25:52 < derekhsu > 都沒人在看劇讓台上有點尷尬XD
2016-10-29 05:26:24 < wupojung > 哈哈...
2016-10-29 05:26:29 < wupojung > KK 每次都很妙
2016-10-29 05:28:23 < derekhsu > Yahoo現在徵才是不是...
2016-10-29 05:29:11 < wupojung > 直播lag 
2016-10-29 05:29:20 < wupojung > 是假的嗎?
2016-10-29 05:37:19 < derekhsu > 在sponsor talk  live demo XD 狂
2016-10-29 05:38:41 < wupojung > 今年功能多好多也~~ 感覺越來越好玩了
2016-10-29 05:39:13 < Kane-Shih > https://yahoo.referrals.selectminds.com/
2016-10-29 05:40:53 < mTwTm > 好酷
2016-10-29 05:41:11 < derekhsu > Yahoo都沒來高雄軟體園區
2016-10-29 05:41:24 < Kane-Shih > 送開發板耶 xxx
2016-10-29 05:41:28 < Kane-Shih > XD
2016-10-29 05:41:39 < wupojung > 哈哈哈
2016-10-29 05:41:50 < wupojung > flash  take  的概念!!!
2016-10-29 05:42:05 < mTwTm > 這也能接 XD
2016-10-29 05:42:10 < wupojung > lightning talk
2016-10-29 05:42:18 < wupojung > 拔線
2016-10-29 05:42:31 < derekhsu > 其實下次webduino可以辦一個長明街採購之旅
2016-10-29 05:48:18 < tpai > 今年沒有 lighting talk?
2016-10-29 05:49:14 < wupojung > MOPCON 好像沒有
2016-10-29 05:49:22 < wupojung > JSDC 才有?
2016-10-29 05:49:32 < wupojung > 還是我記錯?
2016-10-29 05:49:33 < kewang > 去年 MOPCON 有，今年好像沒有
2016-10-29 05:49:47 < tpai > 上週的 JSDC 有
2016-10-29 05:49:54 < tpai > 去年 MOPCON 也有
2016-10-29 05:50:02 < wupojung > 對..去年有  我記得 我還說報名今年要去拔線的
2016-10-29 05:50:06 < tpai > 剛剛看了議程 發現今年沒有... (sad
2016-10-29 05:50:08 < wupojung > 結果...今年不能參加 T^T
2016-10-29 05:50:13 < mkidyt > 今年沒有Lightening，有開放空間的交流場次喔
2016-10-29 05:50:17 < Joseph7451797 > jsdc 4分鐘準時消音XD
2016-10-29 05:50:27 < wupojung > 拔線 比較刺激
2016-10-29 05:50:36 < Joseph7451797 > 哈
2016-10-29 05:50:44 < wupojung > 直接拔掉.... 超壞的
2016-10-29 05:50:54 < tpai > 中研院還有倒數計時器可以提示
2016-10-29 05:51:13 < wupojung > 自己寫程式來做 倒數也可以做到阿
2016-10-29 05:51:39 < wupojung > 改天用 webduino  做一個~  應該很好玩
2016-10-29 05:51:53 < tpai > 是也可以啦
2016-10-29 05:52:21 < tpai > R3 爆炸了
2016-10-29 05:53:33 < suhantw_twitter > R2 右邊的投影機 需要支援～好震啊
2016-10-29 05:54:10 < NightFeather > 剛剛跑 webduino 攤位發現他辨識我的年齡都至少多 5 歲以上.....
2016-10-29 05:56:42 < wupojung > R3 爆炸了??  人數嗎?
2016-10-29 05:56:51 < wupojung > 跪求 直播拉~~~哭
2016-10-29 05:57:34 < s961725 > 現在還沒開始吧
2016-10-29 05:57:43 < wupojung > 我是說其他場的
2016-10-29 05:57:50 < wupojung > 有好心人要幫忙轉播的嗎（誤
2016-10-29 05:58:02 < wupojung > 官方只有一場R1 
2016-10-29 05:58:07 < NightFeather > R3 大爆炸 XDDDD
2016-10-29 05:58:11 < laysdra7265 > @工作人員 R2冷氣是不是忘記開了？
2016-10-29 05:58:15 < derekhsu > 下午茶是在幾樓
2016-10-29 05:58:29 < derekhsu > R3網站跟著人潮一起爆炸哈哈
2016-10-29 05:58:36 < NightFeather > 阿災 不過剛剛看 4F 有在擺桌子
2016-10-29 05:58:58 < HoshinoSyouta > R2最右邊投影機好晃
2016-10-29 05:59:00 < snowian > 不是3、4都有嗎?
2016-10-29 05:59:05 < s961725 > 等等預定R1，現在來R3看看好了
2016-10-29 05:59:41 < derekhsu > R2的右邊投影機是中風嗎
2016-10-29 06:00:10 < hashman > R2 投影機已經有請館方處理了
2016-10-29 06:00:20 < NightFeather > 等等打算吃完點心跑 unconf
2016-10-29 06:01:09 < tpai > R3 的麥克風可以大聲一點嗎
2016-10-29 06:01:16 < tpai > 後面聽不太到
2016-10-29 06:01:25 < AugustusW > 有人記得Yahoo紫的色碼嗎
2016-10-29 06:02:45 < chnbohwr >     background-color: #2d1152;
2016-10-29 06:03:04 < AugustusW > thx
2016-10-29 06:03:20 < NightFeather > 啊 hackmd 又爆了
2016-10-29 06:03:47 < workfunction > R3的麥可風真的有點小聲><
2016-10-29 06:03:57 < laysdra7265 > 這聊天可以更改的文字格式去哪裡看？
2016-10-29 06:04:26 < workfunction > **用md的語法就可以囉**
2016-10-29 06:05:14 < sudoliyang > [![Screen Shot 2016-10-29 at 2.04.54 PM.png](https://files.gitter.im/MOPCON/mopcon-chat/qrUp/thumb/Screen-Shot-2016-10-29-at-2.04.54-PM.png)](https://files.gitter.im/MOPCON/mopcon-chat/qrUp/Screen-Shot-2016-10-29-at-2.04.54-PM.png)
2016-10-29 06:05:17 < sudoliyang > 這裡可以看語法
2016-10-29 06:06:12 < Joseph7451797 > ```
$ 原來如此
```
2016-10-29 06:08:42 < NightFeather > Responseless Web Developer/Designer
2016-10-29 06:16:50 < laysdra7265 > 看來是電腦版有提供比手機版更多的功能
2016-10-29 06:17:06 < laysdra7265 > $ test
2016-10-29 06:17:23 < janelin612 > 測試測試測試
2016-10-29 06:18:01 < workfunction > ==手機版也可以用喔~==
2016-10-29 06:25:26 < derekhsu > 點心在幾樓啊（重要！）
2016-10-29 06:26:48 < mkidyt > 請問共筆還有出現問題嗎？（這邊用的好好的）
2016-10-29 06:27:05 < Daisord > 目前使用正常～
2016-10-29 06:27:49 < TripleC > 正常
2016-10-29 06:28:51 < mini_caat_twitter > R3講師好強~~~!!!
2016-10-29 06:29:27 < s961725 > 不好意思我想問一下，議程的共筆要如何找阿
2016-10-29 06:29:39 < Kane-Shih > R0: 上週五災情蠻嚴重的
2016-10-29 06:30:03 < Joseph7451797 > http://hackfoldr.org/mopcon2016/https%253A%252F%252Fhackmd.io%252FGYdgHALADAjAzAYwLQiggbEiw1IEbACGwSApqXqQgEx4IJRwhA%253D%253D%253Fboth
2016-10-29 06:30:04 < turtlenosleep > 從官網有連接連過去
2016-10-29 06:30:07 < Daisord > 議程的共筆請上官網
2016-10-29 06:30:14 < Daisord > 上方連結有喔
2016-10-29 06:30:20 < s961725 > 謝謝
2016-10-29 06:30:51 < Kane-Shih > 呼應一下R0: https://tw.mobi.yahoo.com/news/%E5%85%A8%E7%90%83%E7%9C%8B%E8%91%97%E4%BD%A0%E5%AE%B6-%E7%B6%B2%E8%B7%AF%E6%94%9D%E5%BD%B1%E6%A9%9F%E9%81%87%E9%A7%AD-%E5%8F%B0%E7%81%A3129%E6%94%AF%E7%9B%A3%E8%A6%96%E5%99%A8%E7%A7%81%E5%AF%86%E7%95%AB%E9%9D%A2%E7%99%BB%E5%9C%8B%E5%A4%96%E7%B6%B2%E7%AB%99-073300350.html
2016-10-29 06:32:01 < Kane-Shih > 啊不是R0, 是R1 sorry XD
2016-10-29 06:36:29 < janelin612 > r0在中研院XD
2016-10-29 06:37:46 < Kane-Shih > Jcconf完 還沒轉換過來..
2016-10-29 06:39:13 < derekhsu > 這問題好敏感
2016-10-29 06:39:39 < derekhsu > R1 不過這東西是好物呢
2016-10-29 06:41:50 < wupojung > 有貓咪的影片嗎
2016-10-29 06:41:54 < wupojung > 太好笑了...XDDD
2016-10-29 06:42:29 < wupojung > 之前 看同事拿一個固定的分析 裝pi 上面  就覺得很過分了...裝貓咪上這個更變態
2016-10-29 06:42:56 < NightFeather > 司儀爆雷 wwwww
2016-10-29 06:43:53 < givemepassxd999 > 幫QQ
2016-10-29 06:46:17 < wupojung > sql injection  到極致!!!
2016-10-29 06:46:18 < wupojung > 哈哈哈
2016-10-29 06:57:52 < wupojung > Web 議程上
R1:(15:15):用戶體驗設計的 0 到 1，與 1 到 1 億  
後面有一個禁止錄影的icon 請問這場也是有直播吧?
2016-10-29 07:05:51 < 0324091 > 剛剛R1那個攝影機是外國一個網站
2016-10-29 07:06:18 < 0324091 > 之前看診所護理師看蠻久的（X
2016-10-29 07:06:59 < Kane-Shih > 警察先生 就是這個人 XD
2016-10-29 07:07:16 < wupojung > 網址呢ＸＤＤ
2016-10-29 07:07:34 < NightFeather > 好嗨啊 整棟都在振動
2016-10-29 07:08:46 < wupojung > ？？
2016-10-29 07:09:05 < NightFeather > 好像其他層有啥活動的樣子
2016-10-29 07:09:23 < Daisord > 據說是電音派對測音響中
2016-10-29 07:09:36 < wupojung > 好ｈｉｇｈ　的感覺
2016-10-29 07:09:54 < erase2004 > FSOE450 下午五點開始
2016-10-29 07:09:57 < 0324091 > www.insecam.org/en/
2016-10-29 07:10:10 < othree > ...
2016-10-29 07:11:50 < NightFeather > 不過之前看過 shodan 之後 對於 insecam 會冒出來完全不覺得意外 XD
2016-10-29 07:12:17 < 0324091 > 我不知道這是什麼（掩面
2016-10-29 07:12:36 < NightFeather > 就.... 共享千里眼 (X
2016-10-29 07:13:30 < wupojung > 甚麼都沒有....
2016-10-29 07:13:34 < 0324091 > 只能說 R1剛剛說的 每個都有follow到 反而覺得無聊
2016-10-29 07:14:00 < mimiguo > R2 投影機 去年也是會震 
2016-10-29 07:14:29 < mimiguo > 而且剛一直有轟轟聲 好可怕
2016-10-29 07:15:41 < Kane-Shih > HackerNews之類的站不是每個人會看呀
2016-10-29 07:15:53 < Kane-Shih > 有些場次比較像在科普就是了 XD
2016-10-29 07:16:37 < Mikimoto > MOPCON 之母 hcc 耶
2016-10-29 07:17:37 < wupojung > R1 背景音量好可怕~~
2016-10-29 07:20:44 < mini_caat_twitter > R3快來哦~~~mikimoto說講者是MOPCON之母哦~~!!!
2016-10-29 07:21:03 < kewang > OSDC QQ
2016-10-29 07:21:15 < mini_caat_twitter > 簡信昌大哥還跟唐鳳是好友  :D
2016-10-29 07:21:58 < 0324091 > （面聖
2016-10-29 07:21:59 < mini_caat_twitter > 講師多來高雄辦啊   哈哈哈
2016-10-29 07:23:02 < 0324091 > 這支影片XDDD
2016-10-29 07:23:28 < Mikimoto > 很多事都在加速進行中⋯⋯
2016-10-29 07:23:58 < Mikimoto > 然後大神就震怒了
2016-10-29 07:24:33 < Mikimoto > 大神震怒 g0v 就誕生了
2016-10-29 07:25:13 < mini_caat_twitter > R3:  g0v.tw 的故事~~~
2016-10-29 07:25:44 < 0324091 > 當初準備統測天天看的g0v
2016-10-29 07:26:06 < Mikimoto > R3 講古中
2016-10-29 07:26:08 < 0324091 > 這場真的有點猛
2016-10-29 07:27:54 < mini_caat_twitter > 哈哈 偉人
2016-10-29 07:32:13 < mini_caat_twitter > 原來  萌典  也是簡大哥....   (拜)
2016-10-29 07:32:29 < cnevinc > 酷耶 聽很久了第一次看
2016-10-29 07:32:51 < Joseph7451797 > https://github.com/mirror-media/plate-model
其實我一直以為他會講這個
2016-10-29 07:33:01 < Joseph7451797 > R3
2016-10-29 07:33:03 < jackycute > 如果有人剛剛想問 hackmd 問題但是沒問到，可以呼叫我 @jackycute 來問
2016-10-29 07:33:16 < cnevinc > 阿美族語怎麼看啊
2016-10-29 07:33:19 < cnevinc > 沒看到
2016-10-29 07:35:22 < Jackson45252 > 就打 **萌典阿美族語**
2016-10-29 07:35:40 < Mikimoto > https://www.moedict.tw/ 
2016-10-29 07:35:52 < Mikimoto > 萌典
2016-10-29 07:37:12 < mini_caat_twitter > R3: OPEN SOURCE 的應用/各大醫院 急診的視覺化圖表
2016-10-29 07:37:22 < Mikimoto > http://ckhis.ck.tp.edu.tw/~ljm/moedict-amis/lookup.php?query=
2016-10-29 07:37:41 < mini_caat_twitter > 剛剛那個外銷到香港的是??
2016-10-29 07:37:44 < Mikimoto > 阿美族語萌典
2016-10-29 07:38:47 < cnevinc > [![blob](https://files.gitter.im/MOPCON/mopcon-chat/5cd1/thumb/blob.png)](https://files.gitter.im/MOPCON/mopcon-chat/5cd1/blob)
2016-10-29 07:38:53 < cnevinc > cofcof~~
2016-10-29 07:38:59 < elvismetaphor > @mini_caat_twitter hackfolder http://hackfoldr.org/about
2016-10-29 07:39:12 < mTwTm > @cnevinc 什麼東西 XDDD
2016-10-29 07:39:24 < Mikimoto > 外銷到香港的是 hackfolder
2016-10-29 07:39:44 < cnevinc > @mTwTm 阿美族語
2016-10-29 07:40:03 < mTwTm > @cnevinc 我知道啊 怎麼會查那個啦 XD
2016-10-29 07:40:29 < cnevinc > @Mikimoto 請問是怎麼外銷的啊 賣斷嗎 
2016-10-29 07:40:48 < Joseph7451797 > 雨傘運動拿去用
2016-10-29 07:41:05 < mini_caat_twitter > R3 LIVE: "報導者"  的創始故事~
2016-10-29 07:41:06 < Chung-Wei-Pan > 中天那個我有印象XD
2016-10-29 07:41:07 < iM2F1 > Hackfoldr

2016-10-29 07:41:26 < Mikimoto > 開源界的外銷指的是有人拿去用
2016-10-29 07:41:55 < cnevinc > 酷! 學到了  
2016-10-29 07:42:41 < Mikimoto > 反正都 open source , clone 完就可以用了
2016-10-29 07:43:23 < Mikimoto > 報導者!！
2016-10-29 07:43:41 < cnevinc > 這也好酷
2016-10-29 07:43:43 < Joseph7451797 > 報導者前CTO
2016-10-29 07:43:59 < Joseph7451797 > 現在在「鏡傳媒」
2016-10-29 08:23:42 < mkidyt > 我們宣稱了很多事情ＸＤ
2016-10-29 08:24:54 < mkidyt > 好寫好快好棒棒
2016-10-29 08:35:26 < mTwTm > R3要開始進入正題講好寫好快好棒棒的孫行者了嗎
2016-10-29 08:53:09 < mTwTm > 講者的目錄叫zizhi  是吱吱嗎 XD
2016-10-29 08:54:11 < codingXiang > live demo 的魔咒出現惹ＱＱ
2016-10-29 09:22:57 < mTwTm > https://github.com/klnusbaum/rxandroidexamples
2016-10-29 09:23:29 < mTwTm > 剛剛unconf有人問也沒有rxjava在Android的example 剛好最近在學我是看這個
2016-10-29 09:24:09 < othree > 明天早上最後一場三間都有興趣，好卡..
2016-10-29 09:29:15 < janelin612 > 1993年的VR頭盔看起來跟現在大同小異啊 ((!?
2016-10-29 09:34:28 < WanJen > 右上那個長的好像理髮廳的蒸髮罩
2016-10-29 09:35:11 < FullofQ > XD蒸髮罩
2016-10-29 09:37:20 < derekhsu > 鏡傳媒是不是上次說google跟台北市合作賣個資的？
2016-10-29 09:39:34 < janelin612 > yes
2016-10-29 09:39:38 < wupojung > 一整個 在開GDC 的感覺XDDD 
2016-10-29 09:43:13 < JocelynT > 太High了
2016-10-29 09:44:39 < derekhsu > 一直震盪
2016-10-29 10:04:33 < s961725 > 樓下開始放大音量了

2016-10-29 10:06:24 < spd789562 > 最震那種
2016-10-29 10:06:38 < Kane-Shih > 國際會議中心 當初大概沒想到有這麼動感的會議
2016-10-29 10:06:57 < erase2004 > 重低音開滿
2016-10-29 10:07:49 < YuChengTsai > http://spunite.kktix.cc/events/fsoe450achg
2016-10-29 10:09:03 < JhaoRen > 買一送二
2016-10-29 10:09:14 < JocelynT > 原來我們節省了3000元 直接有搖滾區可以享受
2016-10-29 10:09:46 < othree > 樓下已經在入場了
2016-10-29 10:10:04 < JhaoRen > 我們已經在場內了
2016-10-29 10:10:06 < Kane-Shih > 光場 想到的人好厲害啊
2016-10-29 10:12:05 < derekhsu > 沒有提到VRAV跟VRHG真可惜啊
2016-10-29 10:27:55 < othree > 電音門票要 3200 (無用情報)
2016-10-29 15:43:49 < laysdra7265 > 有沒有人知道AWS的活動內容?我照拍糊了
2016-10-29 15:59:13 < liuyuchih > 共筆有寫
2016-10-29 15:59:18 < liuyuchih > - 有獎實作1：
1. 使用AWS Mobile Hub建言一個Android or IOS應用程式
2. 加入SNS推播訊息功能
3. 測試：按下發送推播，收到推播

- 有獎實作2：
1. 完成有獎實作1
2. 使用AWS Device Farm，選三台Device進行測試

2016-10-29 17:12:55 < SuYungCheng > 今年是我第1次參加，收獲頗多，
希望每年品質能愈來愈好，看到幾個現像提出來供主辦單位參考：
1.議程排定08：30報到，但很多朋友大老遠提前趕到，
進大樓未標示報到地點，一群人一層層找。
2.報到地點只看工作人員忙進忙出，也沒人引導先到的朋友依什麼方式排隊，只看電梯上來的人愈來愈多，一個個往前擠。
3.08：30時間到了，才通知現場朋友，學生報到在最左邊，社會一般民眾在中間，VIP在右邊等等，又一群人從某一邊擠到另一邊。
4.09：00開幕也未見主持人，講師都在台下等待，一直到0920，主持人才出來介紹講師，翟神講了約30分鐘就被通知時間快到了，其實很多人都是慕名而來，結果...
以上，
明年還是會參加，工作人員辛苦了...
2016-10-29 23:12:01 < Mikimoto > 非常感謝建言，我們會繼續努力
2016-10-29 23:14:50 < Mikimoto > 另外歡迎報名籌備工作人員哦，我們很需要工作人員

# Day2

2016-10-30 00:36:18 < laysdra7265 > @liuyuchih  感謝
2016-10-30 00:38:27 < laysdra7265 > 說起來AWS那個活動貌似不綁定一個信用卡沒辦法繼續啊…@@
2016-10-30 00:41:20 < liuyuchih > 不客氣，因為aws 用量超過要收費的 XD
2016-10-30 00:54:05 < turtlenosleep > 大家早安~~
2016-10-30 00:57:41 < Daisord > 早安 0.0/
2016-10-30 00:58:13 < snowian > 早安
2016-10-30 01:01:36 < Jackson45252 > R1直播網址: https://www.youtube.com/c/MopconOrg/live
2016-10-30 01:10:08 < FullofQ > 超過報到時間還能入場嗎？
2016-10-30 01:10:41 < Jackson45252 > 可以
2016-10-30 01:14:08 < FullofQ > 謝謝：)
2016-10-30 01:14:31 < derekhsu > 大家早安
2016-10-30 01:15:42 < Jackson45252 > R2、R3還很空
2016-10-30 01:27:04 < derekhsu > 上計概了，哈哈
2016-10-30 01:34:58 < derekhsu > 高捷人少哭哭
2016-10-30 01:35:28 < s961725 > 恩人少當然快阿
2016-10-30 01:36:08 < JiaHengYu_twitter > 北捷還會斷線
2016-10-30 01:55:23 < pcbill > unconference 似乎沒有人有共筆
2016-10-30 01:56:21 < spd789562 > 事後會搜集講者簡報嗎?
2016-10-30 02:00:24 < newnop_twitter > 請大會主辦協助整理
2016-10-30 02:01:05 < mkidyt > @newnop_twitter 是指交流場次，還是三廳議程？
2016-10-30 02:01:08 < newnop_twitter > 昨天的共筆有些有貼上簡報的連結
2016-10-30 02:01:59 < pcbill > 我不會用 hackfolder XD
2016-10-30 02:02:12 < newnop_twitter > @mkidyt 應該是這兩天的內容
2016-10-30 02:03:12 < pcbill > 想當"沒有人" 協助 unconference 共筆，但似乎有障礙
2016-10-30 02:03:21 < newnop_twitter > @mkidyt 我想大家應該會想要有所有的內容，如果講師願意提供的話，還請協助一下
2016-10-30 02:06:08 < mkidyt > @pcbill 可以先開 unconference 的共筆連結，放上來就會有人幫忙會加在hackfoldr
2016-10-30 02:07:02 < NoobTW > 有人聽過 Nextbit Robin 的 Smart Storage 嗎 xD
2016-10-30 02:16:23 < mkidyt > 既然有人問了，就先來手動開個unconference的共筆好了
https://hackmd.io/MwRgDGBGDs0MYFoCmBOAZpBAWArAQ2ARTzgDYFoAmPUgExR0tNkqA===

2016-10-30 02:17:10 < mkidyt > 歡迎參加大家來當「沒有人」
2016-10-30 02:18:02 < gitplate > 中華電信4G在台鐵的萬華-板橋間可以說是很常斷線
2016-10-30 02:19:24 < Kane-Shih > 那段在河底？
2016-10-30 02:33:08 < s961725 > 第二天人都好少喔
2016-10-30 02:33:23 < gitplate > 對，會穿過去
2016-10-30 02:35:46 < Jackson45252 > hackfoldr DAY1可以改預設成不展開嗎?
2016-10-30 02:37:32 < Daisord > 調整囉
2016-10-30 02:38:20 < Jackson45252 > @Daisord  感謝你
2016-10-30 02:50:30 < mkidyt > R3 要 live demo
2016-10-30 02:51:09 < mkidyt > 誒＠＠？
2016-10-30 02:51:52 < FullofQ > 直接進入Q & A！
2016-10-30 03:04:29 < mkidyt > R3 會眾有誰有看到Live demo link嗎？
2016-10-30 03:05:04 < tedshd > app.kktv.me
2016-10-30 03:05:16 < mkidyt > THX~
2016-10-30 03:12:27 < mkidyt > R3 發現野生的 Jserv！
2016-10-30 03:13:53 < hashman > R2: TonyQ Slide: http://slides.com/tonyq/gov-information-system-challenge/
2016-10-30 03:17:59 < NightFeather > [R2] 了解政府 -> 取得資訊 -> 系統不一定做的出來
2016-10-30 03:21:46 < chihying > 求R3投影片
2016-10-30 03:22:10 < kewang > [R3] https://goo.gl/Ng7SEd
2016-10-30 03:22:35 < chihying > 謝謝QwQ
2016-10-30 03:26:43 < liuyuchih > R2 tonyq 的場子好歡樂
2016-10-30 03:31:43 < hashman > 感謝函也是蠻好笑的
2016-10-30 03:34:39 < NightFeather > *好寶寶獎狀*
2016-10-30 03:36:32 < turtlenosleep > HackpadMD有點不穩..QQ
2016-10-30 03:36:51 < NightFeather > Hackpad 和 HackMD 是不同的東西 R
2016-10-30 03:37:21 < alxtz > 那個R3的簡報連結進不去？
2016-10-30 03:37:40 < alxtz > (進去了，應該只是網路問題
2016-10-30 03:40:30 < Joseph7451797 > keynote live 會累格...
2016-10-30 03:41:36 < JiaHengYu_twitter > 超歡樂
2016-10-30 03:46:09 < how8570 > R3簡報延遲超慘 網路GG
2016-10-30 03:47:30 < alxtz > 還得要手動重整
2016-10-30 03:50:07 < kewang > line-height > 1.5x, < 2x, 約 1.7x, 1.8x 較好
2016-10-30 03:55:16 < alxtz > R3的講題滿有感覺的
2016-10-30 03:56:07 < jackycute > BobbyTung 棒棒
2016-10-30 03:56:57 < elvismetaphor > Android MVP 簡介
https://speakerdeck.com/elvismetaphor/brief-of-android-mvp-architecture
Build a simple chatting app with Firebase 
https://speakerdeck.com/elvismetaphor/use-firebase-to-build-cross-platform-chat-applications
簡報比較簡略，大家可以直接翻到最後一張的「參考資料」
2016-10-30 03:59:43 < how8570 > R3很有內容
2016-10-30 04:00:12 < kewang > bobbytung++
2016-10-30 04:02:16 < Joseph7451797 > 金萱被 bobbytung 歸類到fantacy
2016-10-30 04:02:18 < Joseph7451797 > XD
2016-10-30 04:03:21 < alxtz > 金萱小字我覺得比較難辨認
2016-10-30 04:08:26 < how8570 > 最討厭西文寬度不同
2016-10-30 04:10:20 < Joseph7451797 > 寫CMS網站，會遇到設計師說：文章發佈後，標題爆版啦～
2016-10-30 04:13:10 < NoobTW > 金萱當標題比當內文合適我覺得 (?
2016-10-30 04:13:54 < othree > 金萱是標題字型
2016-10-30 04:14:18 < how8570 > 可是當內文不錯看R
2016-10-30 04:15:15 < Joseph7451797 > 「可是麻瓜都不學markdown啊～」
XD
2016-10-30 04:18:21 < BokuhaOutlier27_twitter > 請問董老師剛剛提到的日本字型設計師是？
2016-10-30 04:18:30 < how8570 > 今天便當有多到學生能吃嗎? 
2016-10-30 04:22:21 < BokuhaOutlier27_twitter > (音近古敷江勝)日本的字型設計師，想知道正確名字TAT
2016-10-30 04:55:18 < bobtung_twitter > @how8570 @BokuhaOutlier27_twitter 祖父江慎 https://ja.wikipedia.org/wiki/祖父江慎
2016-10-30 04:55:23 < bobtung_twitter > 他是書籍設計師
2016-10-30 04:56:02 < chnbohwr > unconf 這邊的冷氣好像會直接吹到中間座位的頭，可以幫忙調整一下嗎
2016-10-30 05:02:36 < bobtung_twitter > @Joseph7451797 參考一下紐約時報與Adobe的提案（ http://webplatform.adobe.com/balance-text/proposal/index.html ），以及Polyfill（ https://github.com/adobe-webplatform/balance-text ）
2016-10-30 05:03:12 < Joseph7451797 > @bobtung_twitter  謝謝！
2016-10-30 05:04:10 < BokuhaOutlier27_twitter > 感謝老師回答QQ
2016-10-30 05:05:53 < Kane-Shih > R3 https://www.slideshare.net/mobile/kapper1224/hacking-with-linux-on-android-devices-mocpon
2016-10-30 05:15:07 < Kane-Shih > 被翻譯的知識範圍侷限了..
2016-10-30 05:15:43 < Jackson45252 > [廣告]三樓電梯出來左手邊攤位有免費的MOPCON&社群貼紙唷 休息時間歡迎來逛逛
2016-10-30 05:15:50 < tpai > @Kane-Shih agree
2016-10-30 05:16:08 < Kane-Shih > 無敵cd跑debian XD
2016-10-30 05:18:01 < tpai > 翻譯印象中是遊戲業的 XDD
2016-10-30 05:18:11 < tpai > 應該要請有資訊背景的比較適合
2016-10-30 05:19:07 < Joseph7451797 > 日文演講，中文口譯嗎？
等下想聽鈴木 拓生（Takuo Suzuki）的演講
2016-10-30 05:19:16 < tpai > yep
2016-10-30 05:19:20 < Joseph7451797 > 喔喔
2016-10-30 05:20:02 < fuyuanli > 口譯感覺怪怪 der XD
2016-10-30 05:20:55 < tpai > 感覺是臨時被拉來的(?
之前聽他其他場合的翻譯還不錯
2016-10-30 05:21:33 < tpai > 這個感覺都要事先做功課啊...
2016-10-30 05:21:58 < lizolni > 鈴木 拓生（Takuo Suzuki）會說一點點中文
2016-10-30 05:22:03 < zaoldyeck > 鈴木先生的演講會用英文
2016-10-30 05:22:24 < tpai > 能用英文應該會好很多
2016-10-30 05:23:01 < TakumaMochizuki > Takuo san在台灣會全程用英文
2016-10-30 05:23:53 < Kane-Shih > 他是不是名詞兜起來然後說可以使用 就過去了 ？
2016-10-30 05:28:43 < Kane-Shih > Allwinner
2016-10-30 05:28:48 < Kane-Shih > Rockchip
2016-10-30 05:29:38 < FullofQ > R1真講古
2016-10-30 05:30:47 < yypccu > 想練日聽的可以來R3 XD
2016-10-30 05:31:36 < wenting1121 > R1冷氣好冷
2016-10-30 05:31:44 < wenting1121 > QQ
2016-10-30 05:32:04 < FullofQ > 幫你QQ
2016-10-30 05:48:19 < bobtung_twitter > 上午的投影片 http://www.slideshare.net/bobby3302/ss-67861880
2016-10-30 05:49:38 < s961725 > 收下了
2016-10-30 05:49:47 < s961725 > 蟹業
2016-10-30 05:49:51 < s961725 > 謝謝
2016-10-30 05:59:49 < zucci > 謝謝@Bobby
2016-10-30 06:00:09 < snowian > 感謝
2016-10-30 06:00:40 < tpai > suzuki 桑的英文好順
2016-10-30 06:01:16 < Joseph7451797 > 真的
2016-10-30 06:01:25 < NightFeather > 而且沒啥口音問題 (個人標準
2016-10-30 06:01:33 < tpai > 有 但是不明顯
2016-10-30 06:01:49 < tpai > 已經在 google 練到很順之類 (?
2016-10-30 06:01:51 < Joseph7451797 > 美商要求吧XD
2016-10-30 06:01:56 < fuyuanli > 聽起來還滿清楚的
2016-10-30 06:02:06 < NightFeather > 就就算有也不太會影響到理解的程度  XD
2016-10-30 06:02:33 < tpai > yep
2016-10-30 06:18:43 < kapper1224_twitter > 非常感謝
2016-10-30 06:19:05 < kapper1224_twitter > My　Slideshare　　http://www.slideshare.net/kapper1224
2016-10-30 06:19:32 < TripleC > Thank you!
2016-10-30 06:20:26 < zaoldyeck > ˋ觀眾公開至空曠
2016-10-30 06:22:59 < kapper1224_twitter > 我們已經聽到鈴木拓郎的演講（Mr.Suzuki）
2016-10-30 06:40:24 < newnop_twitter > 在講演時，聽講者在底下趴著睡覺是很不禮貌的行為，請尊重大家，這個應該不需要大會來宣導
2016-10-30 06:44:49 < Kane-Shih > R1 這個提問真好
2016-10-30 06:50:45 < derekhsu > R1之前有個女生英文超級好聽的耶
2016-10-30 06:52:30 < iOSBeginner > 沒有口音 
2016-10-30 06:52:40 < derekhsu > Suzuki san的英文是真的蠻厲害的，應該是我聽過英文最好的日文講者之一
2016-10-30 06:52:42 < derekhsu > R1
2016-10-30 06:52:45 < derekhsu > R
2016-10-30 07:11:43 < Kane-Shih > 雖然說md guideline的原意只是給大家一個方便
2016-10-30 07:12:43 < Kane-Shih > 但實際上你想進google play featured app的時候 他還是會要求你啊 XD
2016-10-30 07:14:10 < Kane-Shih > 希望google出個工具讓desinger直接出xml layout XD
2016-10-30 07:16:54 < spd789562 > 沒點心幫QQ
2016-10-30 07:23:05 < NightFeather > R1 (雖然說中興旁邊有大買家 ((X
2016-10-30 07:35:13 < NightFeather > [訂正] R3
2016-10-30 08:11:10 < derekhsu > 有中國大陸的CDN嗎
2016-10-30 08:12:03 < Joseph7451797 > cloudflare在中國有點
2016-10-30 08:12:16 < fuyuanli > 百度加速雲好像是跟 CF 合作的
2016-10-30 08:17:00 < derekhsu > Google在日本是排名第一的IT公司
2016-10-30 08:17:55 < kapper1224_twitter > In Unconference, Webduino is very interesting.I bought it! Thank you , Taiwan.　
2016-10-30 08:31:04 < snowian > R2人已經很少，可以把私下討論的音量再降一些嗎?
2016-10-30 08:42:07 < laysdra7265 > 真尷尬，我睡著了…
2016-10-30 08:42:57 < SuYungCheng > 請問有上午的self-sizing簡報嗎？感覺講者都很用心。
2016-10-30 08:43:02 < SuYungCheng > R2
2016-10-30 08:43:04 < laysdra7265 > 下次參加可不能再熬夜，得養好精神才行，一半都沒聽到(扶額
2016-10-30 08:43:43 < zaoldyeck > 簡報會後會向講者索取，再更新至官網
2016-10-30 08:44:07 < SuYungCheng > 謝謝，辛苦了～
2016-10-30 08:44:28 < laysdra7265 > 會後會有錄影檔之類的可以回顧嗎？
2016-10-30 08:48:57 < liuyuchih > 想看錄影  +1
2016-10-30 08:51:10 < zucci > 想看錄影  +1
2016-10-30 08:51:48 < JiaHengYu_twitter > +1
2016-10-30 08:52:23 < JiaHengYu_twitter > 早上的self-sizing我也是覺得來不及吸收 XD
2016-10-30 09:00:04 < zaoldyeck > 有的，但需要一段時間後製
2016-10-30 09:01:41 < Kane-Shih > 閉目式..
2016-10-30 09:29:16 < jackycute > 今年非常謝謝 MOPCON 採用 HackMD
希望有讓各位寫得開心！
如果有任何建議或是問題，歡迎直接標記我提問 XD
2016-10-30 09:31:01 < Kane-Shih > 很好用 謝謝你
2016-10-30 09:34:40 < derekhsu > 可以再貼一次贊助網址XD
2016-10-30 09:40:32 < FullofQ > 謝謝你，HackMD非常實用
2016-10-30 09:43:19 < jackycute > HackMD 需要您的贊助才能持續營運！
[來捐一杯咖啡](https://www.paypal.com/cgi-bin/webscr?cmd=_donations&business=KDGS4PREHX6QQ&lc=US&item_name=HackMD&amount=5%2e00&currency_code=USD&bn=PP%2dDonationsBF%3abtn_donate_LG%2egif%3aNonHosted) or [自由樂捐](https://www.paypal.com/cgi-bin/webscr?cmd=_donations&business=KDGS4PREHX6QQ&lc=US&item_name=HackMD&currency_code=USD&bn=PP%2dDonationsBF%3abtn_donate_LG%2egif%3aNonHosted)
2016-10-30 11:33:35 < s961725 > 現在SlideShare掛了嗎連不上去
2016-10-30 11:36:04 < s961725 > 後面的網址無限延伸
2016-10-30 11:59:07 < jackycute > 台灣某些 ip 被 slideshare 阻擋了
2016-10-30 12:00:03 < s961725 > 好吧只好開vpn了，不然只能到學校用了
2016-10-30 15:45:09 < laysdra7265 > 第一次參加此類活動，獲益良多，工作人員們也辛苦了
2016-10-30 15:45:26 < laysdra7265 > 好奇問一下你們是怎麼徵召工作人員的？
