# Day0

2017-10-27 02:03:55 < johnroyer > 也可以架 RocketChat (誤
2017-10-27 02:27:27 < hashman > 開始場佈啦！！！
2017-10-27 02:27:30 < hashman > 請大家期待明天囉
2017-10-27 03:31:20 < hashman > https://www.facebook.com/mopcon/photos/a.239331216192602.54726.219967208129003/1347501415375571/?type=3&theater
2017-10-27 07:15:42 < kewang > 等下上車地點會有標示嗎？像台北車站東三門人來來往往的
2017-10-27 07:16:06 < hashman > @kewang Hello 會有人穿著 MOPCON 的 T-shirt 唷～～
2017-10-27 07:16:23 < hashman > 若真的找不到人還是可以依照行前通知信上面有車長的電話可以 call 他們唷，謝謝您
2017-10-27 07:16:40 < kewang > ok 感謝
2017-10-27 07:16:52 < hashman > @kewang 不客氣唷^^
2017-10-27 15:23:08 < hashman > 大家晚安囉～～～期待明天大家見囉
2017-10-27 16:29:15 < Wolke > 剛才發現　就是明天耶
2017-10-27 16:29:24 < Wolke > 更正　應該是今天
2017-10-27 16:29:45 < Wolke > 不要臉的問一問　有人不去或是有公關票嗎？
2017-10-27 16:29:49 < Wolke > 可私我
2017-10-27 16:30:24 < Wolke > 現場票2500太貴了。
2017-10-27 16:30:33 < Wolke > 勿推
2017-10-27 16:30:55 < Wolke > 有票在私我，我在趕早班高鐵去看看

# Day1

2017-10-28 00:05:10 < kiddchantw > [小編提醒]今日活動8點半開始報到，請與會的朋友們記得準備QRcode加快報到程序
2017-10-28 01:15:04 < wupojung > 為什麼  mopcon app 沒有串kktick  (誤
2017-10-28 01:18:45 < jack24254029 > 有人知道WIFI密碼嗎~
2017-10-28 01:19:01 < wupojung > @jackycute   Max 大大  ， 剛才我直接按 github 登陸 好像失效也 T⋯⋯T （最後用gmail登陸才可以）
不曉得有人這樣嗎？
2017-10-28 01:19:27 < wupojung > @jack24254029   mopcon2017  以及mopcon2017-5G  沒有密碼喔
2017-10-28 01:19:52 < hashman > 請大家可以嘗試無痕試試看
2017-10-28 01:19:55 < jack24254029 > 好的，感謝
2017-10-28 01:19:57 < hashman > 剛剛有些與會者也有一樣的問題
2017-10-28 01:20:18 < wupojung > @hashman   THXs  
2017-10-28 01:22:38 < kiddchantw > wifi不用密碼
2017-10-28 01:22:57 < hashman > Hello 各位，如果大家有無法登入共筆的狀況，麻煩大家請另開新頁打開 hackmd 先登入在進行共筆，看起來可能是嵌入頁面有問題（汗...
2017-10-28 01:29:27 < mkidyt > 請大家可以先登入 Google/Facebook/Github/Twitter...帳號後再到共筆頁面喔
2017-10-28 01:33:15 < saiday > 有人可以分享一下共筆的 URL 嗎？
2017-10-28 01:33:19 < saiday > 感謝！
2017-10-28 01:33:53 < jackycute > https://hackmd.io/c/mopcon-2017
2017-10-28 01:34:12 < jackycute > book mode 內登入的問題，我們最近會修復
2017-10-28 01:34:40 < wupojung > @saiday https://goo.gl/zxRWD9
2017-10-28 01:35:09 < wupojung > 為什麼有 大頭貼  XDD
2017-10-28 01:35:37 < jackycute > 預設圖片 meta 會給擁有者的大頭貼
2017-10-28 01:36:00 < fzhantw > 帥
2017-10-28 01:37:09 < saiday > @wupojung @jackyute thanks!
2017-10-28 01:38:43 < hashman > https://hackmd.io/c/mopcon-2017/https%3A%2F%2Fhackmd.io%2FIYJhDMBMFNIFgLRwGwA5lIKwCMDsDhtkBOBcY1VYY3OYAZl0iA%3D%3D
2017-10-28 01:38:52 < hashman > T_T
2017-10-28 01:39:01 < hashman > 請大家多多擔待...
2017-10-28 01:42:15 < nowshowcc > 其實我覺得他可以整場都講英文xd
2017-10-28 01:51:52 < derekhsu > 四樓信號不好
2017-10-28 01:52:11 < derekhsu > 有IRC聊天室嗎
2017-10-28 01:53:28 < wupojung > 結果外賓 說的中文  還比較多～（誤
2017-10-28 01:59:20 < sky172839465 > R1第一排好冷
2017-10-28 02:01:37 < chyuaner > 請問有人知道今天下午的 Android 上時行 ê 架構設計 議程，到時候是中文嗎？
光看簡介看不太懂@@
2017-10-28 02:03:23 < kiddchantw > 台語發音
2017-10-28 02:18:30 < wupojung > @kiddchantw   COOL
2017-10-28 02:19:09 < wupojung > 我完全沒有想到  R1 全英文啊XDDD 我還以為  open 全英文  XDDD
2017-10-28 02:19:18 < wupojung > 完全出乎意料  ！！！
2017-10-28 02:20:41 < mkidyt > MOPCON永遠有出乎意料的事情（讚美意味）
2017-10-28 02:20:47 < jack24254029 > 全英文，恨啊~~~
2017-10-28 02:20:48 < derekhsu > 他聽起來應該會說中文的樣子啊
2017-10-28 02:21:03 < wupojung > 我看他多會忍～～（誤
2017-10-28 02:21:24 < Ko-Ko-Kirk > 我覺得這這英文是中式的發音，相對好理解 xddd
2017-10-28 02:22:10 < derekhsu > 是很容易懂
2017-10-28 02:22:54 < Ko-Ko-Kirk > 見山是山好可愛
2017-10-28 02:23:45 < wupojung > 主持人少說了一個創新。。。    這屆第一次 同時 有  國語／英文／台語   
2017-10-28 02:24:14 < HexRabbit > 台語也太潮了吧
2017-10-28 02:24:16 < chyuaner > 對英文有點苦手，不曉得有沒有網址可以直接看簡報
2017-10-28 02:24:40 < Kantai235 > 英文苦手 +1 求簡報
2017-10-28 02:25:42 < chi_nick_twitter > 感覺簡報沒有最佳化QQ 看不清楚code
2017-10-28 02:25:51 < JocelynT > 對中式英文有難度ＸＤ
2017-10-28 02:26:43 < derekhsu > 不是應該用 new member in the team?
2017-10-28 02:29:57 < chi_nick_twitter > 目測字型大小12(･ัω･ั)
2017-10-28 02:31:05 < wupojung > 底色黑色 扣分。。。
2017-10-28 02:31:30 < peter279k > 背景黑色看不到code QQ
2017-10-28 02:31:49 < chi_nick_twitter > 黑色只適合自己打扣用
2017-10-28 02:31:57 < NightFeather > 三語 XDDD
2017-10-28 02:32:28 < peter279k > 終於有白色底的code
2017-10-28 02:33:10 < Mikimoto > 這樣可以在 slide 放出來前專心聽議程
2017-10-28 02:33:25 < Mikimoto > https://goo.gl/zxRWD9
2017-10-28 02:33:48 < kiddchantw > r1場
https://hackmd.io/c/mopcon-2017/https%3A%2F%2Fhackmd.io%2FEwU2CMDYBNJBaSkDGAOeAWAzAQ3PcZAVh0TmyK0gEZwsBOIA

r2場
https://hackmd.io/c/mopcon-2017/https%3A%2F%2Fhackmd.io%2FIwNghgrARgpg7BAtAJgMzICaICzD4sABgDNlFYRdjsMoiQg%3D

r3場
https://hackmd.io/c/mopcon-2017/https%3A%2F%2Fhackmd.io%2FGYNgLAjA7AJmDMBaMYDGBTZEzEQDgCNZFUw94wBOA9S%2BAgJiA%3D%3D%3D
2017-10-28 02:34:41 < cyy91225_twitter > Unconference開始囉！
2017-10-28 02:34:49 < kewang > @jackycute 不是在當兵嗎？怎麼來參加 mopcon 了 xd
2017-10-28 02:35:19 < jackycute > 我在家XD 昨天剛從成功嶺出來放假兩天XDDD
2017-10-28 02:35:53 < Mikimoto > XDD
2017-10-28 02:37:02 < derekhsu > 認真！
2017-10-28 02:37:09 < kewang > xddd
2017-10-28 02:37:11 < Mikimoto > 原端支援的概念，感謝 seafood，讚嘆 seafood
2017-10-28 02:37:34 < jackycute > 今年還有派駐兩位小天使到會場喔，大家可以找找看XD
2017-10-28 02:37:48 < wupojung > 所以 明天晚上 要在回去嗎？
2017-10-28 02:37:54 < jackycute > @wupojung 沒錯
2017-10-28 02:38:16 < kewang > https://imgur.com/gallery/FLGtR 第一眼就看到錯字惹 QQ
2017-10-28 02:38:33 < wupojung > 小天使 是 miki 大嗎？ （誤   《愛開玩笑》
2017-10-28 02:38:47 < hashman > 現場有很多很多小天使唷 :)
2017-10-28 02:41:11 < Mikimoto > 感謝🙏 終於被認証是 小 ，不再是大了
2017-10-28 02:42:04 < wupojung > 話說 今年有直播 or  錄影嗎？   
2017-10-28 02:42:14 < hashman > @wupojung 有窩
2017-10-28 02:42:55 < wupojung > @hashman  YouTube？ or ???
2017-10-28 02:43:30 < hashman > @wupojung 稍後我尋找一下（汗...
2017-10-28 02:43:31 < wupojung > BTW,  R1的燈真的要考慮一下了  。。。這樣PPT 很難讀  T^T
2017-10-28 02:44:53 < hashman > https://www.youtube.com/watch?v=dnV659RNgns
2017-10-28 02:45:19 < sky172839465 > 外面的mopcon娘有介紹頁嗎XD
2017-10-28 02:45:39 < hashman > @sky172839465 不好意思沒有唷 
2017-10-28 02:46:44 < sky172839465 > 哈
2017-10-28 02:47:32 < Mikimoto > @sky172839465 歡迎入坑幫忙做
2017-10-28 02:48:29 < hashman > 直播網址請看：https://mopcon.org/2017/live.php
2017-10-28 02:48:32 < wupojung > @Mikimoto  放上  M大的 照片就可以了
2017-10-28 02:49:04 < sky172839465 > 主辦快去萌娘wiki建一個專頁
2017-10-28 02:49:09 < JocelynT > 請問直播的URL之後會放在Hackmd嗎？
2017-10-28 02:50:45 < kiddchantw > [![22879118_1645526182176555_1017581460_o.jpg](https://files.gitter.im/MOPCON/mopcon-chat/7l8i/thumb/22879118_1645526182176555_1017581460_o.jpg)](https://files.gitter.im/MOPCON/mopcon-chat/7l8i/22879118_1645526182176555_1017581460_o.jpg)
2017-10-28 02:50:46 < Magic-Doufu > 萌娘不是被毛毛搞到Block了嗎(
2017-10-28 02:50:48 < wupojung > 我 把 YouTube 連結補過去 title 下面了
2017-10-28 02:50:57 < kiddchantw > 請大家注意玻璃門
2017-10-28 02:51:05 < kiddchantw > 剛剛已經有人撞到流血了＠＠“ 
2017-10-28 02:51:13 < hashman > 直播 link 官網也有唷 :) 
1. https://mopcon.org/2017/
2. https://mopcon.org/2017/live.php

謝謝唷～～～
2017-10-28 02:51:24 < wupojung > 黑壓壓的很可怕  （抖
2017-10-28 02:51:25 < hashman > @wupojung 感謝
2017-10-28 02:51:26 < mainword > @@夭壽喔!
2017-10-28 02:51:28 < JocelynT > 感謝
2017-10-28 02:51:44 < wupojung > R2 有 錄影嗎
2017-10-28 02:52:16 < JocelynT > 想知道R3有沒有＠＠
2017-10-28 02:52:48 < hashman > 是否有錄影請參考議程表唷

https://mopcon.org/2017/schedule.php
2017-10-28 02:54:23 < derekhsu > 明明是用中文問啊啊
2017-10-28 02:54:47 < Kantai235 > 傻眼貓咪 無鹽薯條
2017-10-28 02:54:57 < derekhsu > 太認真了
2017-10-28 02:55:47 < JocelynT > 可是還沒看到直播的link XD
2017-10-28 02:56:02 < Mikimoto > XDDD 講者認真的做國際友人服務
2017-10-28 02:56:11 < hashman > @JocelynT  直播 link 官網也有唷 :) 
1. https://mopcon.org/2017/
2. https://mopcon.org/2017/live.php

謝謝唷～～～
2017-10-28 02:56:16 < wupojung > @Mikimoto   莫非您也在R1 
2017-10-28 02:56:58 < Mikimoto > 是啊，我今年終於可以來聽議程了
2017-10-28 02:58:04 < wupojung > @Mikimoto  帶著 mopcon 娘 去R2 吧 （誤～
2017-10-28 02:58:15 < wupojung > 覺得R2 等等又會爆？
2017-10-28 02:58:51 < hashman > 請大家可以多多使用 app 上面的熱度圖唷，可以知道議程廳有沒有爆廳 xDDDD
2017-10-28 02:59:51 < wupojung > @hashman  話說 這個功能， 這次會議有機緣聽到 原理嗎？
2017-10-28 03:01:20 < hashman > @wupojung 詳細可以去 webduino 攤位了解唷，今年的 app 為 MOPCON 與 webduino 共同開發 :)
2017-10-28 03:01:52 < kiddchantw > https://hackmd.io/c/mopcon-2017/https%3A%2F%2Fhackmd.io%2FEYZgHArAZhwMYFoIAZgFMEBYDsA2TCYAhrtgqJumAJxpxQBMEQA%3D
2017-10-28 03:06:40 < wupojung > @hashman GJ
2017-10-28 03:09:36 < mosquitojoe85 > 熱度圖真的很有趣
2017-10-28 03:11:09 < wupojung > R2 炸了。。。。T⋯⋯T 開始罰站
2017-10-28 03:11:52 < FuYaoDe > 真的 熱度圖是怎麼做的 R
2017-10-28 03:12:32 < JocelynT > 建議以後R2改到R1 
2017-10-28 03:12:47 < JocelynT > XD
2017-10-28 03:13:40 < keith222 > 那也要看講者陣容阿 R1 zonble 大 也是大神級xd
2017-10-28 03:13:51 < mosquitojoe85 > R2的熱度圖滿到外面來
2017-10-28 03:13:57 < wupojung > 每次都炸。。。。
2017-10-28 03:13:58 < wupojung > 講者魔力。。。。
2017-10-28 03:14:20 < gslin > 加上沒有錄影的關係
2017-10-28 03:15:14 < Jackson45252 > 有人收集完全部的徽章了嗎？
2017-10-28 03:15:58 < wupojung > R2 可以開大聲點嗎   謝
2017-10-28 03:17:28 < savemuse > R2 場應該用 R1 場地
2017-10-28 03:21:35 < artsztu27 > Ｒ3的聲音也有點小聲
2017-10-28 03:23:03 < turtlenosleep > R3有點小聲
2017-10-28 03:23:12 < hashman > 馬上反應
2017-10-28 03:23:39 < derekhsu > 有些徽章藏在奇怪的地方
2017-10-28 03:24:48 < turtlenosleep > 工作人員辛苦了~
2017-10-28 03:25:48 < derekhsu > 今年Seafood梗很多
2017-10-28 03:26:12 < NightFeather > 小心風溼性關節炎 (不 跟這個無關
2017-10-28 03:26:21 < Mikimoto > R1 業力引爆了
2017-10-28 03:27:08 < wupojung > 去年通靈   今年seafood 就對了
2017-10-28 03:31:28 < unciax > 還缺
2017-10-28 03:33:40 < Mikimoto > 高捷少女！！
2017-10-28 03:37:04 < o3olll > Ｒ2不能攝影 怎麼還一堆人在攝影 囧
2017-10-28 03:44:18 < minchao > R1 開始講道了
2017-10-28 03:44:27 < minchao > 讚嘆 Seafood
2017-10-28 03:44:38 < Mikimoto > 苦集滅道
2017-10-28 03:44:54 < gslin > 很像 zonble 會做的事情 XD
2017-10-28 03:45:05 < minchao > XDDDD
2017-10-28 03:45:56 < Mikimoto > 自動化萬歲
2017-10-28 03:46:12 < sky172839465 > 工程師也常常遇到浪費時間的工作
2017-10-28 03:48:41 < minchao > Zonble: 軍隊都不誠實
ㄎㄎ
2017-10-28 03:49:19 < focaaby > 請問一下，R2 中間的投影機是不是有點小色差 QQ 
2017-10-28 03:56:11 < twtrubiks > R3有人看的清楚右上角的連結嗎＠＠  感恩
2017-10-28 04:05:18 < Daisord > 84w92h  ?
2017-10-28 04:42:12 < flyinglimao > 有人今天晚上還沒找到住宿嗎，這邊有個空位
2017-10-28 04:44:01 < andytwmvp > 有人有找到OCF的徽章嗎？
2017-10-28 04:45:04 < andytwmvp > 攤位好像沒有的樣子
2017-10-28 04:46:24 < JocelynT > R1的冷氣好冷啊 請問可以調整嗎？
2017-10-28 04:52:50 < zonble > https://www.slideshare.net/secret/qPZ13g2hcJPyGb
2017-10-28 05:01:10 < Magic-Doufu > COSCUP的徽章好像也不在攤位
2017-10-28 05:05:10 < Magic-Doufu > 有了
2017-10-28 05:05:43 < derekhsu > Sponsor talk 會轉播嗎
2017-10-28 05:07:58 < minchao > @zonble This uploaded file has been marked private by the author. Sorry!
2017-10-28 05:11:38 < mkidyt > 請問有人在R2撿到藍色象印保溫水壺嗎？
2017-10-28 05:14:01 < flyinglimao > 有人今天晚上還沒找到住宿嗎，這邊有個空位
2017-10-28 05:14:23 < flyinglimao > 啊按到抱歉
2017-10-28 05:15:17 < kiddchantw > https://www.youtube.com/watch?v=dnV659RNgns
2017-10-28 05:15:35 < kiddchantw > Sponsor talk 也有直播
2017-10-28 05:19:03 < kiddchantw > 在講解室內熱度圖
2017-10-28 05:25:40 < mingderwang > Hi, 歡迎 15:15 到 R2 聽 blockchain (web 3.0?) 演講. 我是講者王銘徳
2017-10-28 05:27:57 < dlspm > @zonble  大大不好意思請問一下slide 沒辦法連上...
2017-10-28 05:30:52 < wupojung > @mingderwang   好喔～～   非常期待～～～～ 
2017-10-28 06:10:19 < kiddchantw > 應該沒有
2017-10-28 06:11:15 < kiddchantw > r1  雲端！從客戶出發
https://hackmd.io/c/mopcon-2017/https%3A%2F%2Fhackmd.io%2FJwVgHA7AbAZghiAtLKSAsYxIEYGYLCK4xgAMuATAMbYgCMaaQA%3D%3D

r2 體驗升維，破框思考
https://hackmd.io/c/mopcon-2017/https%3A%2F%2Fhackmd.io%2FMYVgJgLAjGCGwFoAMAmAHLBEkDZECM0BmKBAdiLgDN8BOAUzEhSA

r3 如何運用 VoTT 及 CNTK 實作影片物件辨識
https://hackmd.io/c/mopcon-2017/https%3A%2F%2Fhackmd.io%2FKwdgjAbAhgxgLAUwLQGY4CMAMS4qgJiQA51QciEKVgZ9gAzAEyA%3D
2017-10-28 06:11:42 < kiddchantw > r2場hackMD超神速的
2017-10-28 06:17:58 < minchao > r3 標 tag 需要工人智慧
2017-10-28 06:48:54 < ajdfajdfl2003 > 直播中～ https://www.facebook.com/mopcon/videos/1348514398607606/
2017-10-28 07:04:14 < PeterDaveHello > DigitalOcean Hsinchu 今天的社群攤位 T-Shirt 抽獎要開始囉 ~ 有參加抽獎的人可以到四樓攤位一起開獎～～ ^_^ 
2017-10-28 07:12:31 < mingderwang > R2 15:15 ~ 16:00 講義, https://slides.com/ming-derwang/deck-61-64/
2017-10-28 07:17:19 < wupojung > @mingderwang  感謝～ 已轉PO 共筆
2017-10-28 07:19:27 < gene26620560 > 可以請問上一場R2魏銘信用的slide軟體嗎？謝謝
2017-10-28 08:03:30 < kilachen > PULO App 的小清新影片這兩天會在休憩時間播放，陪伴大家放鬆心情，PULO妹仔自導自演！！希望大家會喜歡～ ^Ｏ^
2017-10-28 08:16:10 < wupojung > 真的也。。。
2017-10-28 08:16:17 < wupojung > mopcon 第一次 全台語
2017-10-28 08:16:21 < twtrubiks > R1 第一排冷氣真的強 o'_'o  冷
2017-10-28 08:17:43 < wupojung > 第二屆就有了～？
2017-10-28 08:18:05 < derekhsu > 之前就有一次
2017-10-28 08:18:11 < derekhsu > 不過這次的比較標準
2017-10-28 08:18:16 < twisaacisaac > R2麥克風好糊喔
2017-10-28 08:18:56 < derekhsu > 看看大師是否真能全程台語
2017-10-28 08:19:28 < mkidyt > 英文名詞還是會講英文啦
2017-10-28 08:20:04 < derekhsu > 我覺得比起講台語 能寫出這張台羅投影片才是神
2017-10-28 08:20:25 < derekhsu > 完全不知道要用什麼輸入法啊
2017-10-28 08:21:01 < nekokazuhiko > 好奇台語投影片長怎樣XD?
2017-10-28 08:21:30 < Kantai235 > https://images.plurk.com/5JFN0bQ3SWyKXPCtJEbY.jpg
2017-10-28 08:21:49 < derekhsu > https://speakerdeck.com/shiami/ti-android-siongshi-xing-ejia-gou-she-ji
2017-10-28 08:21:51 < wupojung > (https://goo.gl/goaezH)
2017-10-28 08:22:16 < derekhsu > 全程台語不難 寫出投影片真的太可怕了
2017-10-28 08:22:31 < nekokazuhiko > 突然覺得自己成了文盲囧
2017-10-28 08:23:36 < derekhsu > 😱😱😱
2017-10-28 08:23:42 < nekokazuhiko > 狂
2017-10-28 08:24:29 < derekhsu > 這個能做筆記的也是神
2017-10-28 08:24:31 < wupojung > 有種想撞牆的 感覺
2017-10-28 08:24:32 < kiddchantw > https://hackmd.io/c/mopcon-2017/https%3A%2F%2Fhackmd.io%2FGYJgLKCMCcCsC0AjEATA7PMiDMCAce2ApplgAxGI6SyFA%3D%3D%3D
2017-10-28 08:24:41 < kiddchantw > r2 共筆
2017-10-28 08:24:42 < wupojung > 英文聽不懂就算了。。。。  台語也 快GG
2017-10-28 08:25:34 < nekokazuhiko > 共筆的小夥伴還好嗎？😂
2017-10-28 08:25:40 < minisu17 > R3滿出來了
2017-10-28 08:26:07 < nekokazuhiko > R3講者說話真是安人心神
2017-10-28 08:26:12 < wupojung > @nekokazuhiko   非常不好 - -
2017-10-28 08:26:41 < nekokazuhiko > @wupojung 幫點蠟
2017-10-28 08:31:45 < derekhsu > 然後不小心說國語了
2017-10-28 08:32:02 < derekhsu > 吐槽也是國語XD
2017-10-28 08:32:15 < nekokazuhiko > XDDDD 
2017-10-28 08:32:25 < nekokazuhiko > R3共筆
2017-10-28 08:32:36 < nekokazuhiko > 很可愛XDDDD 
2017-10-28 08:32:52 < derekhsu > 有三立本土劇感覺了
2017-10-28 08:34:38 < psdsmile > R3 講者的keynote live 無法看，再請mopcon協助～～
2017-10-28 08:36:25 < wupojung > 認真說  台語其實 很僅准的描述 事情也～ 
2017-10-28 08:36:31 < mkidyt > @psdsmile 是指直播網址嗎？
2017-10-28 08:36:36 < NightFeather > 生猛的臺語議程 XDDDD
2017-10-28 08:36:44 < psdsmile > 講者有分享他的slide
2017-10-28 08:38:07 < psdsmile > 有QR code 讓人掃描進 keynote live 看 slide，但掃進去後顯示講者沒開
2017-10-28 08:39:19 < BokuhaOutlier27_twitter > 一開始看到議程介紹就有在猜那個到底是馬來西亞語還是台語了....
2017-10-28 08:39:23 < BokuhaOutlier27_twitter > 還好我在R3
2017-10-28 08:41:02 < derekhsu > 平常要常常用台語才能這麼順 剛剛到現在也才發現2,3處不小心使用到國語
2017-10-28 08:41:08 < wupojung > 我。。。放棄了。。。（大哭）  
2017-10-28 08:41:20 < wupojung > @derekhsu 事實上有的東西 是沒有辦法 翻譯的啊 ：）
2017-10-28 08:41:59 < wupojung > ARRC  的演講 也有很多 字 是用  國語的喔
2017-10-28 08:42:12 < nekokazuhiko > 辛苦了…
2017-10-28 08:42:20 < derekhsu > 台羅本身字型沒有意義 要讀過才知道跟中文不合 不好讀是正常的
2017-10-28 08:46:15 < chengchungchen > ARRC的演講很值得一聽
2017-10-28 09:05:37 < wupojung > facebook 的台語 好可愛
2017-10-28 09:06:01 < BokuhaOutlier27_twitter > 蛤～～好想聽喔！台語我可以啊!!!!!!!!
2017-10-28 09:06:02 < wupojung > 麵切 ～～ 
2017-10-28 09:06:47 < BokuhaOutlier27_twitter > 早知道剛剛跑去R2了 台語我可以翻共筆啊！
2017-10-28 09:07:36 < hashman > UnConf 人好多...
2017-10-28 09:08:12 < BokuhaOutlier27_twitter > 2%惹...不行撐了QQ
2017-10-28 09:13:18 < wupojung > @hashman   不是結束了嗎？ QQ
2017-10-28 09:13:35 < hashman > 還沒唷 xDD 上面是正常版的結束了
2017-10-28 09:13:59 < wupojung > @hashman   所以什麼topic 呢？
2017-10-28 09:14:10 < wupojung > lighting talk ?
2017-10-28 09:15:48 < hashman > @wupojung  讓 MySQL 無痛串接 NoSQL 與 Search Engine
2017-10-28 09:15:57 < hashman > https://mopcon.org/2017/schedule_unconf.php
2017-10-28 09:21:23 < wupojung > @hashman 沒有人啊。。。T⋯⋯T
2017-10-28 09:22:14 < Kantai235 > R2 的麥克風接收怪怪的 斷斷續續
2017-10-28 09:22:19 < sky172839465 > 聲音斷斷續續…
2017-10-28 09:29:20 < mingderwang > 想加入 EtherTW slack 技術討論區, 可以自己邀請自己 http://bit.ly/252hNY0
2017-10-28 09:30:00 < mingderwang > http://bit.ly/252hNY0 通關密語：decentralized
2017-10-28 13:00:27 < appleboy > https://www.slideshare.net/appleboy/gorush-a-push-notification-server-written-in-go 今日講的 Gorush + Drone + Kubernetes
2017-10-28 14:28:59 < zonble > sketch 那個 slide 改權限了
2017-10-28 22:01:51 < jserv > @jserv 剛睡醒，開始打投影片。今天議程預計會有些互動

# Day2

2017-10-29 00:30:57 < leiadot > 共筆小夥伴今天也要加油啊啊啊
2017-10-29 00:48:28 < Jackson45252 > 直播連結 https://mopcon.org/2017/live.php
2017-10-29 00:50:34 < Mikimoto > 大家早
2017-10-29 00:50:48 < sky172839465 > 早安
2017-10-29 00:51:45 < Jackson45252 > 早晨
2017-10-29 01:00:11 < NightFeather > 早安 ' A')
2017-10-29 01:00:33 < BokuhaOutlier27_twitter > 如果明年還有北部接駁活動的話.... 有沒有考慮規劃個行李寄放區？
2017-10-29 01:01:15 < BokuhaOutlier27_twitter > 早上是有看到有拉著行李箱的會眾對於他的行李不知所措的模樣
2017-10-29 01:02:04 < NightFeather > 需要行李堆放(?)區 +1
2017-10-29 01:02:38 < NightFeather > 雖然覺得我自己沒有規劃好行李怎包的問題比較大 XD
2017-10-29 01:02:43 < BokuhaOutlier27_twitter > 像飢餓遊戲生存資源那樣堆放(誤
2017-10-29 01:06:13 < BokuhaOutlier27_twitter > 因為接駁車是6點的話....如果行李是寄放在捷運站可能沒什麼時間去拿了
2017-10-29 01:07:25 < Mikimoto > 感謝建議，明年如果贊助款項夠的話，我們會納入考慮
2017-10-29 01:10:21 < Mikimoto > 因爲每年我們想做的事都很多，但是你知道的，經費不足always是個問題啊
2017-10-29 01:11:10 < BokuhaOutlier27_twitter > 真的 經費不足的情況下資源分配就是個問題
2017-10-29 01:11:46 < BokuhaOutlier27_twitter > 有想過要不要開放群眾資助 但那可能助益不大又有衍伸其他方面的問題
2017-10-29 01:15:49 < Mikimoto > 是，後續問題很多，負擔原大於收益
2017-10-29 01:16:58 < snowian > 小弟學得，行李寄放區其實可以直接利用4f電梯前的空間，需寄放的會眾以一件為限，不負保管責任，寄放的行李上加掛號碼牌，認號碼牌領件這樣
2017-10-29 01:17:50 < snowian > 單純提議，參考飯店處理旅客行李寄放的方式
2017-10-29 01:18:23 < BokuhaOutlier27_twitter > 覆議
2017-10-29 01:18:47 < Mikimoto > 謝謝建議，我們明年會跟場地租借方爭取 XD
2017-10-29 01:19:19 < BokuhaOutlier27_twitter > XDD
2017-10-29 01:19:24 < minchao > XDD
2017-10-29 01:19:30 < ieiexyz > XDDDD
2017-10-29 01:20:10 < kiddchantw > XDD
2017-10-29 01:20:25 < ashiu13_twitter > 其實我覺得多一間房間擺放行李應該就可以解決問題了吧？北部接駁車人數大概是多少人呢？
2017-10-29 01:21:50 < Mikimoto > 今年是第一年試辦，我們還要再統計
2017-10-29 01:22:05 < ashiu13_twitter > 4F電梯前覺得不太安全時常有人在走動，也會影響到行動路線，房間只要有人控管即可。
2017-10-29 01:23:18 < BokuhaOutlier27_twitter > 可是要在放置主辦單位工作人員的物件和販售商品及活動器材之後，還有空間的情況下才有獨立房間
2017-10-29 01:23:45 < luvhalvorson > 我覺得可以體諒一下～ 才三天而已一個背包可以解決 除了重了點但是移動起來也算還好
2017-10-29 01:26:09 < BokuhaOutlier27_twitter > 我個人去外縣市參加講座也是背背包（容量大的那種
2017-10-29 01:26:30 < ashiu13_twitter > 體諒跟解決問題並不衝突，討論如何更好。
2017-10-29 01:27:55 < Mikimoto > 很感謝大家寶貴議見，今年可能來不及，明年我們會討論這個意見
2017-10-29 01:31:26 < BokuhaOutlier27_twitter > 慘了慘了，等等講者要跑路了(誤
2017-10-29 01:32:00 < NightFeather > XDDDD
2017-10-29 01:33:40 < BokuhaOutlier27_twitter > (MOPCON直播已被中國長城屏蔽
2017-10-29 01:34:03 < derekhsu > jaserv 下次入境中國就是最後一次了XDD
2017-10-29 01:35:01 < derekhsu > 那COSCOP也想要行李區
2017-10-29 01:40:28 < Magic-Doufu > 進去就出不來了xD?
2017-10-29 01:40:45 < Magic-Doufu > 樓上不要XDD(#
2017-10-29 01:44:35 < andytwmvp > 大撒幣503了XD"
2017-10-29 01:46:22 < Mikimoto > 不要這樣 13 分鐘就寫出一個 OS 就不要跟人家說要花一個小時
2017-10-29 01:46:34 < Magic-Doufu > 這是集會眾之力的壓力測試xD
2017-10-29 01:48:00 < Mikimoto > 好可怕的 DDOS
2017-10-29 01:51:16 < BokuhaOutlier27_twitter > 嘿嘿嘿
2017-10-29 01:51:20 < Mikimoto > 大會為了考量會眾拿行李問題，已經協調專車延至 18:15 發車
2017-10-29 01:55:34 < andytwmvp > 是說大會直播的過場動畫前半部是罐頭素材嗎？ 昨天回去看總冠軍賽的時候，看到球場觀眾席側邊的螢幕有類似的過場XD
2017-10-29 01:57:57 < Mikimoto > 要問問廠商，不過說不定是會眾，沒有跑上前去認親？
2017-10-29 01:59:36 < derekhsu > 其實這裡有不少日月光的人來參加XDD
2017-10-29 02:00:10 < andytwmvp > 是球場側邊大螢幕XD，看電視看到的
2017-10-29 02:02:06 < NightFeather > 早餐 ' A')
2017-10-29 02:02:52 < BokuhaOutlier27_twitter > Jaserv大大開場好有活力啊！放在第一場好適合
2017-10-29 02:03:00 < cyy91225_twitter > 今天的Unconference準備開始囉！
2017-10-29 02:08:51 < BokuhaOutlier27_twitter > 剛剛Jaserv 簡報中有提到的醫療照護其中一個資料來源：
https://www.linkedin.com/pulse/blockchain-use-cases-healthcare-anca-petre
2017-10-29 02:09:35 < wupojung > 請教一下  昨天的 最後一場有錄音嗎？  想繼續回味  XD
2017-10-29 02:11:18 < wupojung > 錄影 錄音 傻傻分不清楚 （爬）
2017-10-29 02:18:19 < BokuhaOutlier27_twitter > http://Scope.plus
2017-10-29 02:20:38 < NightFeather > [R1] 兩邊講的咒語是不同系統的 (?
2017-10-29 02:23:13 < kiddchantw > r1  https://hackmd.io/c/mopcon-2017/https%3A%2F%2Fhackmd.io%2FCYVgLMYEwAzAtDAxgMwIbzADgJxXgEZQj4DMMaWWBISWappQA%3D%3D%3D
r2  https://hackmd.io/c/mopcon-2017/https%3A%2F%2Fhackmd.io%2FCzCGCZQTmAOBaKBGa8QBMCs9SfceAY03EwDNCAjANjLM0KA%3D
r3 https://hackmd.io/c/mopcon-2017/https%3A%2F%2Fhackmd.io%2FKwZg7AHApiDGIFoAmYCMYEBYCGAmVCEwsSCqsmYAnAEY2Y2y6ZA%3D
2017-10-29 02:23:50 < kiddchantw > @wupojung   昨天最後一場應該是有的     會公告在官網跟fb
2017-10-29 02:30:50 < derekhsu > ［R1］光看就很痛了還要什麼痛點😱😱😱
2017-10-29 02:31:12 < JiaHengYu_twitter > 痛.jpg
2017-10-29 02:31:38 < derekhsu > 後面的女生一直說不敢看
2017-10-29 02:31:42 < BokuhaOutlier27_twitter > Optical see through Display光學式穿透
2017-10-29 02:32:00 < linroex > 想問一下 lighting talk 滿八個就不能在報了嗎，還是可以自己往下寫XD
2017-10-29 02:32:05 < NightFeather > 半個月 www
2017-10-29 02:32:14 < BokuhaOutlier27_twitter > 還好啦 我三類的 以前AR實驗室播放開腹手術看過了
2017-10-29 02:32:44 < NightFeather > 之前有通識是看狗的椎間盤突出矯正手術的
2017-10-29 02:34:24 < ashiu13_twitter >  R2的Fred講者Line爆掉了XD
2017-10-29 02:35:27 < Magic-Doufu > R2的一切都是愛啊！
2017-10-29 02:35:28 < mkidyt > @linroex 由於時間上的關係限制八名，往下填就是備取（？）如果有人填了放鳥就遞補上來吧
2017-10-29 02:35:57 < mkidyt > 感謝您的支持，但明年請早<(_ _)>
2017-10-29 02:37:06 < ashiu13_twitter > 人帥真好(?)
2017-10-29 02:37:35 < Magic-Doufu > 其實是炸雞(?)好吃
2017-10-29 02:37:36 < linroex > @mkidyt  好的感謝～
2017-10-29 02:37:48 < JiaHengYu_twitter > 請問有R1的講者Slider嗎?
2017-10-29 02:40:25 < mkidyt > @JiaHengYu_twitter  會後會向講者索取，但最終還是要看講者的授權喔
2017-10-29 02:40:33 < wupojung > @kiddchantw  收到～  感謝～ 
2017-10-29 02:40:54 < JiaHengYu_twitter > @mkidyt 好的 感謝
2017-10-29 02:41:37 < wupojung > ！
2017-10-29 02:41:44 < wupojung > R2 test
2017-10-29 02:41:45 < sky172839465 > R2 gogogo
2017-10-29 02:41:47 < snowian > Hi, R2
2017-10-29 02:41:50 < minchao > Hi
2017-10-29 02:41:54 < cfsghost > XD
2017-10-29 02:41:55 < FuYaoDe > 媽我在這
2017-10-29 02:41:57 < sky172839465 > cooool
2017-10-29 02:41:59 < minchao > XDD
2017-10-29 02:42:00 < ieiexyz > 好有趣！！
2017-10-29 02:42:02 < NightFeather >  ' A")
2017-10-29 02:42:03 < leiadot > 欸欸欸欸
2017-10-29 02:42:06 < Magic-Doufu > 留名囉
2017-10-29 02:42:09 < s724959099 > yo man
2017-10-29 02:42:15 < ashiu13_twitter > 卡
2017-10-29 02:42:22 < yungshenglu > yo
2017-10-29 02:42:24 < wupojung > 瞬間 召喚出很多潛水者。。。。
2017-10-29 02:42:26 < twtrubiks > 媽  我上電視惹
2017-10-29 02:42:32 < chengchungchen > Lightning Talk中有一個關於天文的talk，在MOPCON協助下，改到unconference囉
2017-10-29 02:42:33 < dlspm > 請問會 Github 出來嗎
2017-10-29 02:42:55 < rapirent > 媽 我在這!!
2017-10-29 02:42:59 < focaaby > \上電視囉/
2017-10-29 02:43:02 < dlspm > 好的座等大大 push
2017-10-29 02:43:10 < FrankLin3501 > 上電視啦～
2017-10-29 02:43:15 < dwatow > 電視要關了？
2017-10-29 02:43:25 < chengchungchen > 等等我會去擦掉
2017-10-29 02:44:24 < aiex718 > HI
2017-10-29 02:44:26 < minchao >  yo
2017-10-29 02:44:27 < fzhantw > 話
2017-10-29 02:44:28 < dlspm > hi
2017-10-29 02:44:30 < NoobTW > **hi**
2017-10-29 02:44:31 < chi_nick_twitter > 講話啦
2017-10-29 02:44:36 < ashiu13_twitter > 講一下話
2017-10-29 02:44:38 < dlspm > 出來講
2017-10-29 02:44:39 < sky172839465 > qazwsx
2017-10-29 02:44:40 < dwatow > 哇呼！加上動畫!!!
2017-10-29 02:44:42 < TeresaLiang > www
2017-10-29 02:44:43 < TommyChap > Fire
2017-10-29 02:44:46 < kiddchantw > QQQ
2017-10-29 02:44:52 < leiadot > 動畫
2017-10-29 02:44:54 < sky172839465 > ＸＤＤ
2017-10-29 02:45:05 < dwatow > !!
2017-10-29 02:45:06 < ashiu13_twitter > 淡出
2017-10-29 02:45:12 < ashiu13_twitter > 淡入
2017-10-29 02:45:33 < Magic-Doufu > @ashiu13_twitter 有彈出跟彈入嗎
2017-10-29 02:46:20 < mill1981 > @@
2017-10-29 02:47:15 < ashiu13_twitter > 實況主可能滿需要用這個的
2017-10-29 02:47:58 < Chung-Wei-Pan > R2議程好促咪XD
2017-10-29 02:48:12 < HsiangTzu > 0w0
2017-10-29 02:48:24 < minchao > 👍🏼👍🏼👍🏼
2017-10-29 02:48:40 < chi_nick_twitter > 不過大概是coding實況(大誤)
2017-10-29 02:49:11 < Magic-Doufu > 不是說好Never Live Demo嗎(#
2017-10-29 02:49:49 < JocelynT > R3 相機 iOS App 開發祕辛 x 活用 CameraKit 
AppDevKit Source
https://github.com/yahoo/AppDevKit

2017-10-29 02:56:29 < nemoboybest > 拍手～
2017-10-29 02:56:40 < Mikimoto > 流言終結者！！
2017-10-29 02:59:22 < Magic-Doufu > 我決定朝聖一下臺語場(#
2017-10-29 03:00:40 < ofafa > 待會11：30我們贊助組邀請到facebook的recruiter到unconference場地用中文以比較輕鬆的形式跟大家交流一下人才議題，歡迎有興趣徵才或是對國外工作有興趣的朋友來聊聊
2017-10-29 03:00:55 < hashman > 推～～～～
2017-10-29 03:02:41 < PeterDaveHello > 4F `DigitalOcean Hsinchu` 社群攤位不定時發放 GitHub 貼紙 ~ 歡迎大家問問題索取 :D 
2017-10-29 03:05:01 < Jackson45252 > 已卡位
2017-10-29 03:10:18 < jerseysu > R2 Automation from specification by example to reality https://drive.google.com/file/d/0B0yxRk5N9L8zTmdaZUhCUTNzZTQ/view?usp=sharing
2017-10-29 03:15:56 < BokuhaOutlier27_twitter > 阿摸！
2017-10-29 03:18:55 < kiddchantw > unconferece也有共筆喔   請在場的大大們幫忙共筆一下
https://hackmd.io/c/mopcon-2017/https%3A%2F%2Fhackmd.io%2FEwZghsBsDsICwFoBmBOAJgYwXAjAIxATCSWARAA5oMAGAVjhoprTCA%3D%3D
2017-10-29 03:19:10 < chi_nick_twitter > R2 奇怪的框架
2017-10-29 03:19:35 < sky172839465 >  所以那個醬汁呢
2017-10-29 03:19:36 < chi_nick_twitter > 是R1抱歉Q
2017-10-29 03:20:32 < BokuhaOutlier27_twitter > https://www.facebook.com/groups/graphql.tw/
2017-10-29 03:22:08 < Chung-Wei-Pan > R2在炸蝦 所以我說那個醬汁呢
2017-10-29 03:22:51 < chi_nick_twitter > R1說 夢想是了解現實如何運作後第一個放棄的東西X)
2017-10-29 03:23:26 < BokuhaOutlier27_twitter > 剛剛說到的中國人參加IT Home的心得文
http://www.94geek.com/blog/2017/taiwan-ithome/
2017-10-29 03:26:36 < leiadot > 安安 問一下 mopcon的共筆一直打不開
2017-10-29 03:26:40 < BokuhaOutlier27_twitter > https://denny.qollie.com/2016/05/14/redux-saga/
2017-10-29 03:26:44 < zonble > 你說那篇跑去前端會議然後抱怨會場聽眾都不懂 Java/C++/crontab 的奇文嗎？（茶）
2017-10-29 03:26:53 < hashman > @leiadot 我確認一下
2017-10-29 03:28:50 < chi_nick_twitter > 看到chatbot流程圖會想到做專題的恐懼(茶)
2017-10-29 03:29:15 < dwatow > 真實世界中，就會愛上它了。
2017-10-29 03:29:40 < BokuhaOutlier27_twitter > 還好啦專題的恐懼不是流程圖 而是台下的大砲
2017-10-29 03:30:22 < JiaHengYu_twitter > 真的 快瞎了
2017-10-29 03:30:58 < wupojung > @leiadot  先登錄帳號在開 共筆 試看看
 @hashman  目前R1  共筆正常中  ～～
2017-10-29 03:31:16 < dwatow > 之後 會恐懼的對象是客戶
2017-10-29 03:31:26 < chi_nick_twitter > 事後當後端維護跑走然後老闆要你修的時候(眼神死
2017-10-29 03:31:58 < hashman > @wupojung okok
2017-10-29 03:32:02 < hashman > 有問題可以在反應唷
2017-10-29 03:32:42 < leiadot > 有了 感謝
2017-10-29 03:33:04 < chi_nick_twitter > 還好當初不是我扛
2017-10-29 03:33:08 < chi_nick_twitter > 大砲
2017-10-29 03:34:13 < chi_nick_twitter > R1在做過之後聽了很有感
2017-10-29 03:34:25 < tsaiid > R1 快瞎了++
2017-10-29 03:35:14 < chi_nick_twitter > 大概三秒瞎一次
2017-10-29 03:38:30 < aiex718 > R1閃爍頻率太高了吧....
2017-10-29 03:40:27 < wupojung > 我剛還以為打雷～～～
2017-10-29 03:40:32 < minchao > 瞎了
2017-10-29 03:41:57 < sky172839465 > 請問有R3的簡報嗎 狀況如何
2017-10-29 03:45:14 < BokuhaOutlier27_twitter > 如果是活動需要很多照片的話 我個人可以稍微忍受閃爍頻率....
2017-10-29 03:47:14 < unciax > R3 網路上有之前講者在其他場講同樣題目的簡報 不過內容可能有些變化 https://docs.google.com/presentation/d/1-nq0fV_taWpWOq_3Zf2t3gaclOggF8bIcaAauFoc2Yk/edit#slide=id.g248ebdb262_0_109
2017-10-29 04:10:14 < BokuhaOutlier27_twitter > 不好意思打個岔  充電區的場地空間其實蠻充裕的，請問下次可不可以把兩組桌子再拉開一點呢？ 但如果是地板線路配置限制所致的話就沒辦法了
2017-10-29 04:15:56 < elvismetaphor > 請 「工作人員」 幫個忙，協助把這份文件加進索引內，謝謝
https://hackmd.io/MwdgxghgnGYCYFoCMUkDMEBZaJgJgFYEAOCAUyQjigCM4kaIg===?edit
2017-10-29 04:16:20 < Jackson45252 > OK
2017-10-29 04:17:54 < sky172839465 > 謝謝
2017-10-29 05:37:46 < unciax > R2 「客戶永遠是最可怕的」
2017-10-29 05:38:07 < sky172839465 > 嚇到吃手手
2017-10-29 05:43:59 < chnbohwr > 歡迎前端工程師來 13:45 uncon
2017-10-29 05:46:07 < sky172839465 > 請問 uncon 在哪裡？
2017-10-29 05:46:40 < wupojung > 3F左側
2017-10-29 05:47:03 < sky172839465 > thanks!
2017-10-29 05:55:54 < choon94 > 請問現在有錄影轉播嗎？
2017-10-29 05:57:47 < kiddchantw > https://mopcon.org/2017/   官網首頁有直撥訊息
2017-10-29 06:02:28 < choon94 > 好的 謝謝
2017-10-29 06:02:55 < mkidyt > 如果有人想要吃午餐的話，可到三樓服務台領取喔～
2017-10-29 06:16:36 < cyy91225_twitter > 本場Unconference在分享資訊技術在天文研究上的應用！歡迎來聆聽～
2017-10-29 06:20:21 < kiddchantw > 歡迎大家多利用 hackmd做紀錄分享   
https://hackmd.io/c/mopcon-2017/https%3A%2F%2Fhackmd.io%2FEwQwjALArADAzBAtAUwCbIOyIqgZmRAIwGNDlEBOANhAgxgyjlRyA%3D%3D%3D
2017-10-29 06:39:31 < sufuf3 > DigitalOcean Hsinchu 即將三點的時候要現場抽限量的 T-shirt 以及鯊魚拖鞋囉！
三點在 4 樓 DigitalOcean Hsinchu 攤位不見不散唷！

https://www.facebook.com/DigitalOceanHsinchu

2017-10-29 06:43:46 < lindsayrain > R1 產品設計團隊的價值與挑戰  Kaba 
資料補充 
https://sprintstories.com/a-simple-explanation-of-gv-sprints-with-gifs-32e8acfd0636
http://blog.strategyzer.com/posts/2017/9/11/how-customers-adopt-products
2017-10-29 06:48:51 < wupojung > @lindsayrain 感謝，我也抓到一份資料 一併 share 
https://drive.google.com/file/d/0B4Ot7byf9qWuOUthRGRUeEFyd1E/view
source from https://www.facebook.com/UiGathering/posts/10155072101813382
2017-10-29 06:53:39 < cyy91225_twitter > 發現有一場 lightning talk 的報名取消了！還想報名的會眾可以前往填寫白板唷！
2017-10-29 07:01:04 < BoboBearLin > R2 的空調是不是關掉了？
2017-10-29 07:02:12 < hashman > 空調已經轉達館方進行調整了
2017-10-29 07:14:30 < BoboBearLin > 謝謝
2017-10-29 07:15:28 < sufuf3 > DigitalOcean Hsinchu 已經抽獎抽出 4 幸運兒囉！
T-shirt 的獲獎者為：
吳俊億
劉采旻
陳伯維
鯊魚拖鞋的獲獎者為：游鎮嘉
請大家在 3:30 前到 DigitalOcean Hsinchu 領獎唷！
2017-10-29 07:23:14 < ashiu13_twitter > 以後點心時間可以盡量等該樓層議程結束之後再開始排隊嗎？那不然覺得有點不太尊重講者
2017-10-29 07:25:06 < ashiu13_twitter > 雖然以後是下一屆了XD
2017-10-29 07:28:21 < sky172839465 > 最後一場R2會轉播嗎？
2017-10-29 07:30:51 < wupojung > R2 很 “熱” ING
2017-10-29 07:31:09 < wupojung > 冷氣 hold 不注了吧 XD
2017-10-29 07:33:35 < gene26620560 > 原來R2有開空調 (愣
2017-10-29 07:34:34 < hashman > 抱歉各位已經有跟館方反應唷，只是中央空調調整需要點時間還請大家多多擔待
2017-10-29 07:37:46 < mimiguo > 不好意思
2017-10-29 07:38:11 < mimiguo > R2左後方隔音不太好
2017-10-29 07:39:13 < mimiguo > 能請外面的人稍後
2017-10-29 07:39:40 < hashman > @mimiguo 收到已經在處理了
2017-10-29 07:39:46 < mimiguo > 謝謝
2017-10-29 07:51:40 < wupojung > 在冷氣沒有作用的時候 可以 把門打開一點點嗎。。。。 好悶 T⋯⋯T
2017-10-29 07:52:53 < hashman > @wupojung 收到處理中唷
2017-10-29 07:53:14 < jack24254029 > 請問有"以 Vue / GSAP / D3 為核心的網頁視覺動態整合與架構設計"議題講者的聯絡方式嗎？
2017-10-29 07:53:27 < wupojung > @hashman  感覺得到解脫   THX
2017-10-29 07:54:27 < wupojung > @jack24254029  how about FB? 
https://www.facebook.com/MajerOWOb
2017-10-29 07:55:59 < jack24254029 > 直接加好友嗎XD
2017-10-29 07:56:08 < wupojung > @jack24254029 
studio 右側有電話，請自行參考喔
https://www.facebook.com/MonoameDesign/
2017-10-29 07:56:26 < wupojung > Google 來的  不負責 喔XDD
2017-10-29 07:56:52 < jack24254029 > 好喔XD 感謝
2017-10-29 08:07:44 < sky172839465 > 16:15會直播嗎 下面人太多會爆掉
2017-10-29 08:08:04 < sky172839465 > youtube
2017-10-29 08:08:20 < hashman > @sky172839465 會唷
2017-10-29 08:08:43 < sky172839465 > good job
2017-10-29 08:17:17 < cfsghost > [![Brig：用愛釋放你的 UI 開發能量！.pdf](https://files.gitter.im/MOPCON/mopcon-chat/2HoC/thumb/Brig_______-UI-_____.jpg)](https://files.gitter.im/MOPCON/mopcon-chat/2HoC/Brig_______-UI-_____.pdf)
2017-10-29 08:20:07 < kiddchantw > R1已經滿場囉
https://www.youtube.com/watch?v=Ux9xOj9Vfkw
2017-10-29 08:20:29 < derekhsu > 去年有誰也有聽過 Tera 的？
2017-10-29 08:21:03 < wupojung > @derekhsu  我。。沒有。。我去年病號 ，哭哭
2017-10-29 08:21:49 < kiddchantw > https://hackmd.io/c/mopcon-2017/https%3A%2F%2Fhackmd.io%2FMYBgbKwIYOwLQA4CMICscAsMBGBOOuMS8CquU2IAzElRiAkA
2017-10-29 08:21:59 < kiddchantw > 共筆連結如上
2017-10-29 08:23:35 < wupojung > 17 % 苦戰中
2017-10-29 08:24:12 < jserv > 感謝各位透過「大撒幣」，間接幫忙測試了 IOTA 網路，今天的交易狀況: https://iota.dance/tangle 
2017-10-29 08:26:41 < jack24254029 > 去年聽過(舉手
2017-10-29 08:27:41 < derekhsu > 我一直被卡無法加入大撒幣，下次能請Google Cloud 贊助嗎XDD
2017-10-29 08:28:32 < jserv > @derekhsu, 這是我們程式沒寫好，下次有類似的活動，我們會爭取繼續「大撒幣」
2017-10-29 08:28:58 < jserv > (下次要更好 >_< )
2017-10-29 08:29:26 < derekhsu > 😄😄😄
2017-10-29 08:29:56 < derekhsu > 11月還有一個 台日合作 web 祭XD
2017-10-29 08:30:39 < derekhsu > CIH加入喔？
2017-10-29 08:30:50 < derekhsu > 好久沒聽到他了
2017-10-29 08:31:24 < jserv > 「大撒幣」緊急加碼，歡迎來玩:  https://mopcon.org/2017/lottery.php
2017-10-29 08:32:05 < wupojung > 非常出名的 前輩
2017-10-29 08:32:55 < derekhsu > 現在小朋友可能沒聽過他
2017-10-29 08:34:17 < yillkid > 「大撒幣」那個真的很抱歉，機器沒撐住。 :'(
2017-10-29 08:34:26 < yillkid > 但還有餘額！
2017-10-29 08:35:03 < jack24254029 > 送出後 卡住
2017-10-29 08:35:41 < yillkid > 要花點時間做 POW (proof-of-work) 
2017-10-29 08:35:58 < yillkid > 成功後會得到一組交易明細。
2017-10-29 08:36:26 < jserv > @yillkid, 程式沒寫好，就變成真正的「傻幣」了
2017-10-29 08:36:36 < yillkid > :(
2017-10-29 08:36:43 < derekhsu > 真的做出來非常可怕
2017-10-29 08:36:55 < derekhsu > 殺手級的應用
2017-10-29 08:42:47 < jack24254029 > 還在卡XD
2017-10-29 08:43:13 < yillkid > 我在調整了。 ><
2017-10-29 08:43:22 < yillkid > 很多人在搶幣。 ><
2017-10-29 08:43:43 < jack24254029 > 辛苦了~
2017-10-29 08:44:04 < yillkid > 我這輩子沒有這麼急著拿錢出來給人家過。＠＠
2017-10-29 08:45:14 < jack24254029 > POW 大概要多久的時間
2017-10-29 08:45:16 < jack24254029 > ？
2017-10-29 08:45:54 < yillkid > 原本是 1~2 min ... 但我的機器被 DDOS 中 ... @@
2017-10-29 08:46:15 < jack24254029 > 會眾們DDOS
2017-10-29 08:46:17 < yillkid > 剛剛看到一個老兄花了 20 min 做完 POW
2017-10-29 08:46:38 < jack24254029 > 我等五分鐘就重新整理了XD
2017-10-29 08:47:35 < wupojung > 這個是不是。。。。 要列入梗裡面啊XDDD
2017-10-29 08:47:46 < wupojung > 笑翻
2017-10-29 08:47:50 < yillkid > :'(
2017-10-29 08:55:04 < Magic-Doufu > 出書了，"在DDOS中的遠端搶救指南"
2017-10-29 08:55:16 < andytwmvp > 我是直接500 :P
2017-10-29 08:56:09 < yillkid > 有啦剛剛又成功了幾筆，然後機器又爆炸惹。
2017-10-29 08:56:48 < jack24254029 > OAO
2017-10-29 08:56:57 < andytwmvp > 太操了
2017-10-29 08:58:00 < wupojung > no power  
2017-10-29 08:58:05 < wupojung > QQ
2017-10-29 08:58:21 < JiaHengYu_twitter > R1第一排有聽到對焦聲可以先閉眼有比較好 XD
2017-10-29 08:58:27 < andytwmvp > 結果我看到我的APP跳好幾筆交易@@
2017-10-29 08:58:53 < andytwmvp > 只有一筆confirmed 其他都pending
2017-10-29 08:58:59 < yillkid > 那就是成功上 Tangle 了，等待 confirm 中。
2017-10-29 08:59:04 < yillkid > 我是說 pending ...
2017-10-29 08:59:50 < jack24254029 > trans裡面有就代表成功？
2017-10-29 09:03:20 < yillkid > pending 的就是已經上分散式帳本了 ...  但 IOTA Tangle 現在還不是 100% 去中心化 (在 Tangle 還是 beta 階段)，有一 coordinaotr 會幫這些 pending 的交易做確認。
2017-10-29 09:04:05 < yillkid > 不過你那邊顯示 pending 的我也會在帳本上看到，我會儘量協助確認交易。
2017-10-29 09:04:29 < yillkid > 講白一點 pending 的就是已經衝破 DDOS 這關，把交易廣播出去了。XD
2017-10-29 09:16:06 < jserv > FOSSASIA 的演講好棒
2017-10-29 09:16:34 < NightFeather > 淡水河 ' A')
2017-10-29 09:17:46 < cyy91225_twitter > 他Unconference有提到
2017-10-29 09:18:25 < cyy91225_twitter > 說淡水河以南的大型研討會只有MOPCON
2017-10-29 09:18:53 < Mikimoto > 歡呼^^
2017-10-29 09:31:25 < andytwmvp > 日本的中華電信XD
2017-10-29 09:51:07 < Mikimoto > 謝謝大家，大家明年見囉
2017-10-29 10:17:04 < unciax > 工作人員辛苦了!!!
2017-10-29 10:34:03 < derekhsu > 我最後還是搶不到幣QQ
2017-10-29 11:39:13 < jack24254029 > 錢包裡面 Transfers 有紀錄就代表成功嗎？
2017-10-29 15:46:09 < yillkid > @jack24254029 他是一直顯示 pending  狀態嗎？
2017-10-29 15:47:25 < jack24254029 > 狀態是寫Confrimed
2017-10-29 15:47:46 < yillkid > 那就是確認了，你應該有款項進入你的電子錢包了？ :)
2017-10-29 15:48:13 < jack24254029 > 都是寫0 XD
2017-10-29 15:49:50 < yillkid > Confrimed 之後還是 0？ 你 Confrimed 的那一筆 value 為何？（因為通常新錢包會有一筆 Confrimed 但 value 為 0 的紀錄，用意是將您的 Address 登錄在 Tangle 上。
2017-10-29 15:50:41 < jack24254029 > 那應該就是還沒成交過了XD
2017-10-29 15:50:44 < jack24254029 > 那是第一筆
2017-10-29 15:50:47 < jack24254029 > 都寫0
2017-10-29 15:50:58 < yillkid > 那是用來登記  Address 的交易紀錄。
2017-10-29 15:51:01 < yillkid > 不算。XD
2017-10-29 15:51:07 < jack24254029 > 原來如此XD
