--- Day changed Fri Oct 24 2014
01:17 -!- mode/#mopcon [+o ericpi] by ChanServ
02:07 -!- mode/#mopcon [+o ericpi] by ChanServ
02:53 -!- mode/#mopcon [+o ericpi] by ChanServ
03:43 -!- mode/#mopcon [+o ericpi] by ChanServ
10:07 -!- mode/#mopcon [+o ericpi] by ChanServ
11:13 -!- mode/#mopcon [+o ericpi] by ChanServ
12:09 <@ericpi> 明天就要開場囉!!!!
14:17 < CWHsiao> exit
16:13 -!- mode/#mopcon [+o ericpi] by ChanServ
17:04 -!- mode/#mopcon [+o ericpi] by ChanServ
23:18 -!- mode/#mopcon [+o ericpi] by ChanServ
23:34 < cqd_> test
23:36 < cqd_> test
23:40 < little_girl_love> 測試 kiwi irc
23:42 < little_girl_love> 中文測試
23:49 < CQD>  /LOG OPEN -targets #chat ~/irclogs/mopcon/%Y-%m-%d.log ALL -JOINS -QUITS -PARTS
23:49 < little_girl_love> 中文測試
--- Day changed Sat Oct 25 2014
00:04 < cqd_> ls
00:07 < little_girl_love> 中文...
00:09 -!- mode/#mopcon [+o ericpi] by ChanServ
00:40 -!- mode/#mopcon [+CQ] by ericpi
00:40 -!- mode/#mopcon [+o CQD] by ericpi
00:41 -!- CQD changed the topic of #mopcon to: MOPCON 2014 盛大開幕中
00:42 -!- ericpi changed the topic of #mopcon to: "MOPCON 2014 - 濁水溪以南最強大行動應用科技開發者年會"
00:42 -!- ericpi changed the topic of #mopcon to: MOPCON 2014 - 濁水溪以南最強大行動應用科技開發者年會
00:42 < afutseng> 好熱鬧啊
00:42 < derekhsu> 已經有人了？
00:43 < derekhsu> 今天加班加到10點半orz。
00:43 <@ericpi> 阿福~~ (招手
00:43 < afutseng> ericpi:局長早安
00:43 < weitsai> XDD
00:43 <@ericpi> xDDDD
00:43 < afutseng> 好多眼熟的 ID
00:44 < derekhsu> Developers' Night是什麼東西？
00:45 < weitsai> HIHI！！
00:45 < weitsai> 先偷跑進來 XDD
00:46 <@ericpi> 今年 Wifi 有密碼喔
00:46 < derekhsu> 議程表上沒有報到時間？
00:46 < derekhsu> 密碼是什麼？
00:46 <@ericpi> mopcon2014-4f / mopcon2014-3f 兩個 SSID, 密碼與 SSID 同
00:46 < weitsai> 就是 SSID
00:46 <@ericpi> (聽說是 Cisco AP 設定限制)
00:47 <@ericpi> 報到時間 8:00~8:45, 只有在 8:45 完成報到才能參與第一場手機抽獎囉~
00:49 < derekhsu> 今年微軟很努力啊
00:50 < derekhsu> 那這樣不能早上爬完山再去了
00:53 < testest> ^^
00:56 <@ericpi> 不過明天早上是抽 ZonFone 接 ASUS Cloud 議程
00:56 <@ericpi> 不過這次手機抽得很歡樂應該是跑不到了... xDDDD
00:56 <@ericpi> @derekhsu 就是個跟眾大神吃吃
00:56 <@ericpi> 喝喝的場合.. xD
01:03 < derekhsu> 嘿嘿，那要去看看囉
01:10 < weitsai> http://jarsing.blogspot.tw/2014/10/mopcon2014-coupons.html
01:13 < Guest97996> hello?
02:24 <@CQD> Test
02:45 < JohnSie> @@
02:56 < sjlu> 大家安安
03:08 -!- mode/#mopcon [+o ericpi] by ChanServ
04:29 <@mikimoto> 早安，看起來很多人都蠻早起的嗎，工作人員嗎 XD
05:09 -!- mode/#mopcon [+o ericpi] by ChanServ
06:48 -!- mode/#mopcon [+o ericpi] by ChanServ
08:22 < Andox> 早~
08:25 < derekhsu> 好早
08:42 -!- mode/#mopcon [+o ericpi] by ChanServ
08:56 < opjlmi> 有聯播嗎 .....
09:00 < derekhsu> 今天有午餐嗎？要自己訂？
09:01 < Mouther> 早安
09:13 < zeroplex> 早安
09:14 < Mouther> 學長早 Orz....
09:25 < taipeiwu> 大家早餐
09:25 < taipeiwu> 早安
09:27 < linroex> 早～
09:33 < jserv--> 提醒大家 MOPCON 有共筆: https://mopcon.hackpad.com/MOPCON-2014-Day1-Sessions-g4tcQPfhdDT
09:33 < jserv--> 歡迎更新
09:34 < Mouther> 更新越頻繁 越有機會拿到 ASUS 手機 !
09:36 < linroex> 有人知道哪裡可以充電嘛QQ
09:37 < YuCheng> 服務台好像可以充
09:37 -!- mode/#mopcon [+o ericpi] by ChanServ
09:39 < linroex> 嗯嗯謝囉
09:42 <@ericpi> 請注意，我們只提供300份便當給先到的會眾，如您沒領到餐券，請務必於10:00前在報到處右側訂購午餐。
09:43 <@ericpi> 另四樓服務台備有鹽埕小吃資訊，歡迎索取。
09:44 < derekhsu> 哇
09:44 < derekhsu> 我沒有領到餐卷
09:57 < janelin> 想問一下hackpad網址在哪 找不到QQ
09:58 < keith222> 手冊裡有喔
09:58 < test_> test by chusiang
09:58 < keith222> https://mopcon.hackpad.com/MOPCON-2014-Day1-Sessions-g4tcQPfhdDT
09:59 < janelin> 感謝!
10:00 < O______________O> Qwert
10:01 < test_> for test
10:02 < robinliks> 做App要賺錢，只有遊戲有機會 :(
10:02 < YuCheng> Wifi gg了
10:10 < CCKai> test
10:15 -!- mode/#mopcon [+o ericpi] by ChanServ
10:16 < WanJen> Hello
10:21 < darkx> hi all
10:30 -!- mode/#mopcon [+o ericpi] by ChanServ
10:34 < cckai_> 遊戲抄襲也會成功
10:35 < cckai_> 只要活得久，未必要有創新的遊戲app
10:36 < keith222> 例如 某神x之塔嗎（誤）xd
10:37 < keith222> btw 二廳這邊的mic 會有雜訊現象 可能要麻煩工作人員之後來查看一下
10:41 < taipeiwu> 4廳這也可以充手機唷
10:51 < zeroplex> Jeol on Software - 每個軟體開發者都絕對一定要會的Unicode及字元集必備知識  
10:51 < zeroplex> http://local.joelonsoftware.com/wiki/The_Joel_on_Software_Translation_Project:%E8%90%AC%E5%9C%8B%E7%A2%BC
10:53 < MouseMs> workshop 場地現在是 gitcafe 的強哥的議程
11:05 -!- mode/#mopcon [+o ericpi] by ChanServ
11:06 < zeroplex> [R1]講師講到 Java 嘆了一口氣 XD
11:06 < linroex> 請問有人知道Lighting Talk何時可以報名嘛XD
11:07 < syu> 二廳麥克風很爛誒
11:10 < Poy> 一廳後方應該會覺得在聽兩場演講 XDD
11:10 < cckai_> 麥克風有人處理中
11:11 < JimmyWu> 現在好多了
11:11 < JohnSie> 一次聽兩場有賺到的感覺阿~~ :p
11:11 < JohnSie> 呼呼
11:12 < Poy> 嗯嗯 ^_^
11:12 < cckai_> 哈~有協調音量了，有改善了吧！
11:12 < Poy> 有喔！
11:13 < Poy> 辛苦場控人員了 =)
11:35 < andytwmvp> R2大爆炸
11:37 < cckai_> 三廳主題：https://livehouse.in/
11:40 < JimmyWu> 有錢的D繼承了有錢的老爸  有錢的老爸繼承了KMT
11:40 < JimmyWu> 筆記
11:41 < Poy> XD
11:42 < andytwmvp> 會場ap好亂＠＠
11:43 < cckai_> 有大會手冊可以參考，或是找服務台幫忙
11:44 < cckai_> 會場ap可到mopcon紡絲頁內有說明
11:47 < andytwmvp> 喔喔，我是指私人ap太多都蓋掉了＠＠
11:49 < Poy> 頗多 ~~
12:05 < andytwmvp> [R2] 不是每個學校都會放jserv給你用
12:05 < Johnny> hello
12:10 < zeroplex___> R1  傳輸資料量小就用 GET，所以傳送帳號密碼就用GET 吧 (誤)
12:10 < cckai_> 馬上要抽獎了，有手機
12:17 < cckai_> 三廳抽獎中
12:17 < cckai_> 華碩手機一支
12:39 -!- mode/#mopcon [+o ericpi] by ChanServ
12:46 < sobonbon> 不好意思 請問一下ICCK的wifi可以使用嗎？
12:49 < Mouther> wifi 悲劇.....
12:50 < kiang> hello world
12:51 < Mouther> 是 kiang 大!!! (( Orz...
12:51 < kiang> -.-||
12:52 < kiang> 女兒睡覺偷偷溜上來，現場網路不順？好像沒有歡樂感覺 XD
12:54 < Mouther> 台灣的conference wifi 應該都沒好過 QQ
12:54 < kiang> 恩，受限場地吧，目前大概只有中研院場地最佛心了 XD
13:00 -!- mode/#mopcon [+o ericpi] by ChanServ
13:03 < CCKai> 預告：三廳下午第一場又有抽手機活動
13:23 -!- mode/#mopcon [+o ericpi] by ChanServ
13:23 < kewang> 大家好，這是今天早上我在一廳的slide http://www.slideshare.net/kewang/how-to-build-a-scalable-sns-via-polling-push
13:38 < kiang> kewang++
13:45 < Mouther> kewang: ++
13:49 < roliroli> Test
13:51 < kiang> test done
13:52 < Mouther> break!
14:24 -!- mode/#mopcon [+o ericpi] by ChanServ
15:07 < Mouther> 提醒大家現場有點心!
15:09 < Amo_> 下午茶時間!!!!!!!
15:09 < Mouther> 3F也有歐
15:30 < Mouther> IRC 好冷清 Q_____________________________Q
15:30 < seadog007> 對啊 不太科學w
15:31 < uranusjr> 有沒有穩定電源還是有差吧, 很多人都不想拿電腦出來
15:31 < seadog007> 18%
15:32 < seadog007> 真的是電源的問題
15:34 -!- mode/#mopcon [+o ericpi] by ChanServ
15:35 < cckai> 各樓層都有提供充電區，可以利用
15:39 < cckai> 三廳挺有趣的
15:40 < Mouther> 只能待在二廳 覺得殘念 QQ
15:42 < cckai> 創業過程燒光錢，幾乎放棄，到現在七八十人
15:43 < cckai> 創業過程自己組裝所有辦公桌椅
15:43 < cckai> 從學生時代就參加創業類的比賽
15:44 < cckai> 參加比賽是種好的曝光方式
15:44 < cckai> 有曝光就有人按讚
15:44 < cckai> 有曝光就有行銷
15:46 < cckai> 辦公室掛三個時區鐘，雖然只看gmt+8，但強迫自己可以走出海外
15:47 < cckai> 在內地的站，一定得有內地DNS
15:48 < cckai> 為了內地，網站要符合內地效果
15:48 < cckai> 符合內地審美效果，閃閃閃
15:49 < cckai> 因為網路速度慢，所以早期內地人會click多個站點，等他load完再看
15:49 < cckai> 養成內地人會常會同時多開頁面
15:53 < cckai> 內地的QR code 普及率很高，媽媽、婆婆都知
15:55 < cckai> 內地頻寬不高，但不阻礙開發與使用者使用
15:56 < cckai> 被抄襲是常態
15:56 < cckai> 被抄襲抗議無效
15:58 < cckai> 先思考有沒有被抄襲的價值
16:06 < cckai> 多參加些活動，認識些有正能量的人
16:12 < CCKai> 酸民是不分國界
16:24 < CCKai> 三廳開講遊戲開發
16:24 < CCKai> 日本人的遊戲開發經驗
16:26 < CCKai> 三廳播放很多有趣動畫
16:28 < Mouther> 上午聽日本人講英文已崩潰 ..
16:31 < Mouther> 二廳已滿
16:31 < Tako> 安安
16:31 < Tako> 這裡有人？＠＠
16:33 < Mouther> ._./
16:33 < TONYYANG> :D
16:33 < Mouther> 主持人在耍費 Zzzz
16:33 < madarame> 今年有哏全集嗎？
16:34 < Mouther> irc 好冷清ㄚㄚㄚㄚ
16:34 < Mouther> BTW 有人在二廳會覺得聲音太小的嗎 ?
16:36 -!- mode/#mopcon [+o ericpi] by ChanServ
16:36 < CCKai> 二廳音量確認中
16:37 <@mikimoto> Deadline!!!
16:59 < alikefool> ping
17:01 -!- mode/#mopcon [+o ericpi] by ChanServ
20:09 < chusiang> 終於上來 IRC 了。
