--- Log opened Sat Oct 27 09:37:24 2012
09:37 -!- chusiang- [~jonny@120.118.227.204] has joined #mopcon
09:37 [Users #mopcon]
09:37 [@chusiang] [ chusiang-] [ DennyHuang] 
09:37 -!- Irssi: #mopcon: Total of 3 nicks [1 ops, 0 halfops, 0 voices, 2 normal]
09:37 -!- Channel #mopcon created Sat Oct 27 09:29:48 2012
09:38 -!- Irssi: Join to #mopcon was synced in 50 secs
09:38 <@chusiang> 哈，開始紀錄 IRC log
10:07 -!- CQD [~cqd@1-173-207-34.dynamic.hinet.net] has joined #mopcon
10:07 -!- irvin_ [~irvin@1-173-207-34.dynamic.hinet.net] has joined #mopcon
10:11 -!- mikimoto [~mikimoto@59-125-136-88.HINET-IP.hinet.net] has joined #mopcon
10:11 < mikimoto> hlb 講了很多辛酸事啊
10:11 < CQD> PV 越低越好...w
10:16 < mikimoto> 當我們從美東機房，移到東京機房，我們好像回到了台灣 XDDD
10:17 < mikimoto> #回到台灣其實會更.......
10:18 <@chusiang> 回台灣反而比較不穩啊 XDD
10:19 -!- ericpi [~eric@staff.kkbox.com.tw] has joined #mopcon
10:20 < ericpi> 人好少啊...
10:20 <@chusiang> RAM 衝到 12xGB 不知道要花多少錢 XXD
10:21 -!- softcup [~softcup@1-173-207-34.dynamic.hinet.net] has joined #mopcon
10:21 < mikimoto> 大家不知道是不是出過午飯才來 XDDD
10:22 <@chusiang> 光早餐就吃的這麼撐，午餐怎麼辦啊 XDD
10:22 < mikimoto> 吃過 :p
10:22 -!- Aminzai [~Aminzai@li414-152.members.linode.com] has joined #mopcon
10:22 < Aminzai> @@
10:22 < Aminzai> 有人耶！
10:22 < softcup> xddd
10:22 < softcup> 剛剛找軟體來加入 IRC
10:23 <@chusiang> softcup: 用了這麼多種，還是比較愛用 irssi XDD
10:23 <@chusiang> 跑 DB 的那台等級要是不夠都會很慘！
10:23 < Aminzai> chusiang: IRSSI還要找機器來掛XDD
10:24 < softcup> chusiang: 我很少用 IRC
10:24 < CQD> COSCUP 真的是技術的推進者
10:24 < Aminzai> chusiang: Linode花錢的瞬間DB就變強了XDDD
10:24 < softcup> 好奇用一下而已，平常也不會掛
10:24 <@chusiang> Aminzai: 不用啊，linux 本機都可以用啊！
10:24 < irvin_> softcup: Thunderbird!
10:24 <@chusiang> irvin_: cool!!
10:25 < Aminzai> irvin_: Thunderbird!!可以掛喔？！
10:25 < softcup> 我沒發現可以用 Orz
10:25 <@chusiang> 最大問題 -- 金管會！！
10:25 < softcup> 真的是最大的...
10:26 < irvin_> softcup: Aminzai: 前兩版剛增加的功能，能上IRC跟SNS
10:27 < softcup> 目前正在試
10:27 -!- D-eye [~d-eye2@175.96.131.143] has joined #mopcon
10:27 <@chusiang> 代收代付的網站 XDD
10:27 -!- softcup_ [~Thunderbi@1-173-207-34.dynamic.hinet.net] has joined #mopcon
10:27 <@chusiang> softcup: SeaMonkey : 完整的 Internet 方案 - http://www.seamonkey-project.org/releases/
10:27 < softcup_> 真的用 Thunderbird 加入了...
10:28 <@chusiang> PayPal
10:29 < CQD> 這超慘....
10:29 < softcup_> 兩年後才給，這不會太誇張嗎？
10:29 <@chusiang> 辦活動借了 US$ 2,500, about NT$ 75,000，還被壓半年 XDD
10:29 -!- softcup [~softcup@1-173-207-34.dynamic.hinet.net] has left #mopcon ["暫離"]
10:29 <@chusiang> 是兩年還是半年啊 XDD
10:30 <@chusiang> 帳號被凍結是哪招 XDD
10:30 < irvin_> conferenceburnedbypaypal.tumblr.com
10:30 < D-eye> 有很多事情不能講XDDDD
10:30 <@chusiang> Not found.
10:30 <@chusiang> We couldn't find the page you were looking for.
10:30 <@chusiang> Find out why you may have encountered
10:30 <@chusiang> this error.
10:31 < mikimoto> 不能講++
10:31 < irvin_> conferencesburnedbypaypal.tumblr.com
10:32 <@chusiang> COSCUP 2012 ！！
10:32 <@chusiang> 報名前 15 分就有機器人在掃了！！
10:33 < softcup_> 還人工 reload
10:33 <@chusiang> 現在 browser 都有 plugin 了，不用人工啊
10:33 < mikimoto> 人工 reload :P
10:33 < ericpi> http://www.flickr.com/photos/lazlo/8248173/
10:33 < ericpi> http://www.flickr.com/photos/nickdoylephotos/5494347930/
10:33 < CQD> 「這年頭報名都不是人在報名的」 XDD
10:33 <@chusiang> 「這年頭報名都不是人在報名的！」
10:33 < ericpi> 丟錯 @@
10:33 < softcup_> 都是機器人...
10:34 < ericpi> programmer 都是用 automatic tools..
10:34 < mikimoto> 這年頭報名都不是人在報名的 ++
10:35 <@chusiang> 售票系統 = 手上握很多名單 @@
10:35 < ericpi> "個資法不是問題, 良心才是問題"
10:35 < softcup_> 個資法不是問題
10:35 <@chusiang> 根本沒有人看使用者同意書啊 XDD
10:36 <@chusiang> 不知明年會不會有 COSCUP 2013 報名機器人的出現！！？
10:36 < softcup_> chusiang: 不出現都很難
10:36 -!- irvin_ [~irvin@1-173-207-34.dynamic.hinet.net] has quit [Remote host closed the connection]
10:37 <@chusiang> live demo 了 5 年的網站！！！
10:38 <@chusiang> 話說場地的 WiFI 頻道還蠻亂的 XDD
10:39 -!- BeataLin [~BeataLin@1-173-207-34.dynamic.hinet.net] has joined #mopcon
10:39 <@chusiang> CQD ==
10:39 -!- irvin_ [~irvin@1-173-207-34.dynamic.hinet.net] has joined #mopcon
10:39 <@chusiang> CQD ++
10:40 < Aminzai> 可能要學一下Plurk...做選貓動作XDDD
10:41 < Aminzai> 機器人應該不會選貓XDD
10:41 < Aminzai> chusiang: 你紅了！
10:41 <@chusiang> WiFi list http://images.plurk.com/zs8G-49MrZxjg8bkO6O7X7EUtIv.jpg
10:42 -!- hechien [~hechien@120-114-142-2.ksu.edu.tw] has joined #mopcon
10:42 <@chusiang> Aminzai: 今天已經穿的夠紅了！
10:42 < softcup_> chusiang: 真的紅了...衣服也是紅的
10:42 -!- jserv-- [~jserv@1-173-207-34.dynamic.hinet.net] has joined #mopcon
10:42 < jserv--> ccc
10:42 -!- xdite [~Kydd@60.199.208.208] has joined #mopcon
10:42 < xdite> hi all
10:42 -!- sleepnova [01adcf22@gateway/web/freenode/ip.1.173.207.34] has joined #mopcon
10:43 -!- wubj [01adcf22@gateway/web/freenode/ip.1.173.207.34] has joined #mopcon
10:43  * Aminzai 我絕對不會說 chusiang 把 HITACHI..看成 "HIT"ACHI.....
10:43  * chusiang .....
10:44 -!- funnycat [~chatzilla@223-138-129-126.dynamic.hinet.net] has joined #mopcon
10:44 -!- hlb [~hlb@li381-115.members.linode.com] has joined #mopcon
10:47 -!- CQD [~cqd@1-173-207-34.dynamic.hinet.net] has quit [Remote host closed the connection]
10:49 -!- shadowcrow [~shadowcro@42-72-29-242.dynamic-ip.hinet.net] has joined #mopcon
10:50 -!- Derby [01adcf22@gateway/web/freenode/ip.1.173.207.34] has joined #mopcon
10:51 -!- thschee [~thschee@1-173-207-34.dynamic.hinet.net] has joined #mopcon
10:52 -!- thschee [~thschee@1-173-207-34.dynamic.hinet.net] has quit [Remote host closed the connection]
10:54 -!- yuhsienlee [~yuhsienle@1-173-207-34.dynamic.hinet.net] has joined #mopcon
10:57 -!- yuhsienlee [~yuhsienle@1-173-207-34.dynamic.hinet.net] has quit [Remote host closed the connection]
10:57 -!- Derby [01adcf22@gateway/web/freenode/ip.1.173.207.34] has quit [Ping timeout: 245 seconds]
10:57 -!- wubj [01adcf22@gateway/web/freenode/ip.1.173.207.34] has quit [Ping timeout: 245 seconds]
10:57 -!- sleepnova [01adcf22@gateway/web/freenode/ip.1.173.207.34] has quit [Ping timeout: 245 seconds]
10:57 -!- Yuhsien [~yuhsienle@1-173-207-34.dynamic.hinet.net] has joined #mopcon
10:59 -!- CQD [~cqd@1-173-207-34.dynamic.hinet.net] has joined #mopcon
10:59 -!- sleepnova [01adcf22@gateway/web/freenode/ip.1.173.207.34] has joined #mopcon
10:59 < Yuhsien> Hello
11:00 < CQD> 第二場要開始啦～
11:00 <@chusiang> 第 2 場開始啦
11:00 -!- Deanh [01adcf22@gateway/web/freenode/ip.1.173.207.34] has joined #mopcon
11:00 <@chusiang> = Firefox OS =
11:01 < sleepnova> 小型會議室果然好小
11:01 < softcup_> 原來大家都聽過
11:01 < Deanh> 沒聽過不是很慘嗎
11:01  * chusiang 來怒一下這裡有誰聽過「新同文堂」？ (舉手
11:01 < hlb> 嗚嗚好想聽 pokPass
11:01  * chusiang 來問一下這裡有誰聽過「新同文堂」？ (舉手
11:01 < softcup_> chusiang: Orz
11:02 < CQD> ._./
11:02 < Yuhsien> ._./
11:02 < CQD> 講者的悲嘆 XD
11:02 <@chusiang> softcup_: :P
11:02 < Deanh> 有
11:02 -!- rsghost [dd78445a@gateway/web/freenode/ip.221.120.68.90] has joined #mopcon
11:02 < rsghost> http://imcheck.in/mopcon2012.html
11:02 < hlb> 同文堂跟新同文堂的差別是什麼 ._./
11:02 < mikimoto> xdite: 大大早安 :p
11:02 <@chusiang> RIL 打電話的 Web API @@
11:03 < rsghost> MOPCON的座位表
11:03 < sleepnova> 我有在用!
11:03 < rsghost> 大家可以進去填一下XDD
11:03 < irvin_> 我錯過什麼同文堂什麼了？
11:03 <@chusiang> rsghost: link?
11:03 <@chusiang> irvin_: 說來話長啊！！
11:03 -!- Deanh [01adcf22@gateway/web/freenode/ip.1.173.207.34] has quit [Client Quit]
11:04 < rsghost> chusiang: http://imcheck.in/mopcon2012.html
11:04 -!- hechien [~hechien@120-114-142-2.ksu.edu.tw] has quit [Quit: Lost terminal]
11:04 < jserv--> 原來是，好小會議室 vs. 好有景會議室
11:04 < mikimoto> 好小會議室++
11:05 -!- DeatH_ [01adcf22@gateway/web/freenode/ip.1.173.207.34] has joined #mopcon
11:05 < jserv--> 會寫 JavaScript 的開發者，就能自己的技能，把手機搞爛。以前這是 C/C++/Obj-C/Java 開發者的特權
11:05 < sleepnova> 酷喔!
11:05 < mikimoto> XDDD
11:06 <@chusiang> JS 當道！
11:06 < sleepnova> http://imcheck.in/mopcon2012.html 很好玩!
11:06 < irvin_> rsghost: 打完網址進去看到座位圖就不動了…
11:06 -!- thschee [~thschee@1-173-207-34.dynamic.hinet.net] has joined #mopcon
11:06 < DeatH_> 去年就有聽到，不知道今年進度如何
11:06 <@chusiang> rsghost: +1
11:06 < softcup_> 如何將 Web 的技術延伸到手機上
11:06 < rsghost> 點座位圖可以定位上去
11:07 < mikimoto> BlueT 的 live demo 弄好了耶
11:07 < jserv--> 更「直白」點講...
11:07 < DeatH_> 那網站怎麼用？
11:07 < rsghost> 就，輸入名子，點地圖XD
11:07 < DeatH_> 點了沒反應，ipad不能用嗎
11:08 <@chusiang> 1. keyin nickname.
11:08 <@chusiang> 2. click your address/point
11:08 < CQD> Not working with Chrome/Firefox on Mac
11:08 < rsghost> 可能沒有做mobile的滑鼠事件...
11:08 < CQD> 點了只有一個顏色很淡的方框出現
11:08  * jserv-- 一直把 gonk 聽成「幹口」 XD
11:08 < DeatH_> Too sad
11:08 < sleepnova> 我有 check in, 有人看到嗎?
11:08 -!- BlueT_ [~BlueT@ubuntu/member/BlueT] has joined #mopcon
11:09 < hlb> jserv--: 幹可～
11:09 < softcup_> Gaia -> Gecko -> Gonk
11:09 < rsghost> 恩，你多點幾下可以看到周圍有誰
11:09 < mikimoto> jserv--: 幹可～
11:09 < rsghost> 苦主出現了
11:09 <@chusiang> rsghost: Firefox 16.0.1+build1-0ubuntu0.10.04.1 可以 work !
11:09 < BlueT_> jserv--: 幹可～ # 不知道是啥不過跟著叫
11:10 < DeatH_> Chrome on ipad應該是不行
11:10 < sleepnova> 媽呀, 為什麼要點過去才看的到
11:10 < jserv--> 「browser 沒地位」...
11:10 < sleepnova> 不是應該全顯示嗎?
11:10 < Yuhsien> iPad不能用T_T
11:10 < BlueT_> sleepnova: 因為這樣比較有樂趣 (Y)
11:10 < CQD> http://i.imgur.com/5XNi0.png <- best I can get...
11:11 < BlueT_> 跟跑大地遊戲一樣 XD
11:11 < DeatH_> 我只帶ipad來，不想戴太重
11:12 < jserv--> 幹可層！
11:12 < DeatH_> 大部份人應該還是來自臺北
11:12 < BlueT_> 哭哭我只會後端不會前端，有沒有 javascript 神人能幫忙看瀏覽器相容性？Q_Q
11:12 < rsghost> http://i.imgur.com/qfZ9R.png
11:13 -!- chusiang changed the topic of #mopcon to: MOPCON 2012
11:13 < rsghost> 那個只有用ocanvas的click事件..
11:13 < rsghost> 所以我想mobile應該是抓不到
11:13 < irvin_> 不想承認我是來自於台北的高雄人
11:13 < sleepnova> @BlueT 如果 user 看不懂, 不知道怎麼用...就不有趣...Orz
11:13 < jserv--> Marketplace of Firefox OS !
11:14 -!- chusiang changed the topic of #mopcon to: 非官方 MOPCON 2012 IRC | 官方網站: http://mopcon.org/ | 座位表 - http://imcheck.in/mopcon2012.html
11:15 < Aminzai> chusiang: GoodJob!!
11:15 < irvin_> https://marketplace.mozilla.org/
11:15 -!- chusiang changed the topic of #mopcon to: 非官方 MOPCON 2012 IRC | 官方網站 - http://mopcon.org/ | 座位表 - http://imcheck.in/mopcon2012.html
11:15 < DeatH_> Firefox extension可以被移植過來嗎？
11:16 < jserv--> Firefox OS 的開發過程完全公開
11:16 < irvin_> DeatH_: adding sdk的套件應該很好弄，基本上就是Webapp+menifesto檔而已
11:16 < jserv--> 這時候就真的「幹可」了
11:16 < DeatH_> 所以有daily build
11:17 < irvin_> 傳統用XUL+JS的套件就沒救了
11:17 < jserv--> (改爛時 :P)
11:17 < jserv--> 這次有多少人從北部過來呢？
11:17 < hlb> mozilla 裡面還蠻多很會寫 javascript 的人
11:18 < DeatH_> 超豪華，第一次看過有早餐的
11:18 < hlb> 這句話怎麼看都超合理...
11:18 < mikimoto> 超合理 ++
11:18 < jserv--> microsoft 裡面還蠻多會寫 bug 的人
11:18  * jserv-- flee
11:18  * mikimoto flee
11:18 < softcup_> layout engine 是 Browser 的強項
11:18 < Aminzai> 我算是從北部過來嘛?..
11:19 -!- Yuhsien is now known as Unifish
11:19 -!- Unifish [~yuhsienle@1-173-207-34.dynamic.hinet.net] has quit [Remote host closed the connection]
11:19 < DeatH_> 我是，我去年九月從北部過來
11:19 < jserv--> Gonk Droid !
11:19 -!- Unifish [~yuhsienle@1-173-207-34.dynamic.hinet.net] has joined #mopcon
11:19 < irvin_> https://hacks.mozilla.org/2012/10/r2d2b2g-an-experimental-prototype-firefox-os-test-environment/ 這個套件很好玩，裝了就可以在Firefox中直接開個Firefox OS來玩
11:20 < mikimoto> 也找了一個 G 開頭的
11:20 < jserv--> Gonk Droid => 幹可安卓
11:20 < DeatH_> 以後有八個g開頭的套件，那怎麼辦
11:20 -!- Unifish [~yuhsienle@1-173-207-34.dynamic.hinet.net] has quit [Remote host closed the connection]
11:21 -!- Yuhsien [~yuhsienle@1-173-207-34.dynamic.hinet.net] has joined #mopcon
11:21 < mikimoto> 就 G8 了 XDDD
11:21 < Aminzai> http://starwars.wikia.com/wiki/GNK_power_droid
11:21 < softcup_> irvin_: 這個套件要 61MB XD
11:22 -!- sleepnova [01adcf22@gateway/web/freenode/ip.1.173.207.34] has quit [Quit: Page closed]
11:22 -!- shadowcrow [~shadowcro@42-72-29-242.dynamic-ip.hinet.net] has quit [Read error: Connection reset by peer]
11:22 < DeatH_> 這樣可以做機海嗎
11:22 -!- shadowcrow [~shadowcro@42-72-29-242.dynamic-ip.hinet.net] has joined #mopcon
11:22 -!- mode/#mopcon [+o Aminzai] by chusiang
11:22 < irvin_> softcup_: 相信，我抓這個比去clone github repo 還小多了
11:22 -!- mode/#mopcon [+o jserv--] by chusiang
11:22 -!- sleepnova [01adcf22@gateway/web/freenode/ip.1.173.207.34] has joined #mopcon
11:23 -!- mode/#mopcon [+o chusiang-] by chusiang
11:23 < irvin_> softcup_: 自己編要把整個Firefox 拉下來make.....XD
11:23 <@Aminzai> @@a
11:23 <@chusiang> 原來在下今天是來學習開 IRC 的！
11:23  * Aminzai 突然多了小老鼠...
11:23 <@chusiang> IRC Commands - http://netkiller.sourceforge.net/zh-tw/linux/ch40s02.html
11:24 < irvin_> chusiang: 一起來掛 irc.mozilla.org #mozilla-taiwan 
11:24 < softcup_> irvin_: Orz 自己編..現在都好懶的做.. Orz
11:25 <@chusiang-> irvin_: 晚些在用機器掛唄
11:25 <@chusiang-> 這台在紀錄 log 了 XDD
11:25 < irvin_> chusiang-: 每天都很熱鬧！
11:26 < DeatH_> 會有live demo嗎
11:26 <@chusiang> [期待] Firefox OS live demo !!!
11:26 < CQD> "Too many connections from your IP"
11:26 < softcup_> 果然用 CSS 做圓角
11:26 < DeatH_> 這個home screen會被apple告吧？
11:27 <@chusiang> Icon 用 CSS 畫的!!
11:27 <@jserv--> 前面出現馬尾妹！
11:27 < softcup_> chusiang: 這不會太...
11:28 <@jserv--> 馬尾妹也用 CSS 畫出來的嗎？ XD
11:28 <@Aminzai> chusiang: 目前有大螢幕的都有機會被告XDD
11:28 < irvin_> chusiang-: softcup_ 看得到的東西都是網頁畫的啊
11:28 < CQD> 這才發現我筆電的 Firefox 還是 14.0，不能裝...
11:28 <@Aminzai> CQD: 衝 Aurora吧！
11:29 < DeatH_> Mozilla沒錢跟apple打官司吧
11:29 < CQD> 我只是太久沒重開 Firefox 而以 XD
11:29 <@chusiang> jserv--: CSSgirl Dev & Design - Master of CSS and Dirty Diapers - http://www.cssgirl.com/
11:29 <@Aminzai> CQD: 你也撐太久了.....
11:29 < irvin_> CQD: <-三個月前的老古董
11:29 < DeatH_> 這是javascript嗎？
11:30 < CQD> http://rei.idv.tw/sample/mio.html <- CSS .... 沒有馬尾妹
11:30 < softcup_> DeatH_: 這應該供給 JS 呼叫的介面
11:31 < irvin_> DeatH_: https://wiki.mozilla.org/WebAPI/WebTelephony
11:31 -!- rsghost [dd78445a@gateway/web/freenode/ip.221.120.68.90] has quit [Ping timeout: 245 seconds]
11:31 < DeatH_> 喔，瞭解
11:31 <@chusiang> jserv--: 沒有馬尾妹，只有蒙娜麗莎 - http://codepen.io/jaysalvat/pen/HaqBf
11:32 < hlb> 明明是個手機
11:32 < DeatH_> 懷舊吧
11:32 < hlb> 出現 navigator.xxx
11:32 < DeatH_> 就感心
11:32 < hlb> 餘毒吧
11:32 < mikimoto> 在 Cocoa 也很多人問什麼是 NS, NS 就是 NeXTSTEP
11:33 <@jserv--> NS vs. ns
11:33 < mikimoto> 在 Mozilla 的 NS 就是 Netscape XD
11:33 <@chusiang> NS? NS 就是設定 DNS 會用到的那個！？ XDD
11:33 < hlb> 當小孩打電話出去之後, 送 ajax 到我手機的 log...
11:34 < hlb> 當老公打電話給小三成功之後，播電話到警察局
11:34 < irvin_> hlb++
11:34 < Yuhsien> XD
11:34 < DeatH_> 抓得到語音內容嗎
11:34  * chusiang 當年瀏覽到這個網站時，手機會自動撥號給該站的管理者 ...
11:35  * chusiang 當瀏覽到這個網站時，手機會自動撥號給該站的管理者 ...
11:35 < DeatH_> 自動開啓錄音，傳到吧youtube
11:35 <@chusiang> (大誤
11:35 < softcup_> DeatH_: 徵信社的最愛...
11:35 < hlb> DeatH_: 用 websocket 直接傳出去吧
11:36 <@chusiang> <strike>在網址後面接電話號碼的 POST？！</strike>
11:36 < softcup_> 順便傳送定位..
11:36 < Yuhsien> 現在要外遇愈來愈難了(?)
11:37 <@chusiang> 疑問，既然是跑 browser，那是不是每個 Firefox OS 都得跑一隻 web server 的 daemon?
11:37 < DeatH_> 那不是browser喔
11:37 <@Aminzai> D-eye: 要吃中餐了，還吃早餐喔！？XDDD
11:38 < softcup_> chusiang: 不用吧～應該用 Firefox 的底層直接跟 OS 溝通
11:38 < DeatH_> 只是Browser的render engine而已
11:39 <@chusiang> 電話有 RIL Daemon
11:40 < CQD> 手機開起來以後會是一個全螢幕的瀏覽器視窗...比較像這種感覺？
11:40 < DeatH_> Android能攔截通話事件嗎
11:41 <@chusiang> CQD: 在下就是怕 Browser 掛掉啊
11:41 -!- shadowcrow [~shadowcro@42-72-29-242.dynamic-ip.hinet.net] has quit [Read error: Connection reset by peer]
11:41 -!- AndChat|624225 [~shadowcro@42-72-29-242.dynamic-ip.hinet.net] has joined #mopcon
11:41 < irvin_> chusiang: 此時這隻手機就掛掉了XD
11:42 < Yuhsien> 這Naming有梗XD
11:42 <@chusiang> r2d2b2g: an experimental prototype Firefox OS test environment ✩ Mozilla Hacks – the Web developer blog - https://hacks.mozilla.org/2012/10/r2d2b2g-an-experimental-prototype-firefox-os-test-environment/
11:42 <@chusiang> == Give it a Try ==
11:42 < CQD> 照剛剛的說法，現在是像 Chrome 那樣的多 process，頂多就是分頁(App)自己掛掉，然後應該背景會跑個偵測 launcher 有沒有掛掉掛掉就重開 Launcher 的 deamon 吧
11:42 <@chusiang> - r2d2b2g: an experimental prototype Firefox OS test environment ✩ Mozilla Hacks – the Web developer blog - https://hacks.mozilla.org/2012/10/r2d2b2g-an-experimental-prototype-firefox-os-test-environment/
11:43 <@chusiang> - B2G - MozillaWiki - https://wiki.mozilla.org/B2G
11:43  * chusiang 其實是開 IRC 來讓大家共筆寫筆記的！
11:43 < softcup_> r2d2b2g
11:44 <@chusiang> LIVE Demo R2D2B2G!!!
11:44 < hlb> live crash!
11:44 < softcup_> Windows 直接 crash
11:45 < mikimoto> live demo 實在太歡樂了
11:45 < DeatH_> 為什麼只support Mac xd
11:45 < hlb> ( 還好我 live demo 成功了... )
11:45 < CQD> 其實是都支援，只是剛好都會 crash....XD
11:46 <@Aminzai> 安裝軟體似乎不會問權限..@@
11:46 < DeatH_> 你應該實際demo 5000人同時上線的模擬live demo
11:46 < DeatH_> Xd
11:46 < Yuhsien> 那個不算live demo吧，應該要發放bot程式，讓大家打打看才算demo XD
11:47 < softcup_> MPL 授權
11:49 < softcup_> r2d2b2g windows 裝完後，開啟一片漆黑... Orz
11:50 < DeatH_> 他剛剛就有說不能跑了啊
11:50 -!- AndChat|624225 [~shadowcro@42-72-29-242.dynamic-ip.hinet.net] has quit [Read error: Connection reset by peer]
11:51 < softcup_> 不死心，試試看...
11:51 <@chusiang> r2d2b2g 目前對 Mac 的支援度比較好，Ubuntu amd64, Win32 都還有問題。
11:52 < hlb> 請愛用 http://phantomjs.org/ 寫機器人...
11:52 < irvin_> Yo Dawg, I heard you like browsers So we put a browser in your browser so you can browse while you browse. - Yo Dawg http://memegenerator.net/instance/18902639
11:52 < xdite> mikimoto: 早安 XD
11:53 -!- sleepnova [01adcf22@gateway/web/freenode/ip.1.173.207.34] has quit [Ping timeout: 245 seconds]
11:54 -!- BeataLin [~BeataLin@1-173-207-34.dynamic.hinet.net] has quit [Remote host closed the connection]
11:55 <@chusiang> = 午餐時間 =
11:55 -!- CQD [~cqd@1-173-207-34.dynamic.hinet.net] has quit [Remote host closed the connection]
11:59 -!- jserv-- [~jserv@1-173-207-34.dynamic.hinet.net] has quit [Ping timeout: 276 seconds]
11:59 -!- D-eye [~d-eye2@175.96.131.143] has quit [Ping timeout: 260 seconds]
12:01 -!- BeataLin [~BeataLin@1-173-207-34.dynamic.hinet.net] has joined #mopcon
12:02 -!- Death__ [01adcf22@gateway/web/freenode/ip.1.173.207.34] has joined #mopcon
12:02 -!- DeatH_ [01adcf22@gateway/web/freenode/ip.1.173.207.34] has quit [Ping timeout: 245 seconds]
12:03 -!- Yuhsien [~yuhsienle@1-173-207-34.dynamic.hinet.net] has quit [Remote host closed the connection]
12:04 -!- thschee [~thschee@1-173-207-34.dynamic.hinet.net] has quit [Remote host closed the connection]
12:09 <@chusiang> MOPCON 2012 午餐餐盒回收處：出海景廳右轉 - http://www.plurk.com/p/hjkqzq
12:10  * chusiang MOPCON 2012 午餐餐盒回收處：出海景廳右轉 - http://www.plurk.com/p/hjkqzq (連結有圖示)
12:14 -!- funnycat [~chatzilla@223-138-129-126.dynamic.hinet.net] has left #mopcon []
12:14 -!- Yuhsien [~yuhsienle@1-173-207-34.dynamic.hinet.net] has joined #mopcon
12:15 -!- Death__ [01adcf22@gateway/web/freenode/ip.1.173.207.34] has quit [Ping timeout: 245 seconds]
12:26 -!- hechien [~hechien@120-114-142-2.ksu.edu.tw] has joined #mopcon
12:26 < hechien> irvin_: yo (Y)
12:27 -!- Yuhsien [~yuhsienle@1-173-207-34.dynamic.hinet.net] has quit [Ping timeout: 245 seconds]
12:34 -!- softcup_ [~Thunderbi@1-173-207-34.dynamic.hinet.net] has quit [Ping timeout: 268 seconds]
12:42 < hlb> https://speakerdeck.com/hlb/registrano-technology-and-challenge # slide
12:48 -!- chusiang [~jonny@180.217.20.247] has quit [Ping timeout: 245 seconds]
12:51 -!- D-eye [~d-eye2@175.96.131.143] has joined #mopcon
12:51 -!- funnycat [~chatzilla@223-138-129-126.dynamic.hinet.net] has joined #mopcon
12:58 -!- CQD [~cqd@1-173-207-34.dynamic.hinet.net] has joined #mopcon
13:04 -!- D-eye [~d-eye2@175.96.131.143] has quit [Ping timeout: 264 seconds]
13:05 -!- D-eye [~d-eye2@1-173-207-34.dynamic.hinet.net] has joined #mopcon
13:11 -!- poying [~poying@140.137.224.69] has joined #mopcon
13:11 -!- chusiang [~jonny@1-173-207-34.dynamic.hinet.net] has joined #mopcon
13:12 -!- mode/#mopcon [+o chusiang] by chusiang-
13:12 <@chusiang> oh no, gobi2000 抓不到了，只好改用現場的 WiFi 啦，沒想到速度這麼快 XDD
13:14 < mikimoto> hlb ++
13:16 < mikimoto> MOPCON 會場網路之前實測過 http://www.speedtest.net/result/2265911989.png
13:16 < mikimoto> faster than 79% of TW :p
13:18 <@chusiang> ：）
13:18 <@chusiang> 算是因禍得福吧，回家再看 fireware 的問題了 XDD
13:20 <@chusiang> [提問] r2d2b2g 無法在起啟用的問題是？ 隔壁的伙伴說只有第一次開的起來，後面怎麼都跑不起來了 XDD
13:21 -!- jserv-- [~jserv@1-173-207-34.dynamic.hinet.net] has joined #mopcon
13:22 < ericpi> Lightning talk 報名好冷清啊..
13:24 <@Aminzai> chusiang: 你快點報Lighting Talk！！！
13:24 -!- softcup [~Thunderbi@1-173-207-34.dynamic.hinet.net] has joined #mopcon
13:31 < mikimoto> 好像也沒有別場了 Q_Q
13:31 < hlb> 這年頭大家都在寫 js!
13:32 < irvin_> 堪比筷子的神級Conference紀念品~Fire咖啡因補充包
13:32 < mikimoto> Java 工程師寫 Javascript
13:32 < jserv--> 平民 Java 工程師的獨白
13:32 < jserv--> 早知如此，何必 Java
13:32 -!- thschee [~thschee@1-173-207-34.dynamic.hinet.net] has joined #mopcon
13:32 < irvin_> 在左後方飲料處
13:32 < mikimoto> 神級Conference紀念品~Fire咖啡因補充包 請大家及早補充下午咖啡因
13:33 < CQD> Java 除了廢話很多，廢話很多，跟廢話很多以外，其實很可愛的啦....[小聲]
13:33 < mikimoto> CQD++ XD
13:33 < softcup> 傳神的圖
13:33 <@chusiang> CQD: Java developer ++
13:34 < CQD> 小時候....XD
13:34 < mikimoto> 最後會變成這樣子，我看大家也不意外
13:34 -!- Yuhsien [~yuhsienle@1-173-207-34.dynamic.hinet.net] has joined #mopcon
13:34 < softcup> 開發網頁，不就是 HTML 而已！！
13:34 < hlb> 歡迎 Java developer 來 hack https://github.com/handlino/FireApp
13:34 < Yuhsien> 淚推
13:35 < softcup> 連多啦耶夢都出現了
13:35 < jserv--> 方叮噹
13:35 < mikimoto> 淚推
13:35 < jserv--> 多啦ㄟ方噹
13:35 < softcup> 一個打十個
13:36 < jserv--> Ip Man
13:36 < hlb> 平民網頁工程師的獨白才對吧
13:37 < softcup> 十個打一個
13:38 <@chusiang> UI 現在會想靠 Drupal 搞定 XDD
13:38 -!- Derek_ [01adcf22@gateway/web/freenode/ip.1.173.207.34] has joined #mopcon
13:38 <@chusiang> 更正，是版型
13:39 < Derek_> 各位如何想
13:39 <@chusiang> <strike>其實在下不會寫網頁</strike>
13:40 < CQD> 歡迎來到我的第一個烘培機？
13:40 < irvin_> 鋼哆拉！
13:40 < softcup> Live Demo
13:41 < Yuhsien> 要Deno了
13:41 <@chusiang> = 中冠資訊, 快速開發行動 App 的利器 =
13:41 < softcup> 定便當管理介面
13:41 <@chusiang> 差點忘了補上 XDD
13:41 < mikimoto> MOPCON 早餐盒吃完吃午餐便當，午餐便當吃完接著吃下午茶 XDDD
13:41 < softcup> 點餐的介面
13:41 <@chusiang> 挺好奇雲端編輯器支不支援 Vim ...
13:42 < mikimoto> live demo 的詛咒會不會應驗呢？
13:42 < hlb> 投影機流明好低喔
13:42 < softcup> chusiang: 大大你上吧～
13:42 <@chusiang> 看來介面是跑 Java (rock)
13:42 < softcup> 投影機真的看不太清楚
13:42 < mikimoto> hlb: 唉，這還是高軟最頂級的設備了 ╮(﹀_﹀")╭
13:43 <@chusiang> softcup: 負責吃便當嘛？ 話說早餐的麵包真的好吃！！
13:43 < irvin_> 這間實在太亮了
13:43 <@chusiang> 這是在下這麼多年以來，第一次在 Conf 吃到早餐的！！
13:44 < Derek_> 其實是get
13:44 < Derek_> Get
13:44 < softcup> chusiang: 今天的早餐是 - 方師傅，午餐是 - 太x3 師傅
13:44 < Derek_> Gwt
13:45 <@chusiang> Derek_: 看來很像 Java 的 Swing 啊
13:45 < hlb> 真威～
13:45 <@Aminzai> 高雄中午陽光正夯
13:45 < Derek_> 因為背後是GWT啊
13:45 <@chusiang> UIUIBuilder « EZo = 易組: 在瀏覽器上容易組裝的開發平台 - http://ezoui.wordpress.com/uibuilder/
13:46 <@chusiang> Aminzai: 多曬點唄，難得回高雄
13:46 <@Aminzai> chusiang: 是阿....上班都晒不到太陽...
13:46 <@chusiang> UIBuilder 看來可以拿來給便當小弟使用！！
13:47 < Derek_> 如果跟微軟WEBFORM和ZK比，大家想用哪一種
13:48 <@chusiang> M 社不是也 SharePoint！？
13:48 < hechien> 剛有一瞬間以為是keynote Orz
13:48 < mikimoto> 重拉也很快 XD
13:48 <@chusiang> 字體如果不是 *新細明體* 會好很多！
13:49 < mikimoto> chusiang++
13:49 < Derek_> 這目的是取代webform的開發方式吧
13:49 <@Aminzai> chusiang: 這是網頁...你電腦就可以改了XDDD
13:49  * chusiang Dome 時，字體如果不是 *新細明體* 會好很多！
13:49 < hechien> 嗚嗚這東西好好用，相見恨晚 (哭)
13:50 < softcup> 大部分一隻手就可以解決，左手還可以拿麥克風
13:50 < hechien> XDDD
13:50 <@chusiang> 大部份一隻手都可以完成，完蛋了，在下沒辦法用一隻手操作 Vim ...
13:50 < mikimoto> chusiang: 快，寫一套 plugin 剋死他
13:51 < softcup> 這個畫面實在跟 Ext.js 好像...
13:51 < hlb> 是 extjs 啊
13:51 < mikimoto> 他現在兩隻手了 :p
13:51 <@Aminzai> chusiang: 你就用兩隻手XDD
13:51 < Derek_> 底層不太相同
13:51  * jserv-- 不小心睡著，結果講者還在
13:51 < Derek_> 不過Extjs是靠js吧
13:52 <@chusiang> mikimoto: 現在改用許氏注音也不能用一隻手打注音...
13:52 <@chusiang> jserv--: +=
13:52 < Derek_> 我都用拼音輸入法
13:52 <@chusiang> jserv--: +++
13:52 < mikimoto> jserv--: ++
13:52 < hechien> jserv--: ++
13:53 < hlb> 應該是 gwt ext 之類的東西吧
13:53 < hlb> 重新包裝好後端
13:53 <@chusiang> 那如果用 UIBuilder 寫完，可以移至其他的平台使用嘛？ 還是會被這個平台綁定？
13:53 < Derek_> 差不多，後端上面有寫是gwt
13:54 < hlb> gwt-ext 是 lgpl...
13:54 < Derek_> 不行吧，tag是他們獨有的
13:55 < CQD> engine 在 github 上面 https://github.com/ezoengine/GKEngine
13:55 < Derek_> 這沒有ext的東西，看source code就知道，但長得很像
13:55 < hechien> mikimoto: 我發現我的位子看投影布幕會很霧 ... 外面的光好強
13:55 <@chusiang> 原來 R2-D2 是一隻機器人的型號！！ 感謝 Aminzai 提供 <(_ _)>
13:55 < CQD> 不過時間看起來有點久,,,
13:55 < jserv--> 睡醒發現看不到投影
13:56 < mikimoto> hechien: 感謝，這是個問題 XD
13:56 < mikimoto> jserv--: ++
13:56  * thschee 開始看右手邊的船... http://www.flickr.com/photos/schee/8126846977/in/photostream
13:56 < jserv--> Live Demo!!!
13:56 < CQD> 看 github 上面的 code 裡面是有包 gxt 的樣子
13:57 <@Aminzai> 麥克風出現蠻明顯的底噪
13:57 < softcup> 麥克風快沒電嗎？
13:58 < Derek_> 喔喔？我只有看網頁簡介而已
13:58 <@Aminzai> 不見了@@
13:58 <@chusiang> 大家有沒有發現，MOPCON 2012 到目前為止都沒有講者開過 IE !!?
13:58 -!- rsghost [01adcf22@gateway/web/freenode/ip.1.173.207.34] has joined #mopcon
13:58 < hechien> chusiang: 但是有出現IE的照片
13:58 < softcup> chusiang: 因為講者的電腦幾乎都是 Mac
13:58 < D-eye> 剛剛那個方叮噹算開IE嗎？XD
13:59 < rsghost> 叮噹表示：
13:59 <@chusiang> 寫 web 都要用 Mac，看來這行也不適合在下 XDD
13:59 < CQD> 剛剛有 Windows 啦 XD
13:59 <@chusiang> CQD: 在下也不愛 Windows 啊
14:00 < Derek_> 之前Open source論壇一堆用不open的mac，連我也是
14:01 <@chusiang> 又有客制化的 Tag 要背了...
14:01 < softcup> 用的線上編輯器不曉得是哪一套
14:02 < jserv--> 有感
14:03 -!- Death_ [01adcf22@gateway/web/freenode/ip.1.173.207.34] has joined #mopcon
14:03 <@chusiang> 後端沒有 PHP ... (哭哭
14:03 < Death_> 可以改吧
14:03 < softcup> 多裝置，多瀏覽器，多平台，好像沒看到 Windows
14:04 -!- Derek_ [01adcf22@gateway/web/freenode/ip.1.173.207.34] has quit [Ping timeout: 245 seconds]
14:05 < Death_> 喔喔，所以用包裝的
14:05 < hechien> 會不會最後有成EZo Module Market之類的 ... XD
14:06 < mikimoto> XD
14:06 < CQD> 這有哽 XD
14:06 < Death_> 有哪有這麼多market
14:06 < hechien> 縮寫：EM2
14:07 < CQD> 即將？不是已經上去了 XD
14:08 < hechien> 3Gs成功打開相機的那個霎那，QR Code就被換到下一頁了 T_T
14:09 < mikimoto> XD
14:09 < Death_> 連不到啊
14:09 < softcup> 這個 QR Code 應該沒辦法掃成功，最下面有一段在那個黑框上
14:09 < hlb> autotest++
14:12 -!- thschee [~thschee@1-173-207-34.dynamic.hinet.net] has quit [Remote host closed the connection]
14:13 -!- Death_ [01adcf22@gateway/web/freenode/ip.1.173.207.34] has quit [Ping timeout: 245 seconds]
14:15 -!- Yuhsien [~yuhsienle@1-173-207-34.dynamic.hinet.net] has quit [Remote host closed the connection]
14:16 < BlueT_> 是什麼東西一支手可以完成呀？
14:23 < hechien> BlueT_: 拿麥克風
14:25 < rsghost> bluet到了？
14:31 < softcup> 躺著賺..
14:32 < hechien> 躺著寫程式也可以算是躺著賺嗎QQ (舉手問
14:33 < mikimoto> Apple TV 上場 XDDD
14:33 <@chusiang> == Jserv, Tix Lo, iPhone 遊戲開發者經驗談：從開發工具到營運 ==
14:33 <@chusiang> - 主要主打連線。
14:34 <@Aminzai> 麥克風雜訊 再度出現...
14:34 -!- Yuhsien [~yuhsienle@1-173-207-34.dynamic.hinet.net] has joined #mopcon
14:34 <@chusiang> 講師：「一開始玩到太難的，我也不會完」
14:34 <@Aminzai> 講師應該快忍不著繼續玩了XDD
14:35 < jserv--> 忍住不玩！
14:35 < mikimoto> 忍住不玩++
14:35 <@chusiang> == We have a dream ==
14:35 < jserv--> 葉問工程師
14:35 < CQD> 看傳單， idgshare 要殺來高雄耶...
14:36 < softcup> I am a ffabulous programmer
14:36 < softcup> fabulous
14:36 <@chusiang> softcup: 在下的英打不夠快，讓您打好了 XDD
14:36 < softcup> Every four months to develop a game
14:37 < softcup> 超完美的
14:37 <@chusiang> 每 4 個月寫一套遊戲 (rock)
14:37 < softcup> Total number of countries > 150
14:37 < hlb> 6 個 game ... 其實光送 review 的時間可能都不只 4 個月 XD
14:37 < softcup> Each of the two countries to sell one unit per day
14:37 <@chusiang> 總共超過 150 國家
14:38 < softcup> 0.99 USD
14:38 -!- afu [afu@60-199-248-185.static.tfn.net.tw] has joined #mopcon
14:38 < softcup> Apple: Developer = 30% : 70%
14:38 -!- Derekhsu [01adcf22@gateway/web/freenode/ip.1.173.207.34] has joined #mopcon
14:38 <@chusiang> Apple 抽 3 成
14:38 < afu> 原來有irc channel
14:38 < hechien> 阿福你有來？
14:38 <@chusiang> Developer 還有 7 成！
14:39 <@chusiang> afu: welcome :P
14:39 < afu> hechien: 沒耶 今天有喜宴 就沒辦法南下了
14:39 < Derekhsu> 這麼美好，我就辭職寫遊戲了
14:39 < softcup> 150 x 0.5 x 0.99 x 0.7 x 30 x 30 = 46,777 NT/month
14:39 < hechien> afu: 明天呢
14:39 < afu> chusiang: hello~
14:39 < Yuhsien> 真美好:D
14:39 <@chusiang> 每月可以賺 NT$ 46,777
14:39 < afu> hechien: 也不會 
14:39 < hechien> afu: 好可惜 :(
14:39 < D-eye> 很多事情不是寫code可以解決的XD
14:40 -!- sleepnova [01adcf22@gateway/web/freenode/ip.1.173.207.34] has joined #mopcon
14:40 < softcup> 60% code, 40% other
14:40 < sleepnova> 好嗨~
14:40 < softcup> 60% coding
14:40 < mikimoto> 這一場真嗨 XD
14:40 < afu> hechien: 這個要報名不是嗎? 我之前成功嶺出來就額滿了 orz
14:40 <@chusiang> 老闆與 RD 的想法是不同的！！
14:41 < mikimoto> 可以現場報名喔
14:41 < jserv--> 10% coding!
14:41 < Derekhsu> 太慘了
14:41 < afu> hechien: 不然有報到名額的話就會熱血兩天來回..
14:41 < Yuhsien> 10%.....
14:41 < hechien> afu: 你現在在哪啊？不是在高雄嗎
14:41  * chusiang 拿別人的名額先報了，可以用自己的 ID 再報一次嘛 XDD
14:41 < mikimoto> afu: 現場接受報名喔
14:41 < softcup> 實際運作： 30% Design, 30% Art, 10% coding, 30% Market
14:41 < afu> hechien: 台北
14:41 < hlb> 這個 RD 還要兼 QA
14:41 < hechien> afu: 嗯，你可以熱血一天了XD
14:42 < softcup> 要找到堪用的 RD 很簡單...
14:42 <@chusiang> 要找到一個會企劃的人很難..
14:42 < Yuhsien> 堪用的RD XDD
14:42 < softcup> (RD 杯具了)
14:42 <@chusiang> 要找到一個會美術的人很難..
14:42 <@chusiang> 要找到一個會 xxx 的人很難..
14:42 <@chusiang> 要找到一個會寫 code 的人很簡單.. <(_ _)>
14:42 < afu> 看agenda, 局長是壓軸耶
14:43 <@chusiang> === Every four months to develop a game ===
14:43 < softcup> 夢想：Coding 2m,  Debuging 1m, Other 1m
14:43 < softcup> Debug 1m
14:44 < Yuhsien> 夢想：無價
14:44 < softcup> 實際：Design 1m, Coding 2m, Debug 1, Refinement 1m, Other 1m
14:44 < softcup> m: 月
14:44 <@chusiang> softcup: <(_ _)>
14:45 <@chusiang> 企劃 > 美術 > coding?
14:45 < softcup> 150 個國家在賣 Apps
14:45 <@chusiang> 先做好*企劃*跟*美術*設計以後就可以知道到底會不會大賣了！
14:46 < softcup> 美國，大陸，日本
14:46 < softcup> 台灣每天賣 2000 套，就可以上 Top20
14:46 <@chusiang> 只要在部份國家沒有大賣，就可以認為是在其他的國家是無法大賣的！
14:46 < hlb> 這時候就要說, 寫工具賣給開發者不錯喔，可以賣 $14 而不是 $0.99，PayPal 上賣只抽 7% XD
14:46 < mikimoto> hlb: ++
14:47 < BlueT_> mikimoto: 請問啥時會有錄影可以看呀？XD
14:47 < softcup> 大陸：一天 30000 套才能上 Top20
14:47 <@chusiang> hlb: hlb:apple = 7% vs 30%
14:47  * BlueT_ 對梗很有興趣
14:47 <@chusiang> hlb: hlb : apple = 7% : 30%
14:47 < CQD> 可是 PayPay 會鎖你帳號 XD
14:47 < mikimoto> BlueT_: 我會儘快安排 Q_Q , 大概是我要去剪輯 :p
14:48 <@chusiang> 使用台灣人的想法，寫出來的東西只會有台灣人接受。
14:48 < hlb> CQD: 所以每個月固定把錢轉出來 :p
14:48 < softcup> 日本：眼睛大大的很萌
14:48 < softcup> 日本的的市場很封閉
14:49 < softcup> 大陸 App Store 18%
14:49 < CQD> 所以鎖定的條件是看 paypal 帳戶水位？
14:49 <@chusiang> 所以一開始企劃時就得考慮到國家的名俗風情!! XDD
14:49 < softcup> 美國 28%
14:49 <@chusiang> 所以一開始企劃時就得考慮到國家的民俗風情!! XDD
14:49 < Derekhsu> 所以之前Cyrus很強
14:49 < D-eye> Cytus 很棒呀！
14:49 < softcup> 大陸 App Store 貢獻了 18% 的下載量，收入 3%
14:49 < Yuhsien> Cytus嗎
14:49 < BlueT_> mikimoto: 可以直接跟妳 co 檔案晚上看嗎 XDDDDDDD
14:50 < Derekhsu> 對對對
14:50 < Yuhsien> 很讚，都有辦音樂會了
14:50 < Derekhsu> 直接殺入日本市場
14:50 < softcup> 美國 App Store 貢獻了 28% 的下載量，收入 42%
14:50 < Derekhsu> 因為
14:50 < mikimoto> BlueT_: 可能要等兩天結束後才行
14:50 < Derekhsu> 他們直接跟niconico樂手合作
14:50 < Derekhsu> 真的很聰明
14:51 < Yuhsien> 這算是企劃好（姆指）
14:51 -!- poying [~poying@140.137.224.69] has left #mopcon []
14:51 < sleepnova> [提議] 做一個遊戲讓美國人和中國人對幹！
14:51 < softcup> 86 塊美金的收入
14:51 <@chusiang> === Total number of countries > 150 ===
14:51 < D-eye> 可惜Cytus卡在CHAPTER 4上不去了
14:51 <@chusiang> === Each of the two countries to sell one unit per day ===
14:51 < Derekhsu> Cytus是靠企劃，美術跟音樂做出來的遊戲
14:52 < Yuhsien> 作一個爭奪釣魚台的遊戲，可以賣去大陸和日本
14:52 < softcup> 三個月做的遊戲，過去 30 天只賺了 6 USD
14:52 < Derekhsu> 哇，這個會賺
14:52 < Derekhsu> 可是這種可以上架嘛
14:52 < softcup> 從上架到現在只賺了 323 USD
14:53 <@chusiang> about NT$ 9,xxx
14:53 < softcup> (--150 x 0.5 x 30--)
14:54 < softcup> We have a broken dream
14:54 <@chusiang> == We have a broken dream ==
14:54 < D-eye> Yuhsien: 然後美國是遊戲的道具供應商嗎？XD
14:54 < Derekhsu> Google有夠奸詐
14:54 < Derekhsu> 說錯
14:54 < Derekhsu> Apple
14:54 < Derekhsu> 不是聽說還有人買榜
14:54 <@chusiang> Google 躺著也中槍啊
14:55 < softcup> App 市場行銷
14:55 < mikimoto> 大陸買榜風氣很重啊
14:55 < Derekhsu> 所以現在微軟app還很少，值得投資囉
14:55 < softcup> > 投稿各大 App 論糖
14:55 < softcup> 論壇
14:55 <@chusiang> - 限時免費
14:55 < softcup> > 花錢買廣告
14:55 <@chusiang> - iTunes 首頁推薦
14:55 < softcup> > iTunes 首頁推薦
14:55 < Yuhsien> 賣給大陸和日本就作作即時戰略遊戲，賣給米國的變經營的遊戲，超符合時事的XD
14:55 < Derekhsu>  Mobile01
14:56 < softcup> 花錢買廣告是最沒有用的
14:56 <@chusiang> - 限時免費: 最好用，而且不用花錢的手法，但他是有次數限制的。
14:57 < softcup> 限時免費的曝光量是最大
14:57 < softcup> 只能半年一次或兩次才有用
14:57 < hechien> 限時免費有時會有反效果
14:57 < Derekhsu> 遊戲還是做inapp purchase
14:57 <@chusiang> App 免費了，但還要搭配裏面的遊戲機制才會賺錢 (商城!?)
14:58 < hechien> 因為有的人剛花錢買兩三個小時過去而已就軟體限免 .....
14:58 < softcup> iTunes 首頁推薦，行銷費用可以改為零了
14:58 < Derekhsu> 我覺得現實降價ok
14:58 < mikimoto> In App Purchase ?
14:58 < Yuhsien> 現在很多遊戲都免費，然後都搞商城，很煩XD
14:59 < Derekhsu> 但這樣至少會讓人家下載意願高
14:59 < sleepnova> 花錢就可以買核彈
14:59 < Yuhsien> 還是習慣付錢買完整的遊戲
14:59 <@chusiang> Apple 應該也有買首頁的門路？！ XDD
14:59 < Derekhsu> 真是黑暗
15:00 < Derekhsu> 美國林益世
15:00 < softcup> SOTA
15:00 <@chusiang> === SOTA ===
15:01 <@chusiang> - 大陸的消費習慣就是.. 您付費我就是不要。
15:01 < mikimoto> iAP
15:01 < softcup> 大陸的消費習慣，付費就是不要，免費才要
15:01 < Derekhsu> 360就是這樣
15:01 < Derekhsu> 佔有率第一名
15:01 < softcup> 台灣也差不多
15:01 < Derekhsu> 趨勢，卡巴跟諾頓都被打假的
15:01 < Derekhsu> 我都付錢
15:02 <@chusiang> - Apps 賺錢有三種方式：一次買滿、免費搭商成、免費搭廣告。
15:02 < Derekhsu> 搭商城好像賺得機會多
15:02  * chusiang 在台灣 Android 很難買 Apps 啊！！！！
15:02 < Derekhsu> 是不能買吧
15:02 < Derekhsu> 一年多了
15:03 <@chusiang> 等相關人員離職了，還是死胡同這樣...
15:03 < softcup> 20 萬套下載量，80% 有開啟 SOTA
15:04 < softcup> 1.79% 有遊戲記錄
15:04 <@chusiang> 只有 10% 有配對到。
15:04 < Derekhsu> 可是那個動物園對戰相當成功啊
15:04 <@chusiang> 配對成功 1.25%
15:05 < Derekhsu> 有夠淒慘
15:05 <@chusiang> 配對成功 = 1， 1.25%
15:05 <@chusiang> 配對成功 > 1， 0.5%
15:05 < Yuhsien> 淒涼...
15:05 < Derekhsu> 我被打擊了，還是乖乖上班嗎
15:05 <@chusiang> s/配對/連線成功/
15:06 < softcup> 配對成功，玩了一場 1.25%
15:06 < softcup> 配對成功，玩超過一場的 0.5%
15:07 < mikimoto> 這一輩子都忘了他的手機有下載過這個遊戲 XD
15:07 < Derekhsu> 我真的是這樣
15:07 <@chusiang> softcup: freenode Web IRC - http://webchat.freenode.net/
15:08 -!- chusiang changed the topic of #mopcon to: 非官方 MOPCON 2012 IRC | 官方網站 - http://mopcon.org/ | 座位表 - http://imcheck.in/mopcon2012.html | freenode Web IRC - http://webchat.freenode.net/
15:08 < Derekhsu> 塔防遊戲
15:09 -!- chusiang-web [01adcf22@gateway/web/freenode/ip.1.173.207.34] has joined #mopcon
15:09 < chusiang-web> test 1
15:09 < chusiang-web> test 1 with ↑
15:09 < Derekhsu> 我喜歡玩有好幾百官的益智遊戲
15:09 -!- chusiang-web [01adcf22@gateway/web/freenode/ip.1.173.207.34] has quit [Client Quit]
15:09 < Yuhsien> 我喜歡RPGs
15:09 < softcup> 100%   -> 80%  限時免費，不下載可惜，先下再說
15:09 <@chusiang> softcup: web 這個可以用上下鍵
15:09 < mikimoto> 今天聽了好多這一輩子都不會再幹的事
15:10 < softcup> 80% -> 1.79% 不喜歡遊戲風格
15:10 < softcup> 不喜歡遊戲玩法
15:10 < softcup> 不會玩
15:10 < Derekhsu> 鴨嘴獸泰瑞很好玩
15:10 <@chusiang> 不用看說明書的遊戲才有人想玩！！！
15:11 < softcup> 遊戲玩法太複雜或是關卡太冗長
15:11 <@chusiang> 印象中智冠的單機遊戲都是以高中程度在設計遊戲的！
15:11 < softcup> 80% -> 10% or 1.790%
15:11 < softcup> 玩法選擇性太多，容易失焦
15:11 <@chusiang> 所以現在在手機上可能要以小學生？剩至更低的程度設計？
15:12 < Derekhsu> 要看利基
15:12 <@chusiang> 只有 RD 會完的遊戲 (慘
15:12 < Yuhsien> 會玩的只有RD本人
15:12 < mikimoto> 事實上會玩的只有開發的 RD
15:13 <@chusiang> Apple 的藍牙包的很死，會不知道怎麼掛掉的。
15:13 < Yuhsien> 要成為爛遊戲的機會好多
15:13 < Derekhsu> 企劃才值錢
15:14 < Derekhsu> 做遊戲的話
15:14 < softcup> 配對的部份
15:14 -!- thschee [~thschee@1-172-93-192.dynamic.hinet.net] has joined #mopcon
15:14 <@chusiang> so, diable 3 只綁網路連線是有原因的！！？
15:14 < softcup> 10% -> 1.25%
15:14 < Derekhsu> 好的企劃是最難找的
15:14 < softcup> 不知道如何使用 Game Center 帳號
15:14 < irvin_> http://appshopper.com 限時免費追蹤網站
15:15 < softcup> Game Center 配對太慢，第一次配對約需要 30s (3G)
15:15 -!- thschee_ [~thschee@1-172-93-192.dynamic.hinet.net] has joined #mopcon
15:15 < irvin_> 看到有趣的就加進去，然後…總有一天等到你
15:15 <@chusiang> (4) 1.25% -> 0.5% 
15:15 < hechien> irvin_: 但常常看到不ok的 ...
15:15 < softcup> To Implement "Game Center & Game Center APIs"
15:15 <@chusiang> - 同時間沒有一起配對的玩家
15:15 <@chusiang> - 不喜歡
15:15 < softcup> 1.25% -> 0.5%
15:15 -!- thschee_ [~thschee@1-172-93-192.dynamic.hinet.net] has quit [Remote host closed the connection]
15:16 < softcup> 同時間沒有一起配對的玩家 (API Computer)
15:16 < xdite> 快校死了
15:16 < Yuhsien> 開Bot?
15:16 < softcup> 真人 Bot 配對
15:16  * chusiang 為了衝配對數，上班還要手機開著跟這些配不到的玩家玩
15:16 < Derekhsu> 那這樣不就需要server頻寬了嗎
15:16  * chusiang RD 升級成 **專業玩家**
15:17 < Derekhsu> 成本又增加了
15:17 <@chusiang> 人潮 = 錢潮 啊
15:17 < softcup> 做個 API 自己很爽
15:18 < hechien> 會不會有時候我玩遊戲是跟機器人玩的 .... (抖
15:18 < Derekhsu> 真的有bot
15:18 < softcup> s/API Computer/AI Computer
15:18 <@chusiang> 配對 20 秒沒玩家配對時，寫個 AI 讓他自己玩 XDDD
15:18 < Derekhsu> 沒想過這招
15:18 < mikimoto> 不過他可能不知道他正在跟電腦玩
15:18 -!- thschee [~thschee@1-172-93-192.dynamic.hinet.net] has quit [Ping timeout: 245 seconds]
15:18 < Derekhsu> 聽過就不想玩了啊
15:19 < softcup> 沒聽過的還是會繼續玩...
15:19 <@chusiang> 近來在 Android 比較愛玩的是「暗棋2」。
15:19 < sleepnova> 講者非常屌...
15:19 < hechien> 真的很幽默
15:20 < Derekhsu> 放棄IC設計來做這個，很屌
15:20 <@chusiang> 可以問講師，要是配不到女友的能不能也寫個機器人幫配一下對....
15:20 < D-eye> 阿沒了...
15:20 < hechien> chusiang++
15:20 < xdite> 讓他跟機器人玩? XDXD
15:20 < softcup> 講者的那個遊戲我好像玩過..XD
15:20 <@chusiang> == 代工路線：聖痕幻想 ==
15:20 < jserv--> 同行要放棄 IC Design 作 iOS Game，真的需要強大的勇氣
15:21 < Derekhsu> ipart上面就一堆機器人了
15:21 <@chusiang> jserv--: ++
15:21 < hechien> Derekhsu: 還有的不是人 ...
15:21 < mikimoto> 勇氣++
15:21 < jserv--> 「誘惑的夢境」
15:21 < softcup> 喔喔！沒玩過，不過畫風好像...
15:21 < hechien> 果然很有日本的味道 ...
15:21 < hechien> 眼睛大大的
15:21 < Derekhsu> 女友也支持更不容易
15:22 <@chusiang> 2D Game, 真棒！！！
15:22 < Derekhsu> 女友也支持也很不容易
15:22 <@chusiang> 講師：東西不難，只是很雜。
15:22 < Derekhsu> 這個賣東亞會通
15:22 <@chusiang> Derekhsu: 女友的支持真的很重要 ++
15:23 < softcup> COCOS2D
15:23 < Derekhsu> 要我可能會被家人打死
15:23 <@chusiang> 聖痕幻想 討論板 :: 遊戲基地 gamebase - http://www.gamebase.com.tw/forum/65569
15:23 < softcup> 大陸太強了
15:23 < hechien> 好恐怖囧
15:23 <@chusiang> - COCOS2D
15:24 < softcup> cocos2d-x
15:24 <@chusiang> Cocos2d簡介 « iPhone Coding Notes - http://bonjouryentinglai.wordpress.com/2009/11/30/cocos2d%E7%B0%A1%E4%BB%8B/
15:24 < Derekhsu> 太強了啊
15:24 < Derekhsu> 是盛大研究院嗎
15:24 < softcup> cocos2d-x: 大陸直接移植成 C++
15:25 < softcup> cocs2d 也有 Javascript, HTML5 版本
15:26 < Derekhsu> 回去研究一下好了
15:26 <@chusiang> 原來解析度差這麼多啊！！
15:26 < hechien> 記得還有一個物理引擎叫做Box2D
15:26 < softcup> 這招好用
15:26 < hechien> ... 哇靠
15:27 < Derekhsu> 真多眉角
15:27 < mikimoto> 眉角++
15:27 < softcup> 設計一個無用的外框，來配合 iPhone 與 iPad
15:27 < softcup> Textureoacker
15:28 < jserv--> 超時還是堅持要 demo !!!
15:28 <@chusiang> TexturePacker - Create Sprite Sheets for your game! - http://www.codeandweb.com/texturepacker
15:28 < Derekhsu> 這個web也能用
15:28 <@chusiang> Gray Liao: 再次介紹TexturePacker - http://grayliao.blogspot.tw/2012/01/texturepacker.html
15:28 < softcup> cocos-builder
15:29 <@chusiang> IDE - COCOS-BUILDER
15:29 < Derekhsu> 這也好屌
15:29 <@chusiang> CocosBuilder – Graphical Interface Builder for Cocos2D iPhone and iPad - http://cocosbuilder.com/
15:30 <@chusiang> 沒有 irc robot 真麻煩。
15:30 < softcup> Tools: Desing 1m, Coding 2m, Debug 1m, Refinement 1m, 
15:30 <@chusiang> 今日來 MOPCON 值得了！！！
15:32 < irvin_> chusiang: 同感
15:32 -!- softcup__ [01adcf22@gateway/web/freenode/ip.1.173.207.34] has joined #mopcon
15:33 -!- CQD [~cqd@1-173-207-34.dynamic.hinet.net] has quit [Remote host closed the connection]
15:35 -!- CQD [~cqd@1-173-207-34.dynamic.hinet.net] has joined #mopcon
15:38 -!- CQD [~cqd@1-173-207-34.dynamic.hinet.net] has quit [Remote host closed the connection]
15:39 < Derekhsu> 真是不容易啊
15:40 < xdite> ee
15:41 <@chusiang> = 網路服務從 K 到 M =
15:41 <@chusiang> = 網路服務從 K 到 M @ 小會議室=
15:41 -!- CQD [~cqd@1-173-207-34.dynamic.hinet.net] has joined #mopcon
15:41 < mikimoto> 精神上支持 Ericpi :p
15:42 < CQD> 我還想說 K 到 M 是 Kkbox 到 Mayday [被打]
15:42 <@chusiang> K => kbpsm kilo
15:42 < Derekhsu> 小會議室講什麼
15:42 <@chusiang> m => mbps, Mega/Million
15:43 < hechien> CQD++
15:43 <@chusiang> Derekhsu: 網路服務從 K 到 M, 看來是講從量增加無限大的服務
15:43 < mikimoto> 聖鬥士星矢
15:44 < Derekhsu> 應該沒位置了吧
15:44 <@chusiang> 那些年。。。
15:44 <@chusiang> 第1排還有位子啊 XDD
15:44 <@chusiang> 那些年，我們一起架設的 LAMP
15:44 < softcup> Mocharabbit
15:44 <@chusiang> - LAMP 好棒！我要打 10 個
15:44 < Derekhsu> Lamp
15:45 < softcup> 寫個小軟體哄小孩
15:45 < mikimoto> 「我大部分的時間擔任 Coding Monkey，不過絕大部分是擔任 Monkey 這個角色」
15:45 < Derekhsu> 好像兩邊都不錯
15:45 <@chusiang> softcup: 沒小孩可以哄啊
15:45 < softcup> 我有三個小孩
15:45 -!- softcup__ [01adcf22@gateway/web/freenode/ip.1.173.207.34] has left #mopcon []
15:45 < Derekhsu> Share一下keyword過來吧
15:45 -!- Yuhsien [~yuhsienle@1-173-207-34.dynamic.hinet.net] has quit [Remote host closed the connection]
15:45 <@chusiang> 解決問題：1. Tunnuing (MySQL, Apache) 
15:46 <@chusiang> 提高了 x00% 效率
15:46 < softcup> 三位一體
15:46 <@chusiang> 還是撐不住了
15:46 <@chusiang> 因為這是個打群架的時代
15:46 < softcup> 兔寶寶 + 巧克力 + 咖啡 = 摩卡兔
15:46 <@chusiang> 1. 軟體架構問題
15:46 < softcup> 老闆.....
15:46 < mikimoto> 老闆++
15:47 <@chusiang> 2. 您家的 server 叫作葉問嘛
15:47 < jserv--> 老闆的「硬體」
15:47 < softcup> Pai Pai
15:47 < softcup> 照相，畫圖，套相框
15:47 < CQD> 這是個打群架的時代
15:47 <@chusiang> 談高服務量最愛講的 1. scalability
15:47 < mikimoto> 這是個打群架的時代++
15:47 <@chusiang> 2. High Availability
15:47 < Derekhsu> 我們公司的server真的是葉問，因為是mainframe...
15:47 <@chusiang> 3. Higg Performance
15:48 <@chusiang> 實際一點，人多勢重
15:48 < Derekhsu> z/OS
15:48 < softcup> 上架前三天，Lime Camera 上架了
15:48 < softcup> s/Lime/Line
15:48 <@chusiang> LAMP 拆成 LAP + M
15:48 < sleepnova> 結論, 可愛的 app 比較多人下載!
15:49 <@chusiang> 動態與靜態頁面拆分開
15:49 < Derekhsu> 這我有下載過耶
15:49 <@chusiang> static pages (nginx), dynamic pages (apache + php), mysql
15:49 <@chusiang> static file: image, file ...
15:50 < Derekhsu> 1000個download有一個購買
15:50 < softcup> 付費的 46
15:50 < CQD> 總是有這麼一天，人又多了一點...XD
15:50 < softcup> Donation: 7
15:50 <@chusiang> 總是又有那一天，行銷辦了個人 --稍微-- 多一點的業務!?
15:50 < Derekhsu> 用Donate的機制
15:51 <@chusiang> 提高服務量必備
15:51 <@chusiang> 提高服務量必備 -> cache
15:51 < softcup> 寫 App 一定有風險
15:51 < Derekhsu> 前一場講apple這一場講google
15:51 -!- Yuhsien [~yuhsienle@1-173-207-34.dynamic.hinet.net] has joined #mopcon
15:52 <@chusiang> 靜態的資料可以使用 cache 來分擔負載。
15:52 < Derekhsu> 嗯，我們公司都沒有這種機制
15:52 < softcup> 夢想中的奶爸....陪小孩看 code
15:52 -!- funnycat_ [~chatzilla@114-136-241-39.dynamic.hinet.net] has joined #mopcon
15:53 -!- funnycat [~chatzilla@223-138-129-126.dynamic.hinet.net] has quit [Ping timeout: 245 seconds]
15:53 -!- funnycat_ is now known as funnycat
15:53 < softcup> 現實中的奶爸....抱著小孩寫 code
15:53 <@chusiang> page cacging (nginx or squid or varnish)
15:53 < Derekhsu> Paper prototyping
15:53 < Derekhsu> UI libraries
15:53 <@chusiang> softcup: 好棒的夢想！！
15:54 < softcup> Why paper?
15:54 < softcup> Light weight
15:54 < softcup> Portable
15:54 < softcup> Cheap
15:54 < softcup> 用便利貼規劃 App
15:54 < Derekhsu> 有老婆一起開發軟體很讚
15:55 < Derekhsu> 就跟富姦有老婆幫忙畫漫畫一樣
15:55 < softcup> Derekhsu: ++
15:55 <@chusiang> == 資料 cache ==
15:55 < softcup> Templates
15:56 < softcup> http://goo.gl/NT5uX
15:56 < Derekhsu> Android stencil kit
15:56 <@chusiang> - page caching (nginx or quid or varnish), dynamic pages (apache + php), cache pool(query, session data),  mysql
15:56 < softcup> 有品味又有錢  http://goo.gl/IGYN
15:57 < mikimoto> Derekhsu: 富姦是去幫老婆畫漫畫 XD
15:57 < Derekhsu> 感謝分享
15:57 < softcup> UI Library
15:57 < Derekhsu> 然後富姦就跑去打DQ10了
15:57 < softcup> ActionBarSherlock (basic UI)
15:57 < softcup> Android Color Picker (pencil color)
15:58 <@chusiang> cache pool!? Drupal 也是有 option 可以啟用 cache :P
15:58 < softcup> NotificationCompact2
15:58 < softcup> ViewPagerIndicator
15:58 < softcup> HoloEverywhere
15:58 <@chusiang> cache? 其實也可以在 client 是做 cache
15:58 < Derekhsu> 今天真的是前後端都有了
15:58 <@chusiang> 這邊比較像 mis ... XDD
15:59 < Derekhsu> A家G家也有了
15:59 < softcup> http://actionbarsherlock.com
15:59 <@chusiang> == 當前端服務量滿出來時？ ==
16:00 <@chusiang> - 多重前端網站伺服器
16:00 < softcup> Customize your style
16:00 < softcup> http://goo.gl/o9mhm
16:01 < Derekhsu> 多重前端伺服器怎麼做
16:01 < CQD> load balancer?
16:01 < Derekhsu> 用Load balancer嗎？
16:01 <@chusiang> Derekhsu: 其實只要 domain name 多幾個 Record 也可以做到
16:02 <@chusiang> 用 Load balancer 是比較好的作法
16:02 < Derekhsu> 喔，用domain rotate的方式，我以前也做過吧
16:02 < softcup> https://github.com/JakeWharton/NotificationCompat2
16:02 <@chusiang> == 當依台 DB 稱不住的時？ ==
16:02 <@chusiang> == 當一台 DB 撐不住的時？ ==
16:03 < Derekhsu> 就Cluster
16:03 < Derekhsu> 嗎
16:03 <@chusiang> - MySQL 分散壓力的方法: MySQL Replication
16:03 < softcup> http://viewpagerindicator.com
16:03 <@chusiang> 但是會有延遲的問題，
16:04 <@chusiang> 另一個問題，要更新資料時只能對 master 更新
16:04 < Derekhsu> 這跟mongodb一樣
16:04 <@chusiang> 兩台 server 互為 master-master @@
16:05 <@chusiang> Derekhsu: 有提到 mongodb
16:05 < softcup> http://jakewharton.com/projects.html
16:05 <@chusiang> 做網路服務的，讀取的量常常是遠大於寫入的量。
16:06 < softcup> 現實世界是很危險的
16:06 < Derekhsu> 即使是像我們製造業，也一樣
16:06 < softcup> Debug
16:06 <@chusiang> softcup: 所以要趕快回到網路世界嘛？！ XDD
16:06 < softcup> Bug / Crash?
16:06 < Derekhsu> 不過沒有大那麼多就是了打
16:07 < Derekhsu> 作弊Android測試真的有很大的問題
16:07 <@chusiang> - 多重 Data Cache 伺服器
16:07 < softcup> Android 真的是...多樣
16:08 < softcup> http://goo.gl/tt8Rp
16:08 < Derekhsu> 這太好笑了
16:08 < Derekhsu> 數百支手機
16:08 <@chusiang> softcup: cool!!
16:08 < softcup> 每開發一個 App 就要從保險箱拿出數百個 Devices 來測試
16:09 < softcup> 5000+
16:09 < mikimoto> 5000+
16:09 < softcup> FC 不可怕
16:09 <@chusiang> - Server site 的調整是要做非常多的東西。
16:09 < softcup> 就怕壞評價
16:10 < softcup> http://acra.ch/
16:10 <@chusiang> == Load Balancer ==
16:10 < softcup> open source project
16:11 <@chusiang> nginx 可以做到權重的分配。
16:11 < mikimoto> 通常使用者都不會回報錯誤，只會給一顆星評價
16:11 < softcup> 使用者通常不會 report crash 的狀況
16:11 < Yuhsien> 小會議室的椅子好難坐
16:11 < softcup> 直接給 一顆星
16:12 <@chusiang> report crash 在下很常點啊，不過描述就少了。
16:12 < softcup> 講者說他開發 App 到現在，幾乎沒有使用者直接回報
16:12 < Derekhsu> 這也是利用雲端服務來做report bug
16:12 <@chusiang> Yuhsien: 沒桌子拿這台有底座電池的 T410 是很辛苦的。
16:12 < CQD> Hardware load balancer 就像吸毒一樣，用了就不想再自己硬幹了 ...
16:13 <@chusiang> softcup: 不只寫 Apps，連寫 Blog 也是。
16:13 < softcup> Tips for ACRA
16:13 < softcup> 早期的版本比較不穩定
16:13 < Derekhsu> 嗯,hardware的load balancer真的可以解決很多問題
16:14 < softcup> Trun off for debugging
16:14 < softcup> Notification + User preference
16:15 < softcup> Detecting release builds
16:16 <@chusiang> 連線數大的可以使用 light-weigth http server 來處理大量的連線問題。
16:16 < Derekhsu> Lhttpd嗎
16:16 < softcup> Online report service
16:16 < softcup> http://www.crittercism.com
16:17 <@chusiang> Derekhsu: 有提到 Node,js
16:17 < softcup> http://www.bugsense.com
16:17 <@chusiang> Derekhsu: 有提到 Node.js
16:17 < Derekhsu> 喔，用node.js當http server
16:18 <@chusiang> Derekhsu: 可以這樣用@@？ 在下是沒研究過 XDD
16:19 < softcup> == Need more testers ==
16:19 < Derekhsu> 可以啊，node.js官網教學範例就有
16:19 < softcup> Samsung Apps
16:19 < softcup> FREE
16:19 < Yuhsien> 我有刻過XD 拿來讀靜態檔
16:19 < softcup> Professional QA with phones & tables
16:19 < Derekhsu> 嗯嗯
16:19 <@chusiang> - 還有呢？ DB Cluster, Message Queue, CDN, DB Sharding, NoSQL, Task Queue, ...
16:19 < softcup> s/tables/tablets
16:19 < softcup> Video feedback
16:20 <@Aminzai> chusiang: expressjs.com/
16:20 <@Aminzai> chusiang: like this
16:20 <@chusiang> - 以上討論到的事情，不一定照順序發生。
16:20 < Derekhsu> CDN像是AKAMAI不便宜啊
16:20 <@chusiang> - 碰到狀況務必先 profile，對症下藥。
16:20 < softcup> == 收費機制 ==
16:20 < softcup> 台灣半殘
16:21 < Derekhsu> 政府全殘，這樣還好啦
16:21 -!- qwe [8c80852e@gateway/web/freenode/ip.140.128.133.46] has joined #mopcon
16:22 < softcup> Google Play service
16:22 < softcup> 兩種模式 In-app
16:22 <@chusiang> 當服務、量還沒有到很大的地步時，還是先以想法為主，有需要時在考慮以上的東西
16:22 < softcup> Subscription
16:23 <@chusiang> 現在是 framework 比語言重要的時代，好好利用 framework 有助於轉換...
16:23 < softcup> == Architecture ==
16:23 < CQD> 請大家不要堅持自己買 Server，愛用 Cloud Service...XDDD
16:24 < Derekhsu> 最近Amazon才出包耶
16:24 < CQD> GAE 昨天晚上...[默]
16:24 < Derekhsu> 還是要有分散風險的計劃
16:24 <@chusiang> 租雲端主機不一定划算 (CDN, Google API .. 服務能用儘量用，在地球到處蓋機房)
16:25 < CQD> 不過 GAE 相對算很穩了...
16:25 < softcup> 測試帳號，用來測試未發佈的 App
16:25 < Derekhsu> 去年Amazon加州機房才被卡車撞進去
16:25 < softcup> 測試後記得要辦退費
16:26 < Derekhsu> 沒有100% SLA的方案
16:26 <@chusiang> ★ 祝福大家可以開發出可以滿足大量資料的服務
16:26 < Derekhsu> 我們每年花一億多維護MAINFREME
16:29 < softcup> == Nice references ==
16:30 < softcup> http://j.mp/androidassetstudio
16:30 -!- qwe [8c80852e@gateway/web/freenode/ip.140.128.133.46] has quit [Quit: Page closed]
16:31 <@chusiang> clear
16:32 -!- BeataLin [~BeataLin@1-173-207-34.dynamic.hinet.net] has quit [Remote host closed the connection]
16:32 -!- funnycat [~chatzilla@114-136-241-39.dynamic.hinet.net] has left #mopcon []
16:32 -!- D-eye [~d-eye2@1-173-207-34.dynamic.hinet.net] has quit [Quit: Lost terminal]
16:33 <@chusiang> MySQL 不適合存 session data，有先天上的限制，可以用 NoSQL 或是其他的技術來實作。
16:33 -!- CQD [~cqd@1-173-207-34.dynamic.hinet.net] has quit [Remote host closed the connection]
16:33 <@chusiang> -end
16:33 -!- Derekhsu [01adcf22@gateway/web/freenode/ip.1.173.207.34] has quit [Ping timeout: 245 seconds]
16:35 -!- chusiang [~jonny@1-173-207-34.dynamic.hinet.net] has quit [Quit: leaving]
16:35 -!- sleepnova [01adcf22@gateway/web/freenode/ip.1.173.207.34] has quit [Quit: Page closed]
16:35 -!- jserv-- [~jserv@1-173-207-34.dynamic.hinet.net] has quit [Ping timeout: 248 seconds]
16:36 -!- softcup [~Thunderbi@1-173-207-34.dynamic.hinet.net] has quit [Ping timeout: 256 seconds]
16:39 -!- Yuhsien [~yuhsienle@1-173-207-34.dynamic.hinet.net] has quit [Ping timeout: 272 seconds]
16:50 -!- rsghost [01adcf22@gateway/web/freenode/ip.1.173.207.34] has quit [Ping timeout: 245 seconds]
16:52 -!- Irvin [~irvin@1.200.0.102] has joined #mopcon
16:54 -!- irvin_ [~irvin@1-173-207-34.dynamic.hinet.net] has quit [Ping timeout: 256 seconds]
16:54 -!- Irvin is now known as irvin_
17:58 -!- Yuhsien [~yuhsienle@42-65-121-220.dynamic-ip.hinet.net] has joined #mopcon
18:09 -!- Yuhsien [~yuhsienle@42-65-121-220.dynamic-ip.hinet.net] has quit [Remote host closed the connection]
18:19 -!- softcup [~softcup@114-35-206-151.HINET-IP.hinet.net] has joined #mopcon
18:20 -!- softcup [~softcup@114-35-206-151.HINET-IP.hinet.net] has quit [Client Quit]
18:25 -!- irvin_ [~irvin@1.200.0.102] has quit [Read error: Connection reset by peer]
18:25 -!- Irvin [~irvin@180.217.32.15] has joined #mopcon
19:55 -!- softcup [~softcup@114-35-206-151.HINET-IP.hinet.net] has joined #mopcon
20:11 -!- softcup [~softcup@114-35-206-151.HINET-IP.hinet.net] has quit [Ping timeout: 240 seconds]
20:37 -!- softcup [~softcup@114-35-206-151.HINET-IP.hinet.net] has joined #mopcon
22:26 -!- ChuSiang_s3 [~ChuSiang_@223-140-11-161.dynamic.hinet.net] has joined #mopcon
22:27 < ChuSiang_s3> 敢謝大家，在下今日玩的很開心!!
22:28 < ChuSiang_s3> 主辦單位辛苦了，相信貴單位總有一日會看到此留言的 :P
22:28 -!- ChuSiang_s3 [~ChuSiang_@223-140-11-161.dynamic.hinet.net] has quit [Client Quit]
23:13 -!- thschee [~thschee@1-172-93-192.dynamic.hinet.net] has joined #mopcon
23:19 -!- Irvin [~irvin@180.217.32.15] has quit [Quit: Irvin]
23:56 -!- thschee [~thschee@1-172-93-192.dynamic.hinet.net] has quit [Remote host closed the connection]
--- Log closed Sun Oct 28 00:00:24 2012
